4-17-2023 19:34:46 - verbose: Arguments:
4-17-2023 19:34:46 - verbose:   /Applications/CocosCreator/Creator/3.7.2/CocosCreator.app/Contents/MacOS/CocosCreator: true
4-17-2023 19:34:46 - verbose:   project: /Users/cce/Desktop/work/DIAO-game/NewProject
4-17-2023 19:34:46 - verbose:   dev: false
4-17-2023 19:34:46 - verbose:   home: /Users/cce/.CocosCreator
4-17-2023 19:34:46 - verbose:  
4-17-2023 19:34:51 - verbose: [Package] menu@1.0.0 enable
4-17-2023 19:34:51 - verbose: [Package] profile@1.0.0 enable
4-17-2023 19:34:51 - verbose: [Package] project@1.0.4 enable
4-17-2023 19:34:51 - verbose: [Package] messages@1.0.0 enable
4-17-2023 19:34:51 - verbose: [Package] program@1.0.3 enable
4-17-2023 19:34:51 - verbose: [Package] tester@1.0.0 enable
4-17-2023 19:34:51 - verbose: [Package] information@1.0.0 enable
4-17-2023 19:34:51 - verbose: [Package] preferences@1.0.0 enable
4-17-2023 19:34:56 - log: Load engine in /Applications/CocosCreator/Creator/3.7.2/CocosCreator.app/Contents/Resources/resources/3d/engine
4-17-2023 19:34:57 - log: Profile changed: engine (modules.includeModules: 2d,animation,audio,base,dragon-bones,gfx-webgl,gfx-webgl2,intersection-2d,light-probe,particle-2d,physics-2d-box2d,profiler,spine,tiled-map,tween,ui,video,websocket,webview)
4-17-2023 19:34:57 - log: Register native engine in /Applications/CocosCreator/Creator/3.7.2/CocosCreator.app/Contents/Resources/resources/3d/engine/native
4-17-2023 19:34:57 - verbose: [Package] engine@1.0.7 enable
4-17-2023 19:34:58 - verbose: [Package] programming@1.0.0 enable
4-17-2023 19:34:58 - verbose: [Package] device@1.0.1 enable
4-17-2023 19:34:58 - verbose: [Package] ui-kit@1.0.1 enable
4-17-2023 19:34:58 - verbose: [Package] asset-db@1.0.0 enable
4-17-2023 19:34:58 - verbose: [Package] scene@1.0.0 enable
4-17-2023 19:34:58 - verbose: [Package] server@1.0.0 enable
4-17-2023 19:34:58 - verbose: [Package] utils@1.0.0 enable
4-17-2023 19:35:09 - verbose: [Package] preview@1.0.1 enable
4-17-2023 19:35:09 - verbose: [Package] animator@1.0.0 enable
4-17-2023 19:35:09 - verbose: [Build-plugin] register pkg scene: 3ms
4-17-2023 19:35:09 - verbose: Builder PluginManager init: 3ms
4-17-2023 19:35:09 - verbose: [Package] builder@1.3.4 enable
4-17-2023 19:35:09 - verbose: [Package] shortcuts@1.0.1 enable
4-17-2023 19:35:09 - verbose: [Package] animation-graph@1.0.0 enable
4-17-2023 19:35:09 - verbose: [Package] about@1.0.0 enable
4-17-2023 19:35:09 - verbose: [Package] assets@1.0.0 enable
4-17-2023 19:35:10 - verbose: [Package] console@1.0.0 enable
4-17-2023 19:35:10 - verbose: [Package] crash-reporter@1.0.0 enable
4-17-2023 19:35:11 - verbose: [Package] extension@3.1.1 enable
4-17-2023 19:35:11 - verbose: [Package] hierarchy@1.0.0 enable
4-17-2023 19:35:11 - verbose: [Package] inspector@1.0.0 enable
4-17-2023 19:35:11 - verbose: [Package] light-probe@1.0.4 enable
4-17-2023 19:35:11 - verbose: [Package] lightmap@1.0.4 enable
4-17-2023 19:35:11 - verbose: [Package] node-library@1.0.1 enable
4-17-2023 19:35:11 - verbose: [Package] package-asset@1.0.1 enable
4-17-2023 19:35:12 - verbose: [Package] cocos-service@3.0.6 enable
4-17-2023 19:35:12 - verbose: [Build-plugin] register pkg cocos-service: 104ms
4-17-2023 19:35:12 - verbose: [Package] process@1.0.0 enable
4-17-2023 19:35:12 - verbose: [Package] reference-image@1.0.0 enable
4-17-2023 19:35:12 - verbose: [Package] reflection-probe@1.0.4 enable
4-17-2023 19:35:12 - verbose: [Package] engine-extends@1.0.0 enable
4-17-2023 19:35:12 - verbose: [Package] alipay-mini-game@1.0.1 enable
4-17-2023 19:35:12 - verbose: [Package] android@1.0.1 enable
4-17-2023 19:35:12 - verbose: [Package] bytedance-mini-game@1.0.2 enable
4-17-2023 19:35:13 - verbose: [Package] certificate@1.0.0 enable
4-17-2023 19:35:13 - verbose: [Package] channel-upload-tools@1.0.0 enable
4-17-2023 19:35:13 - verbose: [Package] fb-instant-games@1.0.0 enable
4-17-2023 19:35:13 - verbose: [Package] huawei-agc@1.0.0 enable
4-17-2023 19:35:13 - verbose: [Package] huawei-quick-game@1.0.1 enable
4-17-2023 19:35:41 - verbose: [Package] ios@1.0.0 enable
4-17-2023 19:35:41 - verbose: [Build-plugin] register pkg android: 28715ms
4-17-2023 19:35:41 - verbose: [Package] linux@1.0.0 enable
4-17-2023 19:35:41 - verbose: [Package] mac@1.0.0 enable
4-17-2023 19:35:41 - verbose: [Package] native@1.0.2 enable
4-17-2023 19:35:41 - verbose: [Build-plugin] register pkg native: 96ms
4-17-2023 19:35:41 - verbose: [Build-plugin] register pkg fb-instant-games: 28896ms
4-17-2023 19:35:41 - verbose: [Build-plugin] register pkg bytedance-mini-game: 29042ms
4-17-2023 19:35:41 - verbose: [Build-plugin] register pkg huawei-agc: 28853ms
4-17-2023 19:35:42 - verbose: [Package] ohos@1.0.0 enable
4-17-2023 19:35:42 - verbose: [Build-plugin] register pkg huawei-quick-game: 28906ms
4-17-2023 19:35:42 - verbose: [Package] open-harmonyos@1.0.0 enable
4-17-2023 19:35:42 - verbose: [Build-plugin] register pkg mac: 501ms
4-17-2023 19:35:42 - verbose: [Package] oppo-mini-game@1.0.1 enable
4-17-2023 19:35:42 - verbose: [Build-plugin] register pkg ios: 597ms
4-17-2023 19:35:42 - verbose: [Package] runtime-dev-tools@1.0.0 enable
4-17-2023 19:35:42 - verbose: [Package] taobao-creative-app@1.0.0 enable
4-17-2023 19:35:42 - verbose: [Build-plugin] register pkg ohos: 116ms
4-17-2023 19:35:42 - verbose: [Package] taobao-mini-game@1.0.0 enable
4-17-2023 19:35:42 - verbose: [Package] vivo-mini-game@1.0.1 enable
4-17-2023 19:35:42 - verbose: [Build-plugin] register pkg oppo-mini-game: 109ms
4-17-2023 19:35:42 - verbose: [Package] web-desktop@1.0.1 enable
4-17-2023 19:35:42 - verbose: [Package] web-mobile@1.0.1 enable
4-17-2023 19:35:42 - verbose: [Build-plugin] register pkg taobao-creative-app: 173ms
4-17-2023 19:35:42 - verbose: [Package] wechatgame@1.0.2 enable
4-17-2023 19:35:42 - verbose: [Package] windows@1.0.1 enable
4-17-2023 19:35:42 - verbose: [Package] xiaomi-quick-game@1.0.1 enable
4-17-2023 19:35:42 - verbose: [Build-plugin] register pkg vivo-mini-game: 271ms
4-17-2023 19:35:42 - verbose: [Build-plugin] register pkg web-desktop: 235ms
4-17-2023 19:35:42 - verbose: [Package] im-plugin@3.0.10 enable
4-17-2023 19:35:42 - verbose: [Build-plugin] register pkg windows: 433ms
4-17-2023 19:35:42 - verbose: [Build-plugin] register pkg wechatgame: 484ms
4-17-2023 19:35:42 - verbose: [Build-plugin] register pkg web-mobile: 545ms
4-17-2023 19:35:42 - verbose: [Package] placeholder@1.0.0 enable
4-17-2023 19:35:42 - verbose: [Build-plugin] register pkg xiaomi-quick-game: 462ms
4-17-2023 19:35:42 - verbose: asset-db is ready!
4-17-2023 19:35:48 - info: [Scene] [Physics][Bullet]: Using asmjs Bullet libs.
4-17-2023 19:35:48 - info: [Scene] [PHYSICS]: using builtin.
4-17-2023 19:35:48 - log: [Scene] Cocos Creator v3.7.2
4-17-2023 19:35:48 - info: [Scene] Forward render pipeline initialized.
4-17-2023 19:35:48 - info: [Scene] [PHYSICS2D]: switch from builtin to box2d.
4-17-2023 19:40:50 - log: [Window] Deprecated as of 10.7.0. highlight(lang, code, ...args) has been deprecated.
4-17-2023 19:40:50 - log: [Window] Deprecated as of 10.7.0. Please use highlight(code, options) instead.
https://github.com/highlightjs/highlight.js/issues/2277
4-17-2023 19:40:50 - warn: 为更好地打开脚本，请在 偏好设置 -> 外部程序 -> 默认脚本编辑器 里配置打开脚本的应用程序
