debug: Mon, 17 Apr 2023 11:35:09 GMT
debug: Project: /Users/cce/Desktop/work/DIAO-game/NewProject
debug: Targets: editor,preview
debug: Incremental file seems great.
debug: Engine path: /Applications/CocosCreator/Creator/3.7.2/CocosCreator.app/Contents/Resources/resources/3d/engine
debug: Initializing target [Editor]
debug: Loading cache
debug: Loading cache costs 2.6978970000054687ms.
debug: Engine features shipped in editor: base,gfx-webgl,gfx-webgl2,gfx-empty,3d,animation,skeletal-animation,2d,ui,particle,particle-2d,physics-framework,physics-2d-framework,intersection-2d,primitive,profiler,occlusion-query,geometry-renderer,debug-renderer,audio,video,xr,light-probe,terrain,webview,tween,tiled-map,spine,dragon-bones,marionette,custom-pipeline,websocket,websocket-server
debug: Our import map(foo:/bar): {
  "imports": {
    "cc": "cce:/internal/x/cc"
  }
}
debug: Initializing target [Preview]
debug: Loading cache
debug: Loading cache costs 2.3008590000099503ms.
debug: Our import map(foo:/bar): {
  "imports": {
    "cc": "cce:/internal/x/cc"
  }
}
debug: Sync engine features: 2d,animation,audio,base,dragon-bones,gfx-webgl,gfx-webgl2,intersection-2d,light-probe,particle-2d,physics-2d-box2d,profiler,spine,tiled-map,tween,ui,video,websocket,webview
debug: Reset databases. Enumerated domains: [
  {
    "root": "db://internal/",
    "physical": "/Applications/CocosCreator/Creator/3.7.2/CocosCreator.app/Contents/Resources/resources/3d/engine/editor/assets"
  },
  {
    "root": "db://assets/",
    "physical": "/Users/cce/Desktop/work/DIAO-game/NewProject/assets"
  }
]
debug: Our import map(foo:/bar): {
  "imports": {
    "cc": "cce:/internal/x/cc",
    "db://internal/": "file:///Applications/CocosCreator/Creator/3.7.2/CocosCreator.app/Contents/Resources/resources/3d/engine/editor/assets/",
    "db://assets/": "file:///Users/cce/Desktop/work/DIAO-game/NewProject/assets/"
  }
}
debug: Our import map(foo:/bar): {
  "imports": {
    "cc": "cce:/internal/x/cc",
    "db://internal/": "file:///Applications/CocosCreator/Creator/3.7.2/CocosCreator.app/Contents/Resources/resources/3d/engine/editor/assets/",
    "db://assets/": "file:///Users/cce/Desktop/work/DIAO-game/NewProject/assets/"
  }
}
debug: Pulling asset-db.
debug: Fetch asset-db cost: 64.80622000002768ms.
debug: Build iteration starts.
Number of accumulated asset changes: 5
Feature changed: false
debug: Target(editor) build started.
debug: Detected change: cce:/internal/x/cc. Last mtime: Thu Jan 01 1970 08:00:14 GMT+0800 (中国标准时间), Current mtime: Thu Jan 01 1970 08:00:11 GMT+0800 (中国标准时间)
debug: Inspect cce:/internal/x/cc
debug: Resolve cce:/internal/x/cc-fu/base from cce:/internal/x/cc as external dependency cce:/internal/x/cc-fu/base.
debug: Resolve cce:/internal/x/cc-fu/gfx-webgl from cce:/internal/x/cc as external dependency cce:/internal/x/cc-fu/gfx-webgl.
debug: Resolve cce:/internal/x/cc-fu/gfx-webgl2 from cce:/internal/x/cc as external dependency cce:/internal/x/cc-fu/gfx-webgl2.
debug: Resolve cce:/internal/x/cc-fu/gfx-empty from cce:/internal/x/cc as external dependency cce:/internal/x/cc-fu/gfx-empty.
debug: Resolve cce:/internal/x/cc-fu/3d from cce:/internal/x/cc as external dependency cce:/internal/x/cc-fu/3d.
debug: Resolve cce:/internal/x/cc-fu/animation from cce:/internal/x/cc as external dependency cce:/internal/x/cc-fu/animation.
debug: Resolve cce:/internal/x/cc-fu/skeletal-animation from cce:/internal/x/cc as external dependency cce:/internal/x/cc-fu/skeletal-animation.
debug: Resolve cce:/internal/x/cc-fu/2d from cce:/internal/x/cc as external dependency cce:/internal/x/cc-fu/2d.
debug: Resolve cce:/internal/x/cc-fu/sorting from cce:/internal/x/cc as external dependency cce:/internal/x/cc-fu/sorting.
debug: Resolve cce:/internal/x/cc-fu/ui from cce:/internal/x/cc as external dependency cce:/internal/x/cc-fu/ui.
debug: Resolve cce:/internal/x/cc-fu/particle from cce:/internal/x/cc as external dependency cce:/internal/x/cc-fu/particle.
debug: Resolve cce:/internal/x/cc-fu/particle-2d from cce:/internal/x/cc as external dependency cce:/internal/x/cc-fu/particle-2d.
debug: Resolve cce:/internal/x/cc-fu/physics-framework from cce:/internal/x/cc as external dependency cce:/internal/x/cc-fu/physics-framework.
debug: Resolve cce:/internal/x/cc-fu/physics-2d-framework from cce:/internal/x/cc as external dependency cce:/internal/x/cc-fu/physics-2d-framework.
debug: Resolve cce:/internal/x/cc-fu/intersection-2d from cce:/internal/x/cc as external dependency cce:/internal/x/cc-fu/intersection-2d.
debug: Resolve cce:/internal/x/cc-fu/primitive from cce:/internal/x/cc as external dependency cce:/internal/x/cc-fu/primitive.
debug: Resolve cce:/internal/x/cc-fu/profiler from cce:/internal/x/cc as external dependency cce:/internal/x/cc-fu/profiler.
debug: Resolve cce:/internal/x/cc-fu/geometry-renderer from cce:/internal/x/cc as external dependency cce:/internal/x/cc-fu/geometry-renderer.
debug: Resolve cce:/internal/x/cc-fu/audio from cce:/internal/x/cc as external dependency cce:/internal/x/cc-fu/audio.
debug: Resolve cce:/internal/x/cc-fu/video from cce:/internal/x/cc as external dependency cce:/internal/x/cc-fu/video.
debug: Resolve cce:/internal/x/cc-fu/xr from cce:/internal/x/cc as external dependency cce:/internal/x/cc-fu/xr.
debug: Resolve cce:/internal/x/cc-fu/light-probe from cce:/internal/x/cc as external dependency cce:/internal/x/cc-fu/light-probe.
debug: Resolve cce:/internal/x/cc-fu/terrain from cce:/internal/x/cc as external dependency cce:/internal/x/cc-fu/terrain.
debug: Resolve cce:/internal/x/cc-fu/webview from cce:/internal/x/cc as external dependency cce:/internal/x/cc-fu/webview.
debug: Resolve cce:/internal/x/cc-fu/tween from cce:/internal/x/cc as external dependency cce:/internal/x/cc-fu/tween.
debug: Resolve cce:/internal/x/cc-fu/tiled-map from cce:/internal/x/cc as external dependency cce:/internal/x/cc-fu/tiled-map.
debug: Resolve cce:/internal/x/cc-fu/spine from cce:/internal/x/cc as external dependency cce:/internal/x/cc-fu/spine.
debug: Resolve cce:/internal/x/cc-fu/dragon-bones from cce:/internal/x/cc as external dependency cce:/internal/x/cc-fu/dragon-bones.
debug: Resolve cce:/internal/x/cc-fu/custom-pipeline from cce:/internal/x/cc as external dependency cce:/internal/x/cc-fu/custom-pipeline.
debug: Detected change: cce:/internal/x/prerequisite-imports. Last mtime: Thu Jan 01 1970 08:00:29 GMT+0800 (中国标准时间), Current mtime: Thu Jan 01 1970 08:00:44 GMT+0800 (中国标准时间)
debug: Inspect cce:/internal/x/prerequisite-imports
debug: Resolve file:///Applications/CocosCreator/Creator/3.7.2/CocosCreator.app/Contents/Resources/resources/3d/engine/editor/assets/tools/debug-view-runtime-control.ts from cce:/internal/x/prerequisite-imports as file:///Applications/CocosCreator/Creator/3.7.2/CocosCreator.app/Contents/Resources/resources/3d/engine/editor/assets/tools/debug-view-runtime-control.ts.
debug: Resolve cc from file:///Applications/CocosCreator/Creator/3.7.2/CocosCreator.app/Contents/Resources/resources/3d/engine/editor/assets/tools/debug-view-runtime-control.ts as cce:/internal/x/cc.
debug: Resolve cc from file:///Applications/CocosCreator/Creator/3.7.2/CocosCreator.app/Contents/Resources/resources/3d/engine/editor/assets/tools/debug-view-runtime-control.ts as cce:/internal/x/cc.
debug: Resolve cc from file:///Applications/CocosCreator/Creator/3.7.2/CocosCreator.app/Contents/Resources/resources/3d/engine/editor/assets/tools/debug-view-runtime-control.ts as cce:/internal/x/cc.
debug: Resolve file:///Users/cce/Desktop/work/DIAO-game/NewProject/assets/Script/init/initButton1.ts from cce:/internal/x/prerequisite-imports as file:///Users/cce/Desktop/work/DIAO-game/NewProject/assets/Script/init/initButton1.ts.
debug: Resolve cc from file:///Users/cce/Desktop/work/DIAO-game/NewProject/assets/Script/init/initButton1.ts as cce:/internal/x/cc.
debug: Resolve cc from file:///Users/cce/Desktop/work/DIAO-game/NewProject/assets/Script/init/initButton1.ts as cce:/internal/x/cc.
debug: Resolve cc from file:///Users/cce/Desktop/work/DIAO-game/NewProject/assets/Script/init/initButton1.ts as cce:/internal/x/cc.
debug: Resolve file:///Users/cce/Desktop/work/DIAO-game/NewProject/assets/Script/init/scenesChange.ts from cce:/internal/x/prerequisite-imports as file:///Users/cce/Desktop/work/DIAO-game/NewProject/assets/Script/init/scenesChange.ts.
debug: Resolve cc from file:///Users/cce/Desktop/work/DIAO-game/NewProject/assets/Script/init/scenesChange.ts as cce:/internal/x/cc.
debug: Resolve cc from file:///Users/cce/Desktop/work/DIAO-game/NewProject/assets/Script/init/scenesChange.ts as cce:/internal/x/cc.
debug: Resolve cc from file:///Users/cce/Desktop/work/DIAO-game/NewProject/assets/Script/init/scenesChange.ts as cce:/internal/x/cc.
debug: Resolve file:///Users/cce/Desktop/work/DIAO-game/NewProject/assets/Script/main/bgTransForm.ts from cce:/internal/x/prerequisite-imports as file:///Users/cce/Desktop/work/DIAO-game/NewProject/assets/Script/main/bgTransForm.ts.
debug: Resolve cc from file:///Users/cce/Desktop/work/DIAO-game/NewProject/assets/Script/main/bgTransForm.ts as cce:/internal/x/cc.
debug: Resolve cc from file:///Users/cce/Desktop/work/DIAO-game/NewProject/assets/Script/main/bgTransForm.ts as cce:/internal/x/cc.
debug: Resolve cc from file:///Users/cce/Desktop/work/DIAO-game/NewProject/assets/Script/main/bgTransForm.ts as cce:/internal/x/cc.
debug: Resolve file:///Users/cce/Desktop/work/DIAO-game/NewProject/assets/Script/main/mainButton1.ts from cce:/internal/x/prerequisite-imports as file:///Users/cce/Desktop/work/DIAO-game/NewProject/assets/Script/main/mainButton1.ts.
debug: Resolve cc from file:///Users/cce/Desktop/work/DIAO-game/NewProject/assets/Script/main/mainButton1.ts as cce:/internal/x/cc.
debug: Resolve cc from file:///Users/cce/Desktop/work/DIAO-game/NewProject/assets/Script/main/mainButton1.ts as cce:/internal/x/cc.
debug: Resolve cc from file:///Users/cce/Desktop/work/DIAO-game/NewProject/assets/Script/main/mainButton1.ts as cce:/internal/x/cc.
debug: Target(editor) ends with cost 125.61169000001973ms.
debug: Target(preview) build started.
debug: Detected change: cce:/internal/x/cc. Last mtime: Thu Jan 01 1970 08:00:14 GMT+0800 (中国标准时间), Current mtime: Thu Jan 01 1970 08:00:11 GMT+0800 (中国标准时间)
debug: Inspect cce:/internal/x/cc
debug: Resolve cce:/internal/x/cc-fu/2d from cce:/internal/x/cc as external dependency cce:/internal/x/cc-fu/2d.
debug: Resolve cce:/internal/x/cc-fu/sorting from cce:/internal/x/cc as external dependency cce:/internal/x/cc-fu/sorting.
debug: Resolve cce:/internal/x/cc-fu/animation from cce:/internal/x/cc as external dependency cce:/internal/x/cc-fu/animation.
debug: Resolve cce:/internal/x/cc-fu/audio from cce:/internal/x/cc as external dependency cce:/internal/x/cc-fu/audio.
debug: Resolve cce:/internal/x/cc-fu/base from cce:/internal/x/cc as external dependency cce:/internal/x/cc-fu/base.
debug: Resolve cce:/internal/x/cc-fu/dragon-bones from cce:/internal/x/cc as external dependency cce:/internal/x/cc-fu/dragon-bones.
debug: Resolve cce:/internal/x/cc-fu/gfx-webgl from cce:/internal/x/cc as external dependency cce:/internal/x/cc-fu/gfx-webgl.
debug: Resolve cce:/internal/x/cc-fu/gfx-webgl2 from cce:/internal/x/cc as external dependency cce:/internal/x/cc-fu/gfx-webgl2.
debug: Resolve cce:/internal/x/cc-fu/intersection-2d from cce:/internal/x/cc as external dependency cce:/internal/x/cc-fu/intersection-2d.
debug: Resolve cce:/internal/x/cc-fu/light-probe from cce:/internal/x/cc as external dependency cce:/internal/x/cc-fu/light-probe.
debug: Resolve cce:/internal/x/cc-fu/particle-2d from cce:/internal/x/cc as external dependency cce:/internal/x/cc-fu/particle-2d.
debug: Resolve cce:/internal/x/cc-fu/physics-2d-box2d from cce:/internal/x/cc as external dependency cce:/internal/x/cc-fu/physics-2d-box2d.
debug: Resolve cce:/internal/x/cc-fu/physics-2d-framework from cce:/internal/x/cc as external dependency cce:/internal/x/cc-fu/physics-2d-framework.
debug: Resolve cce:/internal/x/cc-fu/profiler from cce:/internal/x/cc as external dependency cce:/internal/x/cc-fu/profiler.
debug: Resolve cce:/internal/x/cc-fu/spine from cce:/internal/x/cc as external dependency cce:/internal/x/cc-fu/spine.
debug: Resolve cce:/internal/x/cc-fu/tiled-map from cce:/internal/x/cc as external dependency cce:/internal/x/cc-fu/tiled-map.
debug: Resolve cce:/internal/x/cc-fu/tween from cce:/internal/x/cc as external dependency cce:/internal/x/cc-fu/tween.
debug: Resolve cce:/internal/x/cc-fu/ui from cce:/internal/x/cc as external dependency cce:/internal/x/cc-fu/ui.
debug: Resolve cce:/internal/x/cc-fu/video from cce:/internal/x/cc as external dependency cce:/internal/x/cc-fu/video.
debug: Resolve cce:/internal/x/cc-fu/webview from cce:/internal/x/cc as external dependency cce:/internal/x/cc-fu/webview.
debug: Detected change: cce:/internal/x/prerequisite-imports. Last mtime: Thu Jan 01 1970 08:00:29 GMT+0800 (中国标准时间), Current mtime: Thu Jan 01 1970 08:00:45 GMT+0800 (中国标准时间)
debug: Inspect cce:/internal/x/prerequisite-imports
debug: Resolve file:///Applications/CocosCreator/Creator/3.7.2/CocosCreator.app/Contents/Resources/resources/3d/engine/editor/assets/tools/debug-view-runtime-control.ts from cce:/internal/x/prerequisite-imports as file:///Applications/CocosCreator/Creator/3.7.2/CocosCreator.app/Contents/Resources/resources/3d/engine/editor/assets/tools/debug-view-runtime-control.ts.
debug: Resolve cc from file:///Applications/CocosCreator/Creator/3.7.2/CocosCreator.app/Contents/Resources/resources/3d/engine/editor/assets/tools/debug-view-runtime-control.ts as cce:/internal/x/cc.
debug: Resolve cc from file:///Applications/CocosCreator/Creator/3.7.2/CocosCreator.app/Contents/Resources/resources/3d/engine/editor/assets/tools/debug-view-runtime-control.ts as cce:/internal/x/cc.
debug: Resolve cc from file:///Applications/CocosCreator/Creator/3.7.2/CocosCreator.app/Contents/Resources/resources/3d/engine/editor/assets/tools/debug-view-runtime-control.ts as cce:/internal/x/cc.
debug: Resolve file:///Users/cce/Desktop/work/DIAO-game/NewProject/assets/Script/init/initButton1.ts from cce:/internal/x/prerequisite-imports as file:///Users/cce/Desktop/work/DIAO-game/NewProject/assets/Script/init/initButton1.ts.
debug: Resolve cc from file:///Users/cce/Desktop/work/DIAO-game/NewProject/assets/Script/init/initButton1.ts as cce:/internal/x/cc.
debug: Resolve cc from file:///Users/cce/Desktop/work/DIAO-game/NewProject/assets/Script/init/initButton1.ts as cce:/internal/x/cc.
debug: Resolve cc from file:///Users/cce/Desktop/work/DIAO-game/NewProject/assets/Script/init/initButton1.ts as cce:/internal/x/cc.
debug: Resolve file:///Users/cce/Desktop/work/DIAO-game/NewProject/assets/Script/init/scenesChange.ts from cce:/internal/x/prerequisite-imports as file:///Users/cce/Desktop/work/DIAO-game/NewProject/assets/Script/init/scenesChange.ts.
debug: Resolve cc from file:///Users/cce/Desktop/work/DIAO-game/NewProject/assets/Script/init/scenesChange.ts as cce:/internal/x/cc.
debug: Resolve cc from file:///Users/cce/Desktop/work/DIAO-game/NewProject/assets/Script/init/scenesChange.ts as cce:/internal/x/cc.
debug: Resolve cc from file:///Users/cce/Desktop/work/DIAO-game/NewProject/assets/Script/init/scenesChange.ts as cce:/internal/x/cc.
debug: Resolve file:///Users/cce/Desktop/work/DIAO-game/NewProject/assets/Script/main/bgTransForm.ts from cce:/internal/x/prerequisite-imports as file:///Users/cce/Desktop/work/DIAO-game/NewProject/assets/Script/main/bgTransForm.ts.
debug: Resolve cc from file:///Users/cce/Desktop/work/DIAO-game/NewProject/assets/Script/main/bgTransForm.ts as cce:/internal/x/cc.
debug: Resolve cc from file:///Users/cce/Desktop/work/DIAO-game/NewProject/assets/Script/main/bgTransForm.ts as cce:/internal/x/cc.
debug: Resolve cc from file:///Users/cce/Desktop/work/DIAO-game/NewProject/assets/Script/main/bgTransForm.ts as cce:/internal/x/cc.
debug: Resolve file:///Users/cce/Desktop/work/DIAO-game/NewProject/assets/Script/main/mainButton1.ts from cce:/internal/x/prerequisite-imports as file:///Users/cce/Desktop/work/DIAO-game/NewProject/assets/Script/main/mainButton1.ts.
debug: Resolve cc from file:///Users/cce/Desktop/work/DIAO-game/NewProject/assets/Script/main/mainButton1.ts as cce:/internal/x/cc.
debug: Resolve cc from file:///Users/cce/Desktop/work/DIAO-game/NewProject/assets/Script/main/mainButton1.ts as cce:/internal/x/cc.
debug: Resolve cc from file:///Users/cce/Desktop/work/DIAO-game/NewProject/assets/Script/main/mainButton1.ts as cce:/internal/x/cc.
debug: Target(preview) ends with cost 93.45620300000883ms.
debug: Pulling asset-db.
debug: Fetch asset-db cost: 3130.0953139999765ms.
debug: Build iteration starts.
Number of accumulated asset changes: 5
Feature changed: false
debug: Target(editor) build started.
debug: Detected change: cce:/internal/x/prerequisite-imports. Last mtime: Thu Jan 01 1970 08:00:44 GMT+0800 (中国标准时间), Current mtime: Thu Jan 01 1970 08:00:48 GMT+0800 (中国标准时间)
debug: Inspect cce:/internal/x/prerequisite-imports
debug: Resolve file:///Applications/CocosCreator/Creator/3.7.2/CocosCreator.app/Contents/Resources/resources/3d/engine/editor/assets/tools/debug-view-runtime-control.ts from cce:/internal/x/prerequisite-imports as file:///Applications/CocosCreator/Creator/3.7.2/CocosCreator.app/Contents/Resources/resources/3d/engine/editor/assets/tools/debug-view-runtime-control.ts.
debug: Resolve file:///Users/cce/Desktop/work/DIAO-game/NewProject/assets/Script/init/initButton1.ts from cce:/internal/x/prerequisite-imports as file:///Users/cce/Desktop/work/DIAO-game/NewProject/assets/Script/init/initButton1.ts.
debug: Resolve file:///Users/cce/Desktop/work/DIAO-game/NewProject/assets/Script/init/scenesChange.ts from cce:/internal/x/prerequisite-imports as file:///Users/cce/Desktop/work/DIAO-game/NewProject/assets/Script/init/scenesChange.ts.
debug: Resolve file:///Users/cce/Desktop/work/DIAO-game/NewProject/assets/Script/main/bgTransForm.ts from cce:/internal/x/prerequisite-imports as file:///Users/cce/Desktop/work/DIAO-game/NewProject/assets/Script/main/bgTransForm.ts.
debug: Resolve file:///Users/cce/Desktop/work/DIAO-game/NewProject/assets/Script/main/mainButton1.ts from cce:/internal/x/prerequisite-imports as file:///Users/cce/Desktop/work/DIAO-game/NewProject/assets/Script/main/mainButton1.ts.
debug: Target(editor) ends with cost 42.53173399998923ms.
debug: Target(preview) build started.
debug: Detected change: cce:/internal/x/prerequisite-imports. Last mtime: Thu Jan 01 1970 08:00:45 GMT+0800 (中国标准时间), Current mtime: Thu Jan 01 1970 08:00:48 GMT+0800 (中国标准时间)
debug: Inspect cce:/internal/x/prerequisite-imports
debug: Resolve file:///Applications/CocosCreator/Creator/3.7.2/CocosCreator.app/Contents/Resources/resources/3d/engine/editor/assets/tools/debug-view-runtime-control.ts from cce:/internal/x/prerequisite-imports as file:///Applications/CocosCreator/Creator/3.7.2/CocosCreator.app/Contents/Resources/resources/3d/engine/editor/assets/tools/debug-view-runtime-control.ts.
debug: Resolve file:///Users/cce/Desktop/work/DIAO-game/NewProject/assets/Script/init/initButton1.ts from cce:/internal/x/prerequisite-imports as file:///Users/cce/Desktop/work/DIAO-game/NewProject/assets/Script/init/initButton1.ts.
debug: Resolve file:///Users/cce/Desktop/work/DIAO-game/NewProject/assets/Script/init/scenesChange.ts from cce:/internal/x/prerequisite-imports as file:///Users/cce/Desktop/work/DIAO-game/NewProject/assets/Script/init/scenesChange.ts.
debug: Resolve file:///Users/cce/Desktop/work/DIAO-game/NewProject/assets/Script/main/bgTransForm.ts from cce:/internal/x/prerequisite-imports as file:///Users/cce/Desktop/work/DIAO-game/NewProject/assets/Script/main/bgTransForm.ts.
debug: Resolve file:///Users/cce/Desktop/work/DIAO-game/NewProject/assets/Script/main/mainButton1.ts from cce:/internal/x/prerequisite-imports as file:///Users/cce/Desktop/work/DIAO-game/NewProject/assets/Script/main/mainButton1.ts.
debug: Target(preview) ends with cost 37.48589800001355ms.
debug: Dispatch build request for time accumulated 1 asset changes.
debug: Build iteration starts.
Number of accumulated asset changes: 1
Feature changed: false
debug: Target(editor) build started.
debug: Detected change: cce:/internal/x/prerequisite-imports. Last mtime: Thu Jan 01 1970 08:00:48 GMT+0800 (中国标准时间), Current mtime: Thu Jan 01 1970 08:06:44 GMT+0800 (中国标准时间)
debug: Inspect cce:/internal/x/prerequisite-imports
debug: Resolve file:///Applications/CocosCreator/Creator/3.7.2/CocosCreator.app/Contents/Resources/resources/3d/engine/editor/assets/tools/debug-view-runtime-control.ts from cce:/internal/x/prerequisite-imports as file:///Applications/CocosCreator/Creator/3.7.2/CocosCreator.app/Contents/Resources/resources/3d/engine/editor/assets/tools/debug-view-runtime-control.ts.
debug: Resolve file:///Users/cce/Desktop/work/DIAO-game/NewProject/assets/Script/init/initButton1.ts from cce:/internal/x/prerequisite-imports as file:///Users/cce/Desktop/work/DIAO-game/NewProject/assets/Script/init/initButton1.ts.
debug: Resolve file:///Users/cce/Desktop/work/DIAO-game/NewProject/assets/Script/init/scenesChange.ts from cce:/internal/x/prerequisite-imports as file:///Users/cce/Desktop/work/DIAO-game/NewProject/assets/Script/init/scenesChange.ts.
debug: Detected change: file:///Users/cce/Desktop/work/DIAO-game/NewProject/assets/Script/init/scenesChange.ts. Last mtime: Mon Apr 17 2023 14:53:00 GMT+0800 (中国标准时间)@4dc92e13-eb86-410d-a31d-249d08fe6262, Current mtime: Mon Apr 17 2023 19:41:39 GMT+0800 (中国标准时间)@4dc92e13-eb86-410d-a31d-249d08fe6262
debug: Inspect file:///Users/cce/Desktop/work/DIAO-game/NewProject/assets/Script/init/scenesChange.ts
debug: Resolve cc from file:///Users/cce/Desktop/work/DIAO-game/NewProject/assets/Script/init/scenesChange.ts as cce:/internal/x/cc.
debug: Resolve cc from file:///Users/cce/Desktop/work/DIAO-game/NewProject/assets/Script/init/scenesChange.ts as cce:/internal/x/cc.
debug: Resolve cc from file:///Users/cce/Desktop/work/DIAO-game/NewProject/assets/Script/init/scenesChange.ts as cce:/internal/x/cc.
debug: Resolve file:///Users/cce/Desktop/work/DIAO-game/NewProject/assets/Script/main/bgTransForm.ts from cce:/internal/x/prerequisite-imports as file:///Users/cce/Desktop/work/DIAO-game/NewProject/assets/Script/main/bgTransForm.ts.
debug: Resolve file:///Users/cce/Desktop/work/DIAO-game/NewProject/assets/Script/main/mainButton1.ts from cce:/internal/x/prerequisite-imports as file:///Users/cce/Desktop/work/DIAO-game/NewProject/assets/Script/main/mainButton1.ts.
debug: Target(editor) ends with cost 83.83895000000484ms.
debug: Target(preview) build started.
debug: Detected change: cce:/internal/x/prerequisite-imports. Last mtime: Thu Jan 01 1970 08:00:48 GMT+0800 (中国标准时间), Current mtime: Thu Jan 01 1970 08:06:44 GMT+0800 (中国标准时间)
debug: Inspect cce:/internal/x/prerequisite-imports
debug: Resolve file:///Applications/CocosCreator/Creator/3.7.2/CocosCreator.app/Contents/Resources/resources/3d/engine/editor/assets/tools/debug-view-runtime-control.ts from cce:/internal/x/prerequisite-imports as file:///Applications/CocosCreator/Creator/3.7.2/CocosCreator.app/Contents/Resources/resources/3d/engine/editor/assets/tools/debug-view-runtime-control.ts.
debug: Resolve file:///Users/cce/Desktop/work/DIAO-game/NewProject/assets/Script/init/initButton1.ts from cce:/internal/x/prerequisite-imports as file:///Users/cce/Desktop/work/DIAO-game/NewProject/assets/Script/init/initButton1.ts.
debug: Resolve file:///Users/cce/Desktop/work/DIAO-game/NewProject/assets/Script/init/scenesChange.ts from cce:/internal/x/prerequisite-imports as file:///Users/cce/Desktop/work/DIAO-game/NewProject/assets/Script/init/scenesChange.ts.
debug: Detected change: file:///Users/cce/Desktop/work/DIAO-game/NewProject/assets/Script/init/scenesChange.ts. Last mtime: Mon Apr 17 2023 14:53:00 GMT+0800 (中国标准时间)@4dc92e13-eb86-410d-a31d-249d08fe6262, Current mtime: Mon Apr 17 2023 19:41:39 GMT+0800 (中国标准时间)@4dc92e13-eb86-410d-a31d-249d08fe6262
debug: Inspect file:///Users/cce/Desktop/work/DIAO-game/NewProject/assets/Script/init/scenesChange.ts
debug: Resolve cc from file:///Users/cce/Desktop/work/DIAO-game/NewProject/assets/Script/init/scenesChange.ts as cce:/internal/x/cc.
debug: Resolve cc from file:///Users/cce/Desktop/work/DIAO-game/NewProject/assets/Script/init/scenesChange.ts as cce:/internal/x/cc.
debug: Resolve cc from file:///Users/cce/Desktop/work/DIAO-game/NewProject/assets/Script/init/scenesChange.ts as cce:/internal/x/cc.
debug: Resolve file:///Users/cce/Desktop/work/DIAO-game/NewProject/assets/Script/main/bgTransForm.ts from cce:/internal/x/prerequisite-imports as file:///Users/cce/Desktop/work/DIAO-game/NewProject/assets/Script/main/bgTransForm.ts.
debug: Resolve file:///Users/cce/Desktop/work/DIAO-game/NewProject/assets/Script/main/mainButton1.ts from cce:/internal/x/prerequisite-imports as file:///Users/cce/Desktop/work/DIAO-game/NewProject/assets/Script/main/mainButton1.ts.
debug: Target(preview) ends with cost 85.72407100000419ms.
debug: Dispatch build request for time accumulated 1 asset changes.
debug: Build iteration starts.
Number of accumulated asset changes: 1
Feature changed: false
debug: Target(editor) build started.
debug: Detected change: cce:/internal/x/prerequisite-imports. Last mtime: Thu Jan 01 1970 08:06:44 GMT+0800 (中国标准时间), Current mtime: Thu Jan 01 1970 08:07:58 GMT+0800 (中国标准时间)
debug: Inspect cce:/internal/x/prerequisite-imports
debug: Resolve file:///Applications/CocosCreator/Creator/3.7.2/CocosCreator.app/Contents/Resources/resources/3d/engine/editor/assets/tools/debug-view-runtime-control.ts from cce:/internal/x/prerequisite-imports as file:///Applications/CocosCreator/Creator/3.7.2/CocosCreator.app/Contents/Resources/resources/3d/engine/editor/assets/tools/debug-view-runtime-control.ts.
debug: Resolve file:///Users/cce/Desktop/work/DIAO-game/NewProject/assets/Script/init/initButton1.ts from cce:/internal/x/prerequisite-imports as file:///Users/cce/Desktop/work/DIAO-game/NewProject/assets/Script/init/initButton1.ts.
debug: Resolve file:///Users/cce/Desktop/work/DIAO-game/NewProject/assets/Script/init/scenesChange.ts from cce:/internal/x/prerequisite-imports as file:///Users/cce/Desktop/work/DIAO-game/NewProject/assets/Script/init/scenesChange.ts.
debug: Detected change: file:///Users/cce/Desktop/work/DIAO-game/NewProject/assets/Script/init/scenesChange.ts. Last mtime: Mon Apr 17 2023 19:41:39 GMT+0800 (中国标准时间)@4dc92e13-eb86-410d-a31d-249d08fe6262, Current mtime: Mon Apr 17 2023 19:42:54 GMT+0800 (中国标准时间)@4dc92e13-eb86-410d-a31d-249d08fe6262
debug: Inspect file:///Users/cce/Desktop/work/DIAO-game/NewProject/assets/Script/init/scenesChange.ts
debug: Resolve cc from file:///Users/cce/Desktop/work/DIAO-game/NewProject/assets/Script/init/scenesChange.ts as cce:/internal/x/cc.
debug: Resolve cc from file:///Users/cce/Desktop/work/DIAO-game/NewProject/assets/Script/init/scenesChange.ts as cce:/internal/x/cc.
debug: Resolve cc from file:///Users/cce/Desktop/work/DIAO-game/NewProject/assets/Script/init/scenesChange.ts as cce:/internal/x/cc.
debug: Resolve file:///Users/cce/Desktop/work/DIAO-game/NewProject/assets/Script/main/bgTransForm.ts from cce:/internal/x/prerequisite-imports as file:///Users/cce/Desktop/work/DIAO-game/NewProject/assets/Script/main/bgTransForm.ts.
debug: Resolve file:///Users/cce/Desktop/work/DIAO-game/NewProject/assets/Script/main/mainButton1.ts from cce:/internal/x/prerequisite-imports as file:///Users/cce/Desktop/work/DIAO-game/NewProject/assets/Script/main/mainButton1.ts.
debug: Target(editor) ends with cost 89.9899190000724ms.
debug: Target(preview) build started.
debug: Detected change: cce:/internal/x/prerequisite-imports. Last mtime: Thu Jan 01 1970 08:06:44 GMT+0800 (中国标准时间), Current mtime: Thu Jan 01 1970 08:07:59 GMT+0800 (中国标准时间)
debug: Inspect cce:/internal/x/prerequisite-imports
debug: Resolve file:///Applications/CocosCreator/Creator/3.7.2/CocosCreator.app/Contents/Resources/resources/3d/engine/editor/assets/tools/debug-view-runtime-control.ts from cce:/internal/x/prerequisite-imports as file:///Applications/CocosCreator/Creator/3.7.2/CocosCreator.app/Contents/Resources/resources/3d/engine/editor/assets/tools/debug-view-runtime-control.ts.
debug: Resolve file:///Users/cce/Desktop/work/DIAO-game/NewProject/assets/Script/init/initButton1.ts from cce:/internal/x/prerequisite-imports as file:///Users/cce/Desktop/work/DIAO-game/NewProject/assets/Script/init/initButton1.ts.
debug: Resolve file:///Users/cce/Desktop/work/DIAO-game/NewProject/assets/Script/init/scenesChange.ts from cce:/internal/x/prerequisite-imports as file:///Users/cce/Desktop/work/DIAO-game/NewProject/assets/Script/init/scenesChange.ts.
debug: Detected change: file:///Users/cce/Desktop/work/DIAO-game/NewProject/assets/Script/init/scenesChange.ts. Last mtime: Mon Apr 17 2023 19:41:39 GMT+0800 (中国标准时间)@4dc92e13-eb86-410d-a31d-249d08fe6262, Current mtime: Mon Apr 17 2023 19:42:54 GMT+0800 (中国标准时间)@4dc92e13-eb86-410d-a31d-249d08fe6262
debug: Inspect file:///Users/cce/Desktop/work/DIAO-game/NewProject/assets/Script/init/scenesChange.ts
debug: Resolve cc from file:///Users/cce/Desktop/work/DIAO-game/NewProject/assets/Script/init/scenesChange.ts as cce:/internal/x/cc.
debug: Resolve cc from file:///Users/cce/Desktop/work/DIAO-game/NewProject/assets/Script/init/scenesChange.ts as cce:/internal/x/cc.
debug: Resolve cc from file:///Users/cce/Desktop/work/DIAO-game/NewProject/assets/Script/init/scenesChange.ts as cce:/internal/x/cc.
debug: Resolve file:///Users/cce/Desktop/work/DIAO-game/NewProject/assets/Script/main/bgTransForm.ts from cce:/internal/x/prerequisite-imports as file:///Users/cce/Desktop/work/DIAO-game/NewProject/assets/Script/main/bgTransForm.ts.
debug: Resolve file:///Users/cce/Desktop/work/DIAO-game/NewProject/assets/Script/main/mainButton1.ts from cce:/internal/x/prerequisite-imports as file:///Users/cce/Desktop/work/DIAO-game/NewProject/assets/Script/main/mainButton1.ts.
debug: Target(preview) ends with cost 72.86943699989934ms.
debug: Dispatch build request for time accumulated 1 asset changes.
debug: Build iteration starts.
Number of accumulated asset changes: 1
Feature changed: false
debug: Target(editor) build started.
debug: Detected change: cce:/internal/x/prerequisite-imports. Last mtime: Thu Jan 01 1970 08:07:58 GMT+0800 (中国标准时间), Current mtime: Thu Jan 01 1970 08:09:05 GMT+0800 (中国标准时间)
debug: Inspect cce:/internal/x/prerequisite-imports
debug: Resolve file:///Applications/CocosCreator/Creator/3.7.2/CocosCreator.app/Contents/Resources/resources/3d/engine/editor/assets/tools/debug-view-runtime-control.ts from cce:/internal/x/prerequisite-imports as file:///Applications/CocosCreator/Creator/3.7.2/CocosCreator.app/Contents/Resources/resources/3d/engine/editor/assets/tools/debug-view-runtime-control.ts.
debug: Resolve file:///Users/cce/Desktop/work/DIAO-game/NewProject/assets/Script/init/initButton1.ts from cce:/internal/x/prerequisite-imports as file:///Users/cce/Desktop/work/DIAO-game/NewProject/assets/Script/init/initButton1.ts.
debug: Resolve file:///Users/cce/Desktop/work/DIAO-game/NewProject/assets/Script/init/scenesChange.ts from cce:/internal/x/prerequisite-imports as file:///Users/cce/Desktop/work/DIAO-game/NewProject/assets/Script/init/scenesChange.ts.
debug: Detected change: file:///Users/cce/Desktop/work/DIAO-game/NewProject/assets/Script/init/scenesChange.ts. Last mtime: Mon Apr 17 2023 19:42:54 GMT+0800 (中国标准时间)@4dc92e13-eb86-410d-a31d-249d08fe6262, Current mtime: Mon Apr 17 2023 19:44:01 GMT+0800 (中国标准时间)@4dc92e13-eb86-410d-a31d-249d08fe6262
debug: Inspect file:///Users/cce/Desktop/work/DIAO-game/NewProject/assets/Script/init/scenesChange.ts
debug: Resolve cc from file:///Users/cce/Desktop/work/DIAO-game/NewProject/assets/Script/init/scenesChange.ts as cce:/internal/x/cc.
debug: Resolve cc from file:///Users/cce/Desktop/work/DIAO-game/NewProject/assets/Script/init/scenesChange.ts as cce:/internal/x/cc.
debug: Resolve cc from file:///Users/cce/Desktop/work/DIAO-game/NewProject/assets/Script/init/scenesChange.ts as cce:/internal/x/cc.
debug: Resolve file:///Users/cce/Desktop/work/DIAO-game/NewProject/assets/Script/main/bgTransForm.ts from cce:/internal/x/prerequisite-imports as file:///Users/cce/Desktop/work/DIAO-game/NewProject/assets/Script/main/bgTransForm.ts.
debug: Resolve file:///Users/cce/Desktop/work/DIAO-game/NewProject/assets/Script/main/mainButton1.ts from cce:/internal/x/prerequisite-imports as file:///Users/cce/Desktop/work/DIAO-game/NewProject/assets/Script/main/mainButton1.ts.
debug: Target(editor) ends with cost 47.649578000069596ms.
debug: Target(preview) build started.
debug: Detected change: cce:/internal/x/prerequisite-imports. Last mtime: Thu Jan 01 1970 08:07:59 GMT+0800 (中国标准时间), Current mtime: Thu Jan 01 1970 08:09:05 GMT+0800 (中国标准时间)
debug: Inspect cce:/internal/x/prerequisite-imports
debug: Resolve file:///Applications/CocosCreator/Creator/3.7.2/CocosCreator.app/Contents/Resources/resources/3d/engine/editor/assets/tools/debug-view-runtime-control.ts from cce:/internal/x/prerequisite-imports as file:///Applications/CocosCreator/Creator/3.7.2/CocosCreator.app/Contents/Resources/resources/3d/engine/editor/assets/tools/debug-view-runtime-control.ts.
debug: Resolve file:///Users/cce/Desktop/work/DIAO-game/NewProject/assets/Script/init/initButton1.ts from cce:/internal/x/prerequisite-imports as file:///Users/cce/Desktop/work/DIAO-game/NewProject/assets/Script/init/initButton1.ts.
debug: Resolve file:///Users/cce/Desktop/work/DIAO-game/NewProject/assets/Script/init/scenesChange.ts from cce:/internal/x/prerequisite-imports as file:///Users/cce/Desktop/work/DIAO-game/NewProject/assets/Script/init/scenesChange.ts.
debug: Detected change: file:///Users/cce/Desktop/work/DIAO-game/NewProject/assets/Script/init/scenesChange.ts. Last mtime: Mon Apr 17 2023 19:42:54 GMT+0800 (中国标准时间)@4dc92e13-eb86-410d-a31d-249d08fe6262, Current mtime: Mon Apr 17 2023 19:44:01 GMT+0800 (中国标准时间)@4dc92e13-eb86-410d-a31d-249d08fe6262
debug: Inspect file:///Users/cce/Desktop/work/DIAO-game/NewProject/assets/Script/init/scenesChange.ts
debug: Resolve cc from file:///Users/cce/Desktop/work/DIAO-game/NewProject/assets/Script/init/scenesChange.ts as cce:/internal/x/cc.
debug: Resolve cc from file:///Users/cce/Desktop/work/DIAO-game/NewProject/assets/Script/init/scenesChange.ts as cce:/internal/x/cc.
debug: Resolve cc from file:///Users/cce/Desktop/work/DIAO-game/NewProject/assets/Script/init/scenesChange.ts as cce:/internal/x/cc.
debug: Resolve file:///Users/cce/Desktop/work/DIAO-game/NewProject/assets/Script/main/bgTransForm.ts from cce:/internal/x/prerequisite-imports as file:///Users/cce/Desktop/work/DIAO-game/NewProject/assets/Script/main/bgTransForm.ts.
debug: Resolve file:///Users/cce/Desktop/work/DIAO-game/NewProject/assets/Script/main/mainButton1.ts from cce:/internal/x/prerequisite-imports as file:///Users/cce/Desktop/work/DIAO-game/NewProject/assets/Script/main/mainButton1.ts.
debug: Target(preview) ends with cost 68.5996270000469ms.
debug: Dispatch build request for time accumulated 1 asset changes.
debug: Build iteration starts.
Number of accumulated asset changes: 1
Feature changed: false
debug: Target(editor) build started.
debug: Detected change: cce:/internal/x/prerequisite-imports. Last mtime: Thu Jan 01 1970 08:09:05 GMT+0800 (中国标准时间), Current mtime: Thu Jan 01 1970 08:10:32 GMT+0800 (中国标准时间)
debug: Inspect cce:/internal/x/prerequisite-imports
debug: Resolve file:///Applications/CocosCreator/Creator/3.7.2/CocosCreator.app/Contents/Resources/resources/3d/engine/editor/assets/tools/debug-view-runtime-control.ts from cce:/internal/x/prerequisite-imports as file:///Applications/CocosCreator/Creator/3.7.2/CocosCreator.app/Contents/Resources/resources/3d/engine/editor/assets/tools/debug-view-runtime-control.ts.
debug: Resolve file:///Users/cce/Desktop/work/DIAO-game/NewProject/assets/Script/init/initButton1.ts from cce:/internal/x/prerequisite-imports as file:///Users/cce/Desktop/work/DIAO-game/NewProject/assets/Script/init/initButton1.ts.
debug: Resolve file:///Users/cce/Desktop/work/DIAO-game/NewProject/assets/Script/init/scenesChange.ts from cce:/internal/x/prerequisite-imports as file:///Users/cce/Desktop/work/DIAO-game/NewProject/assets/Script/init/scenesChange.ts.
debug: Detected change: file:///Users/cce/Desktop/work/DIAO-game/NewProject/assets/Script/init/scenesChange.ts. Last mtime: Mon Apr 17 2023 19:44:01 GMT+0800 (中国标准时间)@4dc92e13-eb86-410d-a31d-249d08fe6262, Current mtime: Mon Apr 17 2023 19:45:28 GMT+0800 (中国标准时间)@4dc92e13-eb86-410d-a31d-249d08fe6262
debug: Inspect file:///Users/cce/Desktop/work/DIAO-game/NewProject/assets/Script/init/scenesChange.ts
debug: Resolve cc from file:///Users/cce/Desktop/work/DIAO-game/NewProject/assets/Script/init/scenesChange.ts as cce:/internal/x/cc.
debug: Resolve cc from file:///Users/cce/Desktop/work/DIAO-game/NewProject/assets/Script/init/scenesChange.ts as cce:/internal/x/cc.
debug: Resolve cc from file:///Users/cce/Desktop/work/DIAO-game/NewProject/assets/Script/init/scenesChange.ts as cce:/internal/x/cc.
debug: Resolve file:///Users/cce/Desktop/work/DIAO-game/NewProject/assets/Script/main/bgTransForm.ts from cce:/internal/x/prerequisite-imports as file:///Users/cce/Desktop/work/DIAO-game/NewProject/assets/Script/main/bgTransForm.ts.
debug: Resolve file:///Users/cce/Desktop/work/DIAO-game/NewProject/assets/Script/main/mainButton1.ts from cce:/internal/x/prerequisite-imports as file:///Users/cce/Desktop/work/DIAO-game/NewProject/assets/Script/main/mainButton1.ts.
debug: Target(editor) ends with cost 46.70253099990077ms.
debug: Target(preview) build started.
debug: Detected change: cce:/internal/x/prerequisite-imports. Last mtime: Thu Jan 01 1970 08:09:05 GMT+0800 (中国标准时间), Current mtime: Thu Jan 01 1970 08:10:32 GMT+0800 (中国标准时间)
debug: Inspect cce:/internal/x/prerequisite-imports
debug: Resolve file:///Applications/CocosCreator/Creator/3.7.2/CocosCreator.app/Contents/Resources/resources/3d/engine/editor/assets/tools/debug-view-runtime-control.ts from cce:/internal/x/prerequisite-imports as file:///Applications/CocosCreator/Creator/3.7.2/CocosCreator.app/Contents/Resources/resources/3d/engine/editor/assets/tools/debug-view-runtime-control.ts.
debug: Resolve file:///Users/cce/Desktop/work/DIAO-game/NewProject/assets/Script/init/initButton1.ts from cce:/internal/x/prerequisite-imports as file:///Users/cce/Desktop/work/DIAO-game/NewProject/assets/Script/init/initButton1.ts.
debug: Resolve file:///Users/cce/Desktop/work/DIAO-game/NewProject/assets/Script/init/scenesChange.ts from cce:/internal/x/prerequisite-imports as file:///Users/cce/Desktop/work/DIAO-game/NewProject/assets/Script/init/scenesChange.ts.
debug: Detected change: file:///Users/cce/Desktop/work/DIAO-game/NewProject/assets/Script/init/scenesChange.ts. Last mtime: Mon Apr 17 2023 19:44:01 GMT+0800 (中国标准时间)@4dc92e13-eb86-410d-a31d-249d08fe6262, Current mtime: Mon Apr 17 2023 19:45:28 GMT+0800 (中国标准时间)@4dc92e13-eb86-410d-a31d-249d08fe6262
debug: Inspect file:///Users/cce/Desktop/work/DIAO-game/NewProject/assets/Script/init/scenesChange.ts
debug: Resolve cc from file:///Users/cce/Desktop/work/DIAO-game/NewProject/assets/Script/init/scenesChange.ts as cce:/internal/x/cc.
debug: Resolve cc from file:///Users/cce/Desktop/work/DIAO-game/NewProject/assets/Script/init/scenesChange.ts as cce:/internal/x/cc.
debug: Resolve cc from file:///Users/cce/Desktop/work/DIAO-game/NewProject/assets/Script/init/scenesChange.ts as cce:/internal/x/cc.
debug: Resolve file:///Users/cce/Desktop/work/DIAO-game/NewProject/assets/Script/main/bgTransForm.ts from cce:/internal/x/prerequisite-imports as file:///Users/cce/Desktop/work/DIAO-game/NewProject/assets/Script/main/bgTransForm.ts.
debug: Resolve file:///Users/cce/Desktop/work/DIAO-game/NewProject/assets/Script/main/mainButton1.ts from cce:/internal/x/prerequisite-imports as file:///Users/cce/Desktop/work/DIAO-game/NewProject/assets/Script/main/mainButton1.ts.
debug: Target(preview) ends with cost 51.779272000072524ms.
