2023-4-17 12:31:17-debug: asset-db:worker-init (1962ms)
2023-4-17 12:31:18-debug: Preimport db internal success
2023-4-17 12:31:18-debug: Preimport db assets success
2023-4-17 12:31:19-debug: asset-db:worker-effect-data-processing (271ms)
2023-4-17 12:31:55-debug: Set detail map pack:///resolution-detail-map.json: {}
2023-4-17 12:31:55-debug: Start up the 'internal' database...
2023-4-17 12:31:55-debug: asset-db:worker-init-script (7ms)
2023-4-17 12:31:55-debug: start asset-db with asset: 409
2023-4-17 12:31:55-debug: Start up the 'assets' database...
2023-4-17 12:31:55-debug: start asset-db with asset: 14
2023-4-17 12:31:56-debug: asset-db:worker-startup-database[internal] (37069ms)
2023-4-17 12:31:56-debug: asset-db:worker-startup-database[assets] (36938ms)
2023-4-17 12:31:56-debug: Asset DB is ready!
2023-4-17 12:31:56-debug: init worker message success
2023-4-17 12:32:00-debug: builder:worker-init (4102ms)
2023-4-17 12:32:01-debug: refresh db internal success
2023-4-17 12:32:01-debug: asset-db:worker-effect-data-processing (256ms)
2023-4-17 12:32:01-debug: refresh db assets success
2023-4-17 12:32:01-debug: asset-db:refresh-all-database (331ms)
2023-4-17 12:32:03-debug: programming:execute-script (3ms)
2023-4-17 12:43:29-debug: refresh db internal success
2023-4-17 12:43:29-debug: asset-db:worker-effect-data-processing (221ms)
2023-4-17 12:43:29-debug: refresh db assets success
2023-4-17 12:43:29-debug: asset-db:refresh-all-database (277ms)
2023-4-17 12:46:37-debug: refresh db internal success
2023-4-17 12:46:37-debug: asset-db:worker-effect-data-processing (164ms)
2023-4-17 12:46:37-debug: refresh db assets success
2023-4-17 12:46:37-debug: asset-db:refresh-all-database (219ms)
2023-4-17 12:46:51-debug: refresh db internal success
2023-4-17 12:46:51-debug: asset-db:worker-effect-data-processing (208ms)
2023-4-17 12:46:51-debug: refresh db assets success
2023-4-17 12:46:51-debug: asset-db:refresh-all-database (250ms)
2023-4-17 12:47:12-debug: refresh db internal success
2023-4-17 12:47:12-debug: asset-db:worker-effect-data-processing (198ms)
2023-4-17 12:47:12-debug: refresh db assets success
2023-4-17 12:47:12-debug: asset-db:refresh-all-database (246ms)
2023-4-17 12:47:41-debug: refresh db internal success
2023-4-17 12:47:41-debug: asset-db:worker-effect-data-processing (147ms)
2023-4-17 12:47:41-debug: refresh db assets success
2023-4-17 12:47:41-debug: asset-db:refresh-all-database (187ms)
2023-4-17 12:49:50-debug: refresh db internal success
2023-4-17 12:49:51-debug: asset-db:worker-effect-data-processing (199ms)
2023-4-17 12:49:51-debug: refresh db assets success
2023-4-17 12:49:51-debug: asset-db:refresh-all-database (240ms)
2023-4-17 12:50:08-debug: refresh db internal success
2023-4-17 12:50:08-debug: asset-db:worker-effect-data-processing (187ms)
2023-4-17 12:50:08-debug: refresh db assets success
2023-4-17 12:50:08-debug: asset-db:refresh-all-database (229ms)
2023-4-17 12:50:42-debug: refresh db internal success
2023-4-17 12:50:43-debug: asset-db:worker-effect-data-processing (191ms)
2023-4-17 12:50:43-debug: refresh db assets success
2023-4-17 12:50:43-debug: asset-db:refresh-all-database (227ms)
2023-4-17 14:03:37-debug: refresh db internal success
2023-4-17 14:03:37-debug: asset-db:worker-effect-data-processing (209ms)
2023-4-17 14:03:37-debug: refresh db assets success
2023-4-17 14:03:37-debug: asset-db:refresh-all-database (262ms)
2023-4-17 14:34:11-debug: refresh db internal success
2023-4-17 14:34:11-debug: asset-db:worker-effect-data-processing (214ms)
2023-4-17 14:34:11-debug: refresh db assets success
2023-4-17 14:34:11-debug: asset-db:refresh-all-database (270ms)
2023-4-17 14:37:38-debug: refresh db internal success
2023-4-17 14:37:38-debug: asset-db:worker-effect-data-processing (189ms)
2023-4-17 14:37:38-debug: refresh db assets success
2023-4-17 14:37:38-debug: asset-db:refresh-all-database (231ms)
2023-4-17 14:38:49-debug: refresh db internal success
2023-4-17 14:38:49-debug: asset-db:worker-effect-data-processing (210ms)
2023-4-17 14:38:49-debug: %cImport%c: /Users/cce/Desktop/work/DIAO-game/NewProject/assets/Script/init/scenesChange.tsbackground: #aaff85; color: #000;color: #000;
2023-4-17 14:38:49-debug: refresh db assets success
2023-4-17 14:38:49-debug: asset-db:refresh-all-database (255ms)
2023-4-17 14:38:52-debug: Query all assets info in project
2023-4-17 14:38:52-debug: init custom config: keepNodeUuid: false, useCache: true
2023-4-17 14:38:52-debug: BuildAssetLibrary query-assets with assets 446
2023-4-17 14:38:52-debug:   Number of all scenes: 2
2023-4-17 14:38:52-debug:   Number of all scripts: 5
2023-4-17 14:38:52-debug:   Number of other assets: 300
2023-4-17 14:38:52-debug: 查询 Asset Bundle start0%
2023-4-17 14:38:52-debug: // ---- build task 查询 Asset Bundle ----
2023-4-17 14:38:52-debug: Process: heapTotal 221.69MB heapUsed 194.14MB rss 294.43MB
2023-4-17 14:38:52-debug: // ---- build task 查询 Asset Bundle ---- (12ms)
2023-4-17 14:38:52-debug: Process: heapTotal 221.69MB heapUsed 195.61MB rss 294.49MB
2023-4-17 14:38:52-debug: init bundle assets
2023-4-17 14:38:52-debug: // ---- build task 查询使用的资源以及资源包配置 ----
2023-4-17 14:38:52-debug: run build task 查询 Asset Bundle success in 12 ms √3%
2023-4-17 14:38:52-debug: 查询使用的资源以及资源包配置 start3%
2023-4-17 14:38:52-debug: Query preload assets from cc.config.json: 60f7195c-ec2a-45eb-ba94-8955f60e81d0,1c02ae6f-4492-4915-b8f8-7492a3b1e4cd,810e96e4-e456-4468-9b59-f4e8f39732c0,efe8e2a3-eace-427b-b4f1-cb8a937ec77d,e9aa9a3e-5b2b-4ac7-a2c7-073de2b2b24f,8bbdbcdd-5cd4-4100-b6d5-b7c9625b6107,50f4348b-c883-4e2f-8f11-ce233b859fa1,fda095cb-831d-4601-ad94-846013963de8,f92806d7-1768-443f-afe8-12bcde84d0f0,dd3a144d-ab7f-41f0-82b8-2e43a090d496,f0416e68-0200-4b77-a926-4f9d16e494da,ff9be190-20a4-4e48-b68c-76e3c7cff085,970b0598-bcb0-4714-91fb-2e81440dccd8,bcd64cc6-2dd9-43f6-abbe-66318d332032,d930590d-bb92-4cc8-8bd1-23cd027f9edf,a3cd009f-0ab0-420d-9278-b9fdab939bbc,9361fd90-ba52-4f84-aa93-6e878fd576ca,c27215d8-6835-4b68-bfbb-bdeac6100c04,b5d6115f-0370-4d7c-aad3-c194cc71cf98,871c3b6c-7379-419d-bda3-794b239ab90d
2023-4-17 14:38:52-debug: Number of scenes: 2
2023-4-17 14:38:52-debug: // ---- build task 查询使用的资源以及资源包配置 ---- (3ms)
2023-4-17 14:38:52-debug: run build task 查询使用的资源以及资源包配置 success in 3 ms √7%
2023-4-17 14:38:52-debug: 整理脚本分组与脚本数据 start7%
2023-4-17 14:38:52-debug: // ---- build task 整理脚本分组与脚本数据 ----
2023-4-17 14:38:52-debug: Process: heapTotal 221.69MB heapUsed 195.73MB rss 294.53MB
2023-4-17 14:38:52-debug: sort script group...
2023-4-17 14:38:52-debug: // ---- build task 整理脚本分组与脚本数据 ---- (1ms)
2023-4-17 14:38:52-debug: // ---- build task 初始化 settings.json 与 config.json ----
2023-4-17 14:38:52-debug: 初始化 settings.json 与 config.json start10%
2023-4-17 14:38:52-debug: Process: heapTotal 221.69MB heapUsed 195.76MB rss 294.54MB
2023-4-17 14:38:52-debug: run build task 整理脚本分组与脚本数据 success in 1 ms √10%
2023-4-17 14:38:52-debug: // ---- build task 初始化 settings.json 与 config.json ---- (1ms)
2023-4-17 14:38:52-debug: run build task 初始化 settings.json 与 config.json success in 1 ms √11%
2023-4-17 14:38:52-debug: builder.tasks.settings.macro 字段未在编辑器多语言内定义
2023-4-17 14:38:52-debug: builder.tasks.settings.macro start11%
2023-4-17 14:38:52-debug: // ---- build task builder.tasks.settings.macro ----
2023-4-17 14:38:52-debug: Process: heapTotal 221.69MB heapUsed 195.79MB rss 294.68MB
2023-4-17 14:38:52-debug: // ---- build task builder.tasks.settings.macro ---- (2ms)
2023-4-17 14:38:52-debug: // ---- build task 整理部分构建选项内数据到 settings.json ----
2023-4-17 14:38:52-debug: 整理部分构建选项内数据到 settings.json start11%
2023-4-17 14:38:52-debug: Process: heapTotal 221.69MB heapUsed 195.81MB rss 295.13MB
2023-4-17 14:38:52-debug: run build task builder.tasks.settings.macro success in 2 ms √11%
2023-4-17 14:38:52-debug: // ---- build task 整理部分构建选项内数据到 settings.json ---- (180ms)
2023-4-17 14:38:52-debug: // ---- build task custom joint texture layouts ----
2023-4-17 14:38:52-debug: custom joint texture layouts start12%
2023-4-17 14:38:52-debug: Process: heapTotal 221.69MB heapUsed 195.93MB rss 295.18MB
2023-4-17 14:38:52-debug: run build task 整理部分构建选项内数据到 settings.json success in 180 ms √12%
2023-4-17 14:38:52-debug: // ---- build task custom joint texture layouts ---- (2ms)
2023-4-17 14:38:52-debug: run build task custom joint texture layouts success in 2 ms √12%
2023-4-17 14:38:52-debug: custom joint physics start12%
2023-4-17 14:38:52-debug: Process: heapTotal 221.69MB heapUsed 195.95MB rss 295.18MB
2023-4-17 14:38:52-debug: // ---- build task custom joint physics ----
2023-4-17 14:38:52-debug: // ---- build task custom joint physics ---- (1ms)
2023-4-17 14:38:52-debug: 填充脚本数据到 settings.json start13%
2023-4-17 14:38:52-debug: run build task custom joint physics success in 1 ms √13%
2023-4-17 14:38:52-debug: // ---- build task 填充脚本数据到 settings.json ----
2023-4-17 14:38:52-debug: Process: heapTotal 221.69MB heapUsed 195.97MB rss 295.19MB
2023-4-17 14:38:52-debug: // ---- build task 填充脚本数据到 settings.json ---- (1ms)
2023-4-17 14:38:52-debug: run build task 填充脚本数据到 settings.json success in 1 ms √13%
2023-4-17 14:38:52-debug: 填充场景数据到 settings.json start13%
2023-4-17 14:38:52-debug: // ---- build task 填充场景数据到 settings.json ----
2023-4-17 14:38:52-debug: Process: heapTotal 221.69MB heapUsed 196.00MB rss 295.20MB
2023-4-17 14:38:52-debug: // ---- build task 填充场景数据到 settings.json ---- (1ms)
2023-4-17 14:38:52-debug: run build task 填充场景数据到 settings.json success in 1 ms √14%
2023-4-17 14:38:52-debug: 整理资源分组，生成 packedAssets 以及 rawAssets 数据 start14%
2023-4-17 14:38:52-debug: // ---- build task 整理资源分组，生成 packedAssets 以及 rawAssets 数据 ----
2023-4-17 14:38:52-debug: Process: heapTotal 221.69MB heapUsed 196.01MB rss 295.20MB
2023-4-17 14:38:52-debug: // ---- build task 整理资源分组，生成 packedAssets 以及 rawAssets 数据 ---- (1ms)
2023-4-17 14:38:52-debug: 从 suffixMap 生成 md5AssetsMap 到 settings.json start14%
2023-4-17 14:38:52-debug: // ---- build task 从 suffixMap 生成 md5AssetsMap 到 settings.json ----
2023-4-17 14:38:52-debug: Process: heapTotal 221.69MB heapUsed 196.04MB rss 295.21MB
2023-4-17 14:38:52-debug: options.md5Cache is false.
2023-4-17 14:38:52-debug: run build task 整理资源分组，生成 packedAssets 以及 rawAssets 数据 success in 1 ms √14%
2023-4-17 14:38:52-debug: // ---- build task 从 suffixMap 生成 md5AssetsMap 到 settings.json ---- (1ms)
2023-4-17 14:38:52-debug: run build task 从 suffixMap 生成 md5AssetsMap 到 settings.json success in 1 ms √15%
2023-4-17 14:38:59-debug: refresh db internal success
2023-4-17 14:38:59-debug: asset-db:worker-effect-data-processing (146ms)
2023-4-17 14:38:59-debug: refresh db assets success
2023-4-17 14:38:59-debug: asset-db:refresh-all-database (189ms)
2023-4-17 14:52:35-debug: refresh db internal success
2023-4-17 14:52:35-debug: asset-db:worker-effect-data-processing (205ms)
2023-4-17 14:52:35-debug: refresh db assets success
2023-4-17 14:52:35-debug: asset-db:refresh-all-database (262ms)
2023-4-17 14:53:01-debug: refresh db internal success
2023-4-17 14:53:01-debug: asset-db:worker-effect-data-processing (151ms)
2023-4-17 14:53:01-debug: %cImport%c: /Users/cce/Desktop/work/DIAO-game/NewProject/assets/Script/init/scenesChange.tsbackground: #aaff85; color: #000;color: #000;
2023-4-17 14:53:01-debug: refresh db assets success
2023-4-17 14:53:01-debug: asset-db:refresh-all-database (192ms)
2023-4-17 14:53:05-debug: Query all assets info in project
2023-4-17 14:53:05-debug: BuildAssetLibrary query-assets with assets 446
2023-4-17 14:53:05-debug: init custom config: keepNodeUuid: false, useCache: true
2023-4-17 14:53:05-debug:   Number of all scenes: 2
2023-4-17 14:53:05-debug:   Number of all scripts: 5
2023-4-17 14:53:05-debug:   Number of other assets: 300
2023-4-17 14:53:05-debug: 查询 Asset Bundle start0%
2023-4-17 14:53:05-debug: // ---- build task 查询 Asset Bundle ----
2023-4-17 14:53:05-debug: Process: heapTotal 226.00MB heapUsed 207.42MB rss 300.61MB
2023-4-17 14:53:05-debug: // ---- build task 查询 Asset Bundle ---- (11ms)
2023-4-17 14:53:05-debug: Process: heapTotal 233.25MB heapUsed 204.94MB rss 300.61MB
2023-4-17 14:53:05-debug: init bundle assets
2023-4-17 14:53:05-debug: run build task 查询 Asset Bundle success in 11 ms √3%
2023-4-17 14:53:05-debug: 查询使用的资源以及资源包配置 start3%
2023-4-17 14:53:05-debug: // ---- build task 查询使用的资源以及资源包配置 ----
2023-4-17 14:53:05-debug: Query preload assets from cc.config.json: 60f7195c-ec2a-45eb-ba94-8955f60e81d0,1c02ae6f-4492-4915-b8f8-7492a3b1e4cd,810e96e4-e456-4468-9b59-f4e8f39732c0,efe8e2a3-eace-427b-b4f1-cb8a937ec77d,e9aa9a3e-5b2b-4ac7-a2c7-073de2b2b24f,8bbdbcdd-5cd4-4100-b6d5-b7c9625b6107,50f4348b-c883-4e2f-8f11-ce233b859fa1,fda095cb-831d-4601-ad94-846013963de8,f92806d7-1768-443f-afe8-12bcde84d0f0,dd3a144d-ab7f-41f0-82b8-2e43a090d496,f0416e68-0200-4b77-a926-4f9d16e494da,ff9be190-20a4-4e48-b68c-76e3c7cff085,970b0598-bcb0-4714-91fb-2e81440dccd8,bcd64cc6-2dd9-43f6-abbe-66318d332032,d930590d-bb92-4cc8-8bd1-23cd027f9edf,a3cd009f-0ab0-420d-9278-b9fdab939bbc,9361fd90-ba52-4f84-aa93-6e878fd576ca,c27215d8-6835-4b68-bfbb-bdeac6100c04,b5d6115f-0370-4d7c-aad3-c194cc71cf98,871c3b6c-7379-419d-bda3-794b239ab90d
2023-4-17 14:53:05-debug: Number of scenes: 2
2023-4-17 14:53:05-debug: // ---- build task 查询使用的资源以及资源包配置 ---- (25ms)
2023-4-17 14:53:05-debug: run build task 查询使用的资源以及资源包配置 success in 25 ms √7%
2023-4-17 14:53:05-debug: 整理脚本分组与脚本数据 start7%
2023-4-17 14:53:05-debug: // ---- build task 整理脚本分组与脚本数据 ----
2023-4-17 14:53:05-debug: Process: heapTotal 233.25MB heapUsed 205.07MB rss 300.63MB
2023-4-17 14:53:05-debug: sort script group...
2023-4-17 14:53:05-debug: // ---- build task 整理脚本分组与脚本数据 ---- (1ms)
2023-4-17 14:53:05-debug: // ---- build task 初始化 settings.json 与 config.json ----
2023-4-17 14:53:05-debug: run build task 整理脚本分组与脚本数据 success in 1 ms √10%
2023-4-17 14:53:05-debug: 初始化 settings.json 与 config.json start10%
2023-4-17 14:53:05-debug: Process: heapTotal 233.25MB heapUsed 205.10MB rss 300.63MB
2023-4-17 14:53:05-debug: // ---- build task 初始化 settings.json 与 config.json ---- (1ms)
2023-4-17 14:53:05-debug: run build task 初始化 settings.json 与 config.json success in 1 ms √11%
2023-4-17 14:53:05-debug: builder.tasks.settings.macro 字段未在编辑器多语言内定义
2023-4-17 14:53:05-debug: builder.tasks.settings.macro start11%
2023-4-17 14:53:05-debug: // ---- build task builder.tasks.settings.macro ----
2023-4-17 14:53:05-debug: Process: heapTotal 233.25MB heapUsed 205.13MB rss 300.64MB
2023-4-17 14:53:05-debug: // ---- build task builder.tasks.settings.macro ---- (5ms)
2023-4-17 14:53:05-debug: Process: heapTotal 233.25MB heapUsed 205.15MB rss 300.66MB
2023-4-17 14:53:05-debug: 整理部分构建选项内数据到 settings.json start11%
2023-4-17 14:53:05-debug: // ---- build task 整理部分构建选项内数据到 settings.json ----
2023-4-17 14:53:05-debug: run build task builder.tasks.settings.macro success in 5 ms √11%
2023-4-17 14:53:05-debug: // ---- build task 整理部分构建选项内数据到 settings.json ---- (6ms)
2023-4-17 14:53:05-debug: Process: heapTotal 233.25MB heapUsed 205.21MB rss 300.67MB
2023-4-17 14:53:05-debug: custom joint texture layouts start12%
2023-4-17 14:53:05-debug: // ---- build task custom joint texture layouts ----
2023-4-17 14:53:05-debug: run build task 整理部分构建选项内数据到 settings.json success in 6 ms √12%
2023-4-17 14:53:05-debug: // ---- build task custom joint texture layouts ---- (4ms)
2023-4-17 14:53:05-debug: run build task custom joint texture layouts success in 4 ms √12%
2023-4-17 14:53:05-debug: custom joint physics start12%
2023-4-17 14:53:05-debug: // ---- build task custom joint physics ----
2023-4-17 14:53:05-debug: Process: heapTotal 233.25MB heapUsed 205.23MB rss 300.67MB
2023-4-17 14:53:05-debug: // ---- build task custom joint physics ---- (1ms)
2023-4-17 14:53:05-debug: // ---- build task 填充脚本数据到 settings.json ----
2023-4-17 14:53:05-debug: run build task custom joint physics success in 1 ms √13%
2023-4-17 14:53:05-debug: Process: heapTotal 233.25MB heapUsed 205.26MB rss 300.68MB
2023-4-17 14:53:05-debug: 填充脚本数据到 settings.json start13%
2023-4-17 14:53:05-debug: // ---- build task 填充脚本数据到 settings.json ---- (1ms)
2023-4-17 14:53:05-debug: Process: heapTotal 233.25MB heapUsed 205.28MB rss 300.68MB
2023-4-17 14:53:05-debug: run build task 填充脚本数据到 settings.json success in 1 ms √13%
2023-4-17 14:53:05-debug: 填充场景数据到 settings.json start13%
2023-4-17 14:53:05-debug: // ---- build task 填充场景数据到 settings.json ----
2023-4-17 14:53:05-debug: run build task 填充场景数据到 settings.json success in 0 ms √14%
2023-4-17 14:53:05-debug: Process: heapTotal 233.25MB heapUsed 205.29MB rss 300.70MB
2023-4-17 14:53:05-debug: // ---- build task 整理资源分组，生成 packedAssets 以及 rawAssets 数据 ----
2023-4-17 14:53:05-debug: 整理资源分组，生成 packedAssets 以及 rawAssets 数据 start14%
2023-4-17 14:53:05-debug: run build task 整理资源分组，生成 packedAssets 以及 rawAssets 数据 success in 0 ms √14%
2023-4-17 14:53:05-debug: Process: heapTotal 233.25MB heapUsed 205.32MB rss 300.70MB
2023-4-17 14:53:05-debug: 从 suffixMap 生成 md5AssetsMap 到 settings.json start14%
2023-4-17 14:53:05-debug: options.md5Cache is false.
2023-4-17 14:53:05-debug: // ---- build task 从 suffixMap 生成 md5AssetsMap 到 settings.json ----
2023-4-17 14:53:05-debug: run build task 从 suffixMap 生成 md5AssetsMap 到 settings.json success in 0 ms √15%
2023-4-17 14:53:37-debug: refresh db internal success
2023-4-17 14:53:37-debug: asset-db:worker-effect-data-processing (156ms)
2023-4-17 14:53:37-debug: refresh db assets success
2023-4-17 14:53:37-debug: asset-db:refresh-all-database (198ms)
2023-4-17 14:53:43-debug: refresh db internal success
2023-4-17 14:53:43-debug: asset-db:worker-effect-data-processing (191ms)
2023-4-17 14:53:43-debug: refresh db assets success
2023-4-17 14:53:43-debug: asset-db:refresh-all-database (229ms)
2023-4-17 14:53:52-debug: refresh db internal success
2023-4-17 14:53:52-debug: asset-db:worker-effect-data-processing (139ms)
2023-4-17 14:53:52-debug: refresh db assets success
2023-4-17 14:53:52-debug: asset-db:refresh-all-database (179ms)
2023-4-17 14:54:07-debug: refresh db internal success
2023-4-17 14:54:07-debug: asset-db:worker-effect-data-processing (148ms)
2023-4-17 14:54:07-debug: refresh db assets success
2023-4-17 14:54:07-debug: asset-db:refresh-all-database (186ms)
2023-4-17 15:06:33-debug: refresh db internal success
