2023-4-17 19:35:04-debug: asset-db:worker-init (2043ms)
2023-4-17 19:35:04-debug: Preimport db internal success
2023-4-17 19:35:04-debug: Preimport db assets success
2023-4-17 19:35:04-debug: asset-db:worker-effect-data-processing (265ms)
2023-4-17 19:35:42-debug: Set detail map pack:///resolution-detail-map.json: {}
2023-4-17 19:35:42-debug: Start up the 'internal' database...
2023-4-17 19:35:42-debug: asset-db:worker-init-script (5ms)
2023-4-17 19:35:42-debug: start asset-db with asset: 409
2023-4-17 19:35:42-debug: Start up the 'assets' database...
2023-4-17 19:35:42-debug: start asset-db with asset: 14
2023-4-17 19:35:42-debug: asset-db:worker-startup-database[internal] (38146ms)
2023-4-17 19:35:42-debug: asset-db:worker-startup-database[assets] (37977ms)
2023-4-17 19:35:42-debug: Asset DB is ready!
2023-4-17 19:35:42-debug: init worker message success
2023-4-17 19:35:46-debug: builder:worker-init (3074ms)
2023-4-17 19:35:48-debug: programming:execute-script (4ms)
2023-4-17 19:36:29-debug: Query all assets info in project
2023-4-17 19:36:29-debug: BuildAssetLibrary query-assets with assets 446
2023-4-17 19:36:29-debug:   Number of other assets: 300
2023-4-17 19:36:29-debug: 查询 Asset Bundle start0%
2023-4-17 19:36:29-debug: // ---- build task 查询 Asset Bundle ----
2023-4-17 19:36:29-debug: Process: heapTotal 199.84MB heapUsed 189.45MB rss 660.71MB
2023-4-17 19:36:29-debug: init custom config: keepNodeUuid: false, useCache: true
2023-4-17 19:36:29-debug:   Number of all scripts: 5
2023-4-17 19:36:29-debug:   Number of all scenes: 2
2023-4-17 19:36:29-debug: // ---- build task 查询 Asset Bundle ---- (12ms)
2023-4-17 19:36:29-debug: Process: heapTotal 199.84MB heapUsed 189.55MB rss 660.71MB
2023-4-17 19:36:29-debug: init bundle assets
2023-4-17 19:36:29-debug: // ---- build task 查询使用的资源以及资源包配置 ----
2023-4-17 19:36:29-debug: run build task 查询 Asset Bundle success in 12 ms √3%
2023-4-17 19:36:29-debug: 查询使用的资源以及资源包配置 start3%
2023-4-17 19:36:29-debug: Query preload assets from cc.config.json: 60f7195c-ec2a-45eb-ba94-8955f60e81d0,1c02ae6f-4492-4915-b8f8-7492a3b1e4cd,810e96e4-e456-4468-9b59-f4e8f39732c0,efe8e2a3-eace-427b-b4f1-cb8a937ec77d,e9aa9a3e-5b2b-4ac7-a2c7-073de2b2b24f,8bbdbcdd-5cd4-4100-b6d5-b7c9625b6107,50f4348b-c883-4e2f-8f11-ce233b859fa1,fda095cb-831d-4601-ad94-846013963de8,f92806d7-1768-443f-afe8-12bcde84d0f0,dd3a144d-ab7f-41f0-82b8-2e43a090d496,f0416e68-0200-4b77-a926-4f9d16e494da,ff9be190-20a4-4e48-b68c-76e3c7cff085,970b0598-bcb0-4714-91fb-2e81440dccd8,bcd64cc6-2dd9-43f6-abbe-66318d332032,d930590d-bb92-4cc8-8bd1-23cd027f9edf,a3cd009f-0ab0-420d-9278-b9fdab939bbc,9361fd90-ba52-4f84-aa93-6e878fd576ca,c27215d8-6835-4b68-bfbb-bdeac6100c04,b5d6115f-0370-4d7c-aad3-c194cc71cf98,871c3b6c-7379-419d-bda3-794b239ab90d
2023-4-17 19:36:29-debug: Number of scenes: 2
2023-4-17 19:36:29-debug: run build task 查询使用的资源以及资源包配置 success in 2 ms √7%
2023-4-17 19:36:29-debug: Process: heapTotal 199.84MB heapUsed 189.68MB rss 660.72MB
2023-4-17 19:36:29-debug: sort script group...
2023-4-17 19:36:29-debug: // ---- build task 整理脚本分组与脚本数据 ----
2023-4-17 19:36:29-debug: // ---- build task 查询使用的资源以及资源包配置 ---- (2ms)
2023-4-17 19:36:29-debug: 整理脚本分组与脚本数据 start7%
2023-4-17 19:36:29-debug: // ---- build task 整理脚本分组与脚本数据 ---- (1ms)
2023-4-17 19:36:29-debug: Process: heapTotal 199.84MB heapUsed 189.71MB rss 660.73MB
2023-4-17 19:36:29-debug: 初始化 settings.json 与 config.json start10%
2023-4-17 19:36:29-debug: // ---- build task 初始化 settings.json 与 config.json ----
2023-4-17 19:36:29-debug: run build task 整理脚本分组与脚本数据 success in 1 ms √10%
2023-4-17 19:36:29-debug: run build task 初始化 settings.json 与 config.json success in 0 ms √11%
2023-4-17 19:36:29-debug: builder.tasks.settings.macro 字段未在编辑器多语言内定义
2023-4-17 19:36:29-debug: // ---- build task builder.tasks.settings.macro ----
2023-4-17 19:36:29-debug: Process: heapTotal 199.84MB heapUsed 189.75MB rss 660.74MB
2023-4-17 19:36:29-debug: builder.tasks.settings.macro start11%
2023-4-17 19:36:29-debug: // ---- build task builder.tasks.settings.macro ---- (2ms)
2023-4-17 19:36:29-debug: Process: heapTotal 199.84MB heapUsed 189.77MB rss 660.75MB
2023-4-17 19:36:29-debug: run build task builder.tasks.settings.macro success in 2 ms √11%
2023-4-17 19:36:29-debug: // ---- build task 整理部分构建选项内数据到 settings.json ----
2023-4-17 19:36:29-debug: 整理部分构建选项内数据到 settings.json start11%
2023-4-17 19:36:29-debug: // ---- build task 整理部分构建选项内数据到 settings.json ---- (149ms)
2023-4-17 19:36:29-debug: Process: heapTotal 199.84MB heapUsed 190.18MB rss 660.76MB
2023-4-17 19:36:29-debug: run build task 整理部分构建选项内数据到 settings.json success in 149 ms √12%
2023-4-17 19:36:29-debug: // ---- build task custom joint texture layouts ----
2023-4-17 19:36:29-debug: custom joint texture layouts start12%
2023-4-17 19:36:29-debug: // ---- build task custom joint texture layouts ---- (1ms)
2023-4-17 19:36:29-debug: Process: heapTotal 199.84MB heapUsed 190.20MB rss 660.77MB
2023-4-17 19:36:29-debug: custom joint physics start12%
2023-4-17 19:36:29-debug: // ---- build task custom joint physics ----
2023-4-17 19:36:29-debug: run build task custom joint texture layouts success in 1 ms √12%
2023-4-17 19:36:29-debug: // ---- build task custom joint physics ---- (1ms)
2023-4-17 19:36:29-debug: Process: heapTotal 199.84MB heapUsed 190.22MB rss 660.78MB
2023-4-17 19:36:29-debug: 填充脚本数据到 settings.json start13%
2023-4-17 19:36:29-debug: // ---- build task 填充脚本数据到 settings.json ----
2023-4-17 19:36:29-debug: run build task custom joint physics success in 1 ms √13%
2023-4-17 19:36:29-debug: run build task 填充脚本数据到 settings.json success in 0 ms √13%
2023-4-17 19:36:29-debug: 填充场景数据到 settings.json start13%
2023-4-17 19:36:29-debug: // ---- build task 填充场景数据到 settings.json ----
2023-4-17 19:36:29-debug: Process: heapTotal 199.84MB heapUsed 190.24MB rss 660.78MB
2023-4-17 19:36:29-debug: run build task 填充场景数据到 settings.json success in 0 ms √14%
2023-4-17 19:36:29-debug: // ---- build task 整理资源分组，生成 packedAssets 以及 rawAssets 数据 ----
2023-4-17 19:36:29-debug: 整理资源分组，生成 packedAssets 以及 rawAssets 数据 start14%
2023-4-17 19:36:29-debug: Process: heapTotal 199.84MB heapUsed 190.26MB rss 660.79MB
2023-4-17 19:36:29-debug: // ---- build task 整理资源分组，生成 packedAssets 以及 rawAssets 数据 ---- (1ms)
2023-4-17 19:36:29-debug: // ---- build task 从 suffixMap 生成 md5AssetsMap 到 settings.json ----
2023-4-17 19:36:29-debug: Process: heapTotal 199.84MB heapUsed 190.29MB rss 660.79MB
2023-4-17 19:36:29-debug: run build task 整理资源分组，生成 packedAssets 以及 rawAssets 数据 success in 1 ms √14%
2023-4-17 19:36:29-debug: 从 suffixMap 生成 md5AssetsMap 到 settings.json start14%
2023-4-17 19:36:29-debug: options.md5Cache is false.
2023-4-17 19:36:29-debug: // ---- build task 从 suffixMap 生成 md5AssetsMap 到 settings.json ---- (1ms)
2023-4-17 19:36:29-debug: run build task 从 suffixMap 生成 md5AssetsMap 到 settings.json success in 1 ms √15%
2023-4-17 19:37:25-debug: refresh db internal success
2023-4-17 19:37:26-debug: asset-db:worker-effect-data-processing (222ms)
2023-4-17 19:37:26-debug: refresh db assets success
2023-4-17 19:37:26-debug: asset-db:refresh-all-database (278ms)
2023-4-17 19:37:30-debug: Query all assets info in project
2023-4-17 19:37:30-debug: BuildAssetLibrary query-assets with assets 446
2023-4-17 19:37:30-debug:   Number of other assets: 300
2023-4-17 19:37:30-debug: 查询 Asset Bundle start0%
2023-4-17 19:37:30-debug: // ---- build task 查询 Asset Bundle ----
2023-4-17 19:37:30-debug:   Number of all scripts: 5
2023-4-17 19:37:30-debug:   Number of all scenes: 2
2023-4-17 19:37:30-debug: init custom config: keepNodeUuid: false, useCache: true
2023-4-17 19:37:30-debug: Process: heapTotal 219.55MB heapUsed 196.61MB rss 661.21MB
2023-4-17 19:37:31-debug: // ---- build task 查询 Asset Bundle ---- (5ms)
2023-4-17 19:37:31-debug: Process: heapTotal 219.55MB heapUsed 198.06MB rss 661.21MB
2023-4-17 19:37:31-debug: init bundle assets
2023-4-17 19:37:31-debug: // ---- build task 查询使用的资源以及资源包配置 ----
2023-4-17 19:37:31-debug: run build task 查询 Asset Bundle success in 5 ms √3%
2023-4-17 19:37:31-debug: 查询使用的资源以及资源包配置 start3%
2023-4-17 19:37:31-debug: Query preload assets from cc.config.json: 60f7195c-ec2a-45eb-ba94-8955f60e81d0,1c02ae6f-4492-4915-b8f8-7492a3b1e4cd,810e96e4-e456-4468-9b59-f4e8f39732c0,efe8e2a3-eace-427b-b4f1-cb8a937ec77d,e9aa9a3e-5b2b-4ac7-a2c7-073de2b2b24f,8bbdbcdd-5cd4-4100-b6d5-b7c9625b6107,50f4348b-c883-4e2f-8f11-ce233b859fa1,fda095cb-831d-4601-ad94-846013963de8,f92806d7-1768-443f-afe8-12bcde84d0f0,dd3a144d-ab7f-41f0-82b8-2e43a090d496,f0416e68-0200-4b77-a926-4f9d16e494da,ff9be190-20a4-4e48-b68c-76e3c7cff085,970b0598-bcb0-4714-91fb-2e81440dccd8,bcd64cc6-2dd9-43f6-abbe-66318d332032,d930590d-bb92-4cc8-8bd1-23cd027f9edf,a3cd009f-0ab0-420d-9278-b9fdab939bbc,9361fd90-ba52-4f84-aa93-6e878fd576ca,c27215d8-6835-4b68-bfbb-bdeac6100c04,b5d6115f-0370-4d7c-aad3-c194cc71cf98,871c3b6c-7379-419d-bda3-794b239ab90d
2023-4-17 19:37:31-debug: Number of scenes: 2
2023-4-17 19:37:31-debug: // ---- build task 查询使用的资源以及资源包配置 ---- (3ms)
2023-4-17 19:37:31-debug: // ---- build task 整理脚本分组与脚本数据 ----
2023-4-17 19:37:31-debug: sort script group...
2023-4-17 19:37:31-debug: Process: heapTotal 219.55MB heapUsed 198.18MB rss 661.22MB
2023-4-17 19:37:31-debug: run build task 查询使用的资源以及资源包配置 success in 3 ms √7%
2023-4-17 19:37:31-debug: 整理脚本分组与脚本数据 start7%
2023-4-17 19:37:31-debug: // ---- build task 整理脚本分组与脚本数据 ---- (1ms)
2023-4-17 19:37:31-debug: Process: heapTotal 219.55MB heapUsed 198.21MB rss 661.23MB
2023-4-17 19:37:31-debug: 初始化 settings.json 与 config.json start10%
2023-4-17 19:37:31-debug: // ---- build task 初始化 settings.json 与 config.json ----
2023-4-17 19:37:31-debug: run build task 整理脚本分组与脚本数据 success in 1 ms √10%
2023-4-17 19:37:31-debug: // ---- build task 初始化 settings.json 与 config.json ---- (1ms)
2023-4-17 19:37:31-debug: // ---- build task builder.tasks.settings.macro ----
2023-4-17 19:37:31-debug: Process: heapTotal 219.55MB heapUsed 198.25MB rss 661.24MB
2023-4-17 19:37:31-debug: builder.tasks.settings.macro start11%
2023-4-17 19:37:31-debug: run build task 初始化 settings.json 与 config.json success in 1 ms √11%
2023-4-17 19:37:31-debug: builder.tasks.settings.macro 字段未在编辑器多语言内定义
2023-4-17 19:37:31-debug: // ---- build task builder.tasks.settings.macro ---- (1ms)
2023-4-17 19:37:31-debug: Process: heapTotal 219.55MB heapUsed 198.28MB rss 661.25MB
2023-4-17 19:37:31-debug: run build task builder.tasks.settings.macro success in 1 ms √11%
2023-4-17 19:37:31-debug: // ---- build task 整理部分构建选项内数据到 settings.json ----
2023-4-17 19:37:31-debug: 整理部分构建选项内数据到 settings.json start11%
2023-4-17 19:37:31-debug: // ---- build task 整理部分构建选项内数据到 settings.json ---- (2ms)
2023-4-17 19:37:31-debug: run build task 整理部分构建选项内数据到 settings.json success in 2 ms √12%
2023-4-17 19:37:31-debug: custom joint texture layouts start12%
2023-4-17 19:37:31-debug: // ---- build task custom joint texture layouts ----
2023-4-17 19:37:31-debug: Process: heapTotal 219.55MB heapUsed 198.34MB rss 661.25MB
2023-4-17 19:37:31-debug: // ---- build task custom joint texture layouts ---- (1ms)
2023-4-17 19:37:31-debug: // ---- build task custom joint physics ----
2023-4-17 19:37:31-debug: custom joint physics start12%
2023-4-17 19:37:31-debug: Process: heapTotal 219.55MB heapUsed 198.36MB rss 661.25MB
2023-4-17 19:37:31-debug: run build task custom joint texture layouts success in 1 ms √12%
2023-4-17 19:37:31-debug: run build task custom joint physics success in 0 ms √13%
2023-4-17 19:37:31-debug: Process: heapTotal 219.55MB heapUsed 198.38MB rss 661.25MB
2023-4-17 19:37:31-debug: // ---- build task 填充脚本数据到 settings.json ----
2023-4-17 19:37:31-debug: 填充脚本数据到 settings.json start13%
2023-4-17 19:37:31-debug: // ---- build task 填充脚本数据到 settings.json ---- (1ms)
2023-4-17 19:37:31-debug: 填充场景数据到 settings.json start13%
2023-4-17 19:37:31-debug: // ---- build task 填充场景数据到 settings.json ----
2023-4-17 19:37:31-debug: run build task 填充脚本数据到 settings.json success in 1 ms √13%
2023-4-17 19:37:31-debug: Process: heapTotal 219.55MB heapUsed 198.40MB rss 661.26MB
2023-4-17 19:37:31-debug: // ---- build task 填充场景数据到 settings.json ---- (1ms)
2023-4-17 19:37:31-debug: // ---- build task 整理资源分组，生成 packedAssets 以及 rawAssets 数据 ----
2023-4-17 19:37:31-debug: 整理资源分组，生成 packedAssets 以及 rawAssets 数据 start14%
2023-4-17 19:37:31-debug: run build task 填充场景数据到 settings.json success in 1 ms √14%
2023-4-17 19:37:31-debug: Process: heapTotal 219.55MB heapUsed 198.42MB rss 661.27MB
2023-4-17 19:37:31-debug: // ---- build task 整理资源分组，生成 packedAssets 以及 rawAssets 数据 ---- (1ms)
2023-4-17 19:37:31-debug: // ---- build task 从 suffixMap 生成 md5AssetsMap 到 settings.json ----
2023-4-17 19:37:31-debug: options.md5Cache is false.
2023-4-17 19:37:31-debug: run build task 整理资源分组，生成 packedAssets 以及 rawAssets 数据 success in 1 ms √14%
2023-4-17 19:37:31-debug: Process: heapTotal 219.55MB heapUsed 198.46MB rss 661.27MB
2023-4-17 19:37:31-debug: 从 suffixMap 生成 md5AssetsMap 到 settings.json start14%
2023-4-17 19:37:31-debug: // ---- build task 从 suffixMap 生成 md5AssetsMap 到 settings.json ---- (1ms)
2023-4-17 19:37:31-debug: run build task 从 suffixMap 生成 md5AssetsMap 到 settings.json success in 1 ms √15%
2023-4-17 19:38:34-debug: Query all assets info in project
2023-4-17 19:38:34-debug: BuildAssetLibrary query-assets with assets 446
2023-4-17 19:38:34-debug:   Number of other assets: 300
2023-4-17 19:38:34-debug: 查询 Asset Bundle start0%
2023-4-17 19:38:34-debug: // ---- build task 查询 Asset Bundle ----
2023-4-17 19:38:34-debug:   Number of all scripts: 5
2023-4-17 19:38:34-debug:   Number of all scenes: 2
2023-4-17 19:38:34-debug: Process: heapTotal 202.94MB heapUsed 191.21MB rss 661.28MB
2023-4-17 19:38:34-debug: init custom config: keepNodeUuid: false, useCache: true
2023-4-17 19:38:34-debug: // ---- build task 查询 Asset Bundle ---- (8ms)
2023-4-17 19:38:34-debug: Process: heapTotal 202.44MB heapUsed 191.20MB rss 661.28MB
2023-4-17 19:38:34-debug: init bundle assets
2023-4-17 19:38:34-debug: // ---- build task 查询使用的资源以及资源包配置 ----
2023-4-17 19:38:34-debug: run build task 查询 Asset Bundle success in 8 ms √3%
2023-4-17 19:38:34-debug: 查询使用的资源以及资源包配置 start3%
2023-4-17 19:38:34-debug: Query preload assets from cc.config.json: 60f7195c-ec2a-45eb-ba94-8955f60e81d0,1c02ae6f-4492-4915-b8f8-7492a3b1e4cd,810e96e4-e456-4468-9b59-f4e8f39732c0,efe8e2a3-eace-427b-b4f1-cb8a937ec77d,e9aa9a3e-5b2b-4ac7-a2c7-073de2b2b24f,8bbdbcdd-5cd4-4100-b6d5-b7c9625b6107,50f4348b-c883-4e2f-8f11-ce233b859fa1,fda095cb-831d-4601-ad94-846013963de8,f92806d7-1768-443f-afe8-12bcde84d0f0,dd3a144d-ab7f-41f0-82b8-2e43a090d496,f0416e68-0200-4b77-a926-4f9d16e494da,ff9be190-20a4-4e48-b68c-76e3c7cff085,970b0598-bcb0-4714-91fb-2e81440dccd8,bcd64cc6-2dd9-43f6-abbe-66318d332032,d930590d-bb92-4cc8-8bd1-23cd027f9edf,a3cd009f-0ab0-420d-9278-b9fdab939bbc,9361fd90-ba52-4f84-aa93-6e878fd576ca,c27215d8-6835-4b68-bfbb-bdeac6100c04,b5d6115f-0370-4d7c-aad3-c194cc71cf98,871c3b6c-7379-419d-bda3-794b239ab90d
2023-4-17 19:38:34-debug: Number of scenes: 2
2023-4-17 19:38:34-debug: // ---- build task 查询使用的资源以及资源包配置 ---- (2ms)
2023-4-17 19:38:34-debug: // ---- build task 整理脚本分组与脚本数据 ----
2023-4-17 19:38:34-debug: sort script group...
2023-4-17 19:38:34-debug: run build task 查询使用的资源以及资源包配置 success in 2 ms √7%
2023-4-17 19:38:34-debug: Process: heapTotal 202.44MB heapUsed 191.30MB rss 661.29MB
2023-4-17 19:38:34-debug: 整理脚本分组与脚本数据 start7%
2023-4-17 19:38:34-debug: // ---- build task 整理脚本分组与脚本数据 ---- (1ms)
2023-4-17 19:38:34-debug: Process: heapTotal 202.44MB heapUsed 191.33MB rss 661.30MB
2023-4-17 19:38:34-debug: 初始化 settings.json 与 config.json start10%
2023-4-17 19:38:34-debug: // ---- build task 初始化 settings.json 与 config.json ----
2023-4-17 19:38:34-debug: run build task 整理脚本分组与脚本数据 success in 1 ms √10%
2023-4-17 19:38:34-debug: // ---- build task 初始化 settings.json 与 config.json ---- (1ms)
2023-4-17 19:38:34-debug: // ---- build task builder.tasks.settings.macro ----
2023-4-17 19:38:34-debug: builder.tasks.settings.macro 字段未在编辑器多语言内定义
2023-4-17 19:38:34-debug: builder.tasks.settings.macro start11%
2023-4-17 19:38:34-debug: run build task 初始化 settings.json 与 config.json success in 1 ms √11%
2023-4-17 19:38:34-debug: Process: heapTotal 202.44MB heapUsed 191.36MB rss 661.30MB
2023-4-17 19:38:34-debug: // ---- build task builder.tasks.settings.macro ---- (1ms)
2023-4-17 19:38:34-debug: run build task builder.tasks.settings.macro success in 1 ms √11%
2023-4-17 19:38:34-debug: 整理部分构建选项内数据到 settings.json start11%
2023-4-17 19:38:34-debug: // ---- build task 整理部分构建选项内数据到 settings.json ----
2023-4-17 19:38:34-debug: Process: heapTotal 202.44MB heapUsed 191.38MB rss 661.30MB
2023-4-17 19:38:34-debug: // ---- build task 整理部分构建选项内数据到 settings.json ---- (2ms)
2023-4-17 19:38:34-debug: Process: heapTotal 202.44MB heapUsed 191.45MB rss 661.31MB
2023-4-17 19:38:34-debug: custom joint texture layouts start12%
2023-4-17 19:38:34-debug: // ---- build task custom joint texture layouts ----
2023-4-17 19:38:34-debug: run build task 整理部分构建选项内数据到 settings.json success in 2 ms √12%
2023-4-17 19:38:34-debug: // ---- build task custom joint texture layouts ---- (1ms)
2023-4-17 19:38:34-debug: Process: heapTotal 202.44MB heapUsed 191.47MB rss 661.31MB
2023-4-17 19:38:34-debug: custom joint physics start12%
2023-4-17 19:38:34-debug: // ---- build task custom joint physics ----
2023-4-17 19:38:34-debug: run build task custom joint texture layouts success in 1 ms √12%
2023-4-17 19:38:34-debug: run build task custom joint physics success in 0 ms √13%
2023-4-17 19:38:34-debug: 填充脚本数据到 settings.json start13%
2023-4-17 19:38:34-debug: // ---- build task 填充脚本数据到 settings.json ----
2023-4-17 19:38:34-debug: Process: heapTotal 202.44MB heapUsed 191.49MB rss 661.31MB
2023-4-17 19:38:34-debug: run build task 填充脚本数据到 settings.json success in 0 ms √13%
2023-4-17 19:38:34-debug: 填充场景数据到 settings.json start13%
2023-4-17 19:38:34-debug: // ---- build task 填充场景数据到 settings.json ----
2023-4-17 19:38:34-debug: Process: heapTotal 202.44MB heapUsed 191.51MB rss 661.32MB
2023-4-17 19:38:34-debug: run build task 填充场景数据到 settings.json success in 0 ms √14%
2023-4-17 19:38:34-debug: 整理资源分组，生成 packedAssets 以及 rawAssets 数据 start14%
2023-4-17 19:38:34-debug: // ---- build task 整理资源分组，生成 packedAssets 以及 rawAssets 数据 ----
2023-4-17 19:38:34-debug: Process: heapTotal 202.44MB heapUsed 191.53MB rss 661.32MB
2023-4-17 19:38:34-debug: run build task 整理资源分组，生成 packedAssets 以及 rawAssets 数据 success in 0 ms √14%
2023-4-17 19:38:34-debug: options.md5Cache is false.
2023-4-17 19:38:34-debug: // ---- build task 从 suffixMap 生成 md5AssetsMap 到 settings.json ----
2023-4-17 19:38:34-debug: Process: heapTotal 202.44MB heapUsed 191.55MB rss 661.32MB
2023-4-17 19:38:34-debug: 从 suffixMap 生成 md5AssetsMap 到 settings.json start14%
2023-4-17 19:38:34-debug: run build task 从 suffixMap 生成 md5AssetsMap 到 settings.json success in 0 ms √15%
2023-4-17 19:38:59-debug: refresh db internal success
2023-4-17 19:38:59-debug: asset-db:worker-effect-data-processing (155ms)
2023-4-17 19:38:59-debug: refresh db assets success
2023-4-17 19:38:59-debug: asset-db:refresh-all-database (210ms)
2023-4-17 19:39:20-debug: Query all assets info in project
2023-4-17 19:39:20-debug: BuildAssetLibrary query-assets with assets 446
2023-4-17 19:39:20-debug:   Number of other assets: 300
2023-4-17 19:39:20-debug: init custom config: keepNodeUuid: false, useCache: true
2023-4-17 19:39:20-debug: // ---- build task 查询 Asset Bundle ----
2023-4-17 19:39:20-debug: Process: heapTotal 221.86MB heapUsed 206.62MB rss 662.36MB
2023-4-17 19:39:20-debug:   Number of all scripts: 5
2023-4-17 19:39:20-debug: 查询 Asset Bundle start0%
2023-4-17 19:39:20-debug:   Number of all scenes: 2
2023-4-17 19:39:20-debug: // ---- build task 查询 Asset Bundle ---- (6ms)
2023-4-17 19:39:20-debug: Process: heapTotal 211.00MB heapUsed 201.90MB rss 662.36MB
2023-4-17 19:39:20-debug: init bundle assets
2023-4-17 19:39:20-debug: 查询使用的资源以及资源包配置 start3%
2023-4-17 19:39:20-debug: run build task 查询 Asset Bundle success in 6 ms √3%
2023-4-17 19:39:20-debug: // ---- build task 查询使用的资源以及资源包配置 ----
2023-4-17 19:39:20-debug: Query preload assets from cc.config.json: 60f7195c-ec2a-45eb-ba94-8955f60e81d0,1c02ae6f-4492-4915-b8f8-7492a3b1e4cd,810e96e4-e456-4468-9b59-f4e8f39732c0,efe8e2a3-eace-427b-b4f1-cb8a937ec77d,e9aa9a3e-5b2b-4ac7-a2c7-073de2b2b24f,8bbdbcdd-5cd4-4100-b6d5-b7c9625b6107,50f4348b-c883-4e2f-8f11-ce233b859fa1,fda095cb-831d-4601-ad94-846013963de8,f92806d7-1768-443f-afe8-12bcde84d0f0,dd3a144d-ab7f-41f0-82b8-2e43a090d496,f0416e68-0200-4b77-a926-4f9d16e494da,ff9be190-20a4-4e48-b68c-76e3c7cff085,970b0598-bcb0-4714-91fb-2e81440dccd8,bcd64cc6-2dd9-43f6-abbe-66318d332032,d930590d-bb92-4cc8-8bd1-23cd027f9edf,a3cd009f-0ab0-420d-9278-b9fdab939bbc,9361fd90-ba52-4f84-aa93-6e878fd576ca,c27215d8-6835-4b68-bfbb-bdeac6100c04,b5d6115f-0370-4d7c-aad3-c194cc71cf98,871c3b6c-7379-419d-bda3-794b239ab90d
2023-4-17 19:39:20-debug: Number of scenes: 2
2023-4-17 19:39:20-debug: // ---- build task 查询使用的资源以及资源包配置 ---- (2ms)
2023-4-17 19:39:20-debug: Process: heapTotal 211.00MB heapUsed 201.08MB rss 662.37MB
2023-4-17 19:39:20-debug: sort script group...
2023-4-17 19:39:20-debug: // ---- build task 整理脚本分组与脚本数据 ----
2023-4-17 19:39:20-debug: run build task 查询使用的资源以及资源包配置 success in 2 ms √7%
2023-4-17 19:39:20-debug: 整理脚本分组与脚本数据 start7%
2023-4-17 19:39:20-debug: run build task 整理脚本分组与脚本数据 success in 0 ms √10%
2023-4-17 19:39:20-debug: 初始化 settings.json 与 config.json start10%
2023-4-17 19:39:20-debug: // ---- build task 初始化 settings.json 与 config.json ----
2023-4-17 19:39:20-debug: Process: heapTotal 211.00MB heapUsed 201.10MB rss 662.38MB
2023-4-17 19:39:20-debug: run build task 初始化 settings.json 与 config.json success in 0 ms √11%
2023-4-17 19:39:20-debug: builder.tasks.settings.macro 字段未在编辑器多语言内定义
2023-4-17 19:39:20-debug: builder.tasks.settings.macro start11%
2023-4-17 19:39:20-debug: // ---- build task builder.tasks.settings.macro ----
2023-4-17 19:39:20-debug: Process: heapTotal 211.00MB heapUsed 201.13MB rss 662.38MB
2023-4-17 19:39:20-debug: // ---- build task builder.tasks.settings.macro ---- (2ms)
2023-4-17 19:39:20-debug: Process: heapTotal 211.00MB heapUsed 201.15MB rss 662.38MB
2023-4-17 19:39:20-debug: 整理部分构建选项内数据到 settings.json start11%
2023-4-17 19:39:20-debug: // ---- build task 整理部分构建选项内数据到 settings.json ----
2023-4-17 19:39:20-debug: run build task builder.tasks.settings.macro success in 2 ms √11%
2023-4-17 19:39:20-debug: // ---- build task 整理部分构建选项内数据到 settings.json ---- (2ms)
2023-4-17 19:39:20-debug: run build task 整理部分构建选项内数据到 settings.json success in 2 ms √12%
2023-4-17 19:39:20-debug: custom joint texture layouts start12%
2023-4-17 19:39:20-debug: // ---- build task custom joint texture layouts ----
2023-4-17 19:39:20-debug: Process: heapTotal 211.00MB heapUsed 201.23MB rss 662.38MB
2023-4-17 19:39:20-debug: // ---- build task custom joint texture layouts ---- (1ms)
2023-4-17 19:39:20-debug: run build task custom joint texture layouts success in 1 ms √12%
2023-4-17 19:39:20-debug: custom joint physics start12%
2023-4-17 19:39:20-debug: // ---- build task custom joint physics ----
2023-4-17 19:39:20-debug: Process: heapTotal 211.00MB heapUsed 201.25MB rss 662.39MB
2023-4-17 19:39:20-debug: // ---- build task custom joint physics ---- (1ms)
2023-4-17 19:39:20-debug: run build task custom joint physics success in 1 ms √13%
2023-4-17 19:39:20-debug: 填充脚本数据到 settings.json start13%
2023-4-17 19:39:20-debug: // ---- build task 填充脚本数据到 settings.json ----
2023-4-17 19:39:20-debug: Process: heapTotal 211.00MB heapUsed 201.27MB rss 662.39MB
2023-4-17 19:39:20-debug: run build task 填充脚本数据到 settings.json success in 0 ms √13%
2023-4-17 19:39:20-debug: 填充场景数据到 settings.json start13%
2023-4-17 19:39:20-debug: // ---- build task 填充场景数据到 settings.json ----
2023-4-17 19:39:20-debug: Process: heapTotal 211.00MB heapUsed 201.29MB rss 662.40MB
2023-4-17 19:39:20-debug: run build task 填充场景数据到 settings.json success in 0 ms √14%
2023-4-17 19:39:20-debug: Process: heapTotal 211.00MB heapUsed 201.31MB rss 662.40MB
2023-4-17 19:39:20-debug: // ---- build task 整理资源分组，生成 packedAssets 以及 rawAssets 数据 ----
2023-4-17 19:39:20-debug: 整理资源分组，生成 packedAssets 以及 rawAssets 数据 start14%
2023-4-17 19:39:20-debug: run build task 整理资源分组，生成 packedAssets 以及 rawAssets 数据 success in 0 ms √14%
2023-4-17 19:39:20-debug: Process: heapTotal 211.00MB heapUsed 201.33MB rss 662.40MB
2023-4-17 19:39:20-debug: // ---- build task 从 suffixMap 生成 md5AssetsMap 到 settings.json ----
2023-4-17 19:39:20-debug: 从 suffixMap 生成 md5AssetsMap 到 settings.json start14%
2023-4-17 19:39:20-debug: options.md5Cache is false.
2023-4-17 19:39:20-debug: run build task 从 suffixMap 生成 md5AssetsMap 到 settings.json success in 0 ms √15%
2023-4-17 19:40:13-debug: refresh db internal success
2023-4-17 19:40:13-debug: asset-db:worker-effect-data-processing (227ms)
2023-4-17 19:40:13-debug: refresh db assets success
2023-4-17 19:40:13-debug: asset-db:refresh-all-database (277ms)
2023-4-17 19:40:42-debug: refresh db internal success
2023-4-17 19:40:42-debug: asset-db:worker-effect-data-processing (219ms)
2023-4-17 19:40:42-debug: refresh db assets success
2023-4-17 19:40:42-debug: asset-db:refresh-all-database (265ms)
2023-4-17 19:41:41-debug: refresh db internal success
2023-4-17 19:41:42-debug: asset-db:worker-effect-data-processing (215ms)
2023-4-17 19:41:42-debug: %cImport%c: /Users/cce/Desktop/work/DIAO-game/NewProject/assets/Script/init/scenesChange.tsbackground: #aaff85; color: #000;color: #000;
2023-4-17 19:41:42-debug: refresh db assets success
2023-4-17 19:41:42-debug: asset-db:refresh-all-database (263ms)
2023-4-17 19:41:45-debug: Query all assets info in project
2023-4-17 19:41:45-debug: BuildAssetLibrary query-assets with assets 446
2023-4-17 19:41:45-debug:   Number of other assets: 300
2023-4-17 19:41:45-debug: 查询 Asset Bundle start0%
2023-4-17 19:41:45-debug: // ---- build task 查询 Asset Bundle ----
2023-4-17 19:41:45-debug: Process: heapTotal 225.14MB heapUsed 200.20MB rss 663.06MB
2023-4-17 19:41:45-debug:   Number of all scripts: 5
2023-4-17 19:41:45-debug:   Number of all scenes: 2
2023-4-17 19:41:45-debug: init custom config: keepNodeUuid: false, useCache: true
2023-4-17 19:41:45-debug: // ---- build task 查询 Asset Bundle ---- (11ms)
2023-4-17 19:41:45-debug: Process: heapTotal 222.19MB heapUsed 192.88MB rss 663.07MB
2023-4-17 19:41:45-debug: init bundle assets
2023-4-17 19:41:45-debug: // ---- build task 查询使用的资源以及资源包配置 ----
2023-4-17 19:41:45-debug: run build task 查询 Asset Bundle success in 11 ms √3%
2023-4-17 19:41:45-debug: 查询使用的资源以及资源包配置 start3%
2023-4-17 19:41:45-debug: Query preload assets from cc.config.json: 60f7195c-ec2a-45eb-ba94-8955f60e81d0,1c02ae6f-4492-4915-b8f8-7492a3b1e4cd,810e96e4-e456-4468-9b59-f4e8f39732c0,efe8e2a3-eace-427b-b4f1-cb8a937ec77d,e9aa9a3e-5b2b-4ac7-a2c7-073de2b2b24f,8bbdbcdd-5cd4-4100-b6d5-b7c9625b6107,50f4348b-c883-4e2f-8f11-ce233b859fa1,fda095cb-831d-4601-ad94-846013963de8,f92806d7-1768-443f-afe8-12bcde84d0f0,dd3a144d-ab7f-41f0-82b8-2e43a090d496,f0416e68-0200-4b77-a926-4f9d16e494da,ff9be190-20a4-4e48-b68c-76e3c7cff085,970b0598-bcb0-4714-91fb-2e81440dccd8,bcd64cc6-2dd9-43f6-abbe-66318d332032,d930590d-bb92-4cc8-8bd1-23cd027f9edf,a3cd009f-0ab0-420d-9278-b9fdab939bbc,9361fd90-ba52-4f84-aa93-6e878fd576ca,c27215d8-6835-4b68-bfbb-bdeac6100c04,b5d6115f-0370-4d7c-aad3-c194cc71cf98,871c3b6c-7379-419d-bda3-794b239ab90d
2023-4-17 19:41:45-debug: Number of scenes: 2
2023-4-17 19:41:45-debug: // ---- build task 查询使用的资源以及资源包配置 ---- (3ms)
2023-4-17 19:41:45-debug: Process: heapTotal 222.19MB heapUsed 193.00MB rss 663.07MB
2023-4-17 19:41:45-debug: sort script group...
2023-4-17 19:41:45-debug: // ---- build task 整理脚本分组与脚本数据 ----
2023-4-17 19:41:45-debug: run build task 查询使用的资源以及资源包配置 success in 3 ms √7%
2023-4-17 19:41:45-debug: 整理脚本分组与脚本数据 start7%
2023-4-17 19:41:45-debug: run build task 整理脚本分组与脚本数据 success in 0 ms √10%
2023-4-17 19:41:45-debug: Process: heapTotal 222.19MB heapUsed 193.02MB rss 663.07MB
2023-4-17 19:41:45-debug: // ---- build task 初始化 settings.json 与 config.json ----
2023-4-17 19:41:45-debug: 初始化 settings.json 与 config.json start10%
2023-4-17 19:41:45-debug: run build task 初始化 settings.json 与 config.json success in 0 ms √11%
2023-4-17 19:41:45-debug: builder.tasks.settings.macro start11%
2023-4-17 19:41:45-debug: // ---- build task builder.tasks.settings.macro ----
2023-4-17 19:41:45-debug: builder.tasks.settings.macro 字段未在编辑器多语言内定义
2023-4-17 19:41:45-debug: Process: heapTotal 222.19MB heapUsed 193.05MB rss 663.07MB
2023-4-17 19:41:45-debug: // ---- build task builder.tasks.settings.macro ---- (1ms)
2023-4-17 19:41:45-debug: Process: heapTotal 222.19MB heapUsed 193.07MB rss 663.09MB
2023-4-17 19:41:45-debug: 整理部分构建选项内数据到 settings.json start11%
2023-4-17 19:41:45-debug: // ---- build task 整理部分构建选项内数据到 settings.json ----
2023-4-17 19:41:45-debug: run build task builder.tasks.settings.macro success in 1 ms √11%
2023-4-17 19:41:45-debug: // ---- build task 整理部分构建选项内数据到 settings.json ---- (2ms)
2023-4-17 19:41:45-debug: run build task 整理部分构建选项内数据到 settings.json success in 2 ms √12%
2023-4-17 19:41:45-debug: custom joint texture layouts start12%
2023-4-17 19:41:45-debug: // ---- build task custom joint texture layouts ----
2023-4-17 19:41:45-debug: Process: heapTotal 222.19MB heapUsed 193.14MB rss 663.09MB
2023-4-17 19:41:45-debug: // ---- build task custom joint texture layouts ---- (1ms)
2023-4-17 19:41:45-debug: // ---- build task custom joint physics ----
2023-4-17 19:41:45-debug: custom joint physics start12%
2023-4-17 19:41:45-debug: Process: heapTotal 222.19MB heapUsed 193.16MB rss 663.09MB
2023-4-17 19:41:45-debug: run build task custom joint texture layouts success in 1 ms √12%
2023-4-17 19:41:45-debug: run build task custom joint physics success in 0 ms √13%
2023-4-17 19:41:45-debug: 填充脚本数据到 settings.json start13%
2023-4-17 19:41:45-debug: // ---- build task 填充脚本数据到 settings.json ----
2023-4-17 19:41:45-debug: Process: heapTotal 222.19MB heapUsed 193.18MB rss 663.09MB
2023-4-17 19:41:45-debug: run build task 填充脚本数据到 settings.json success in 0 ms √13%
2023-4-17 19:41:45-debug: Process: heapTotal 222.19MB heapUsed 193.20MB rss 663.10MB
2023-4-17 19:41:45-debug: // ---- build task 填充场景数据到 settings.json ----
2023-4-17 19:41:45-debug: 填充场景数据到 settings.json start13%
2023-4-17 19:41:45-debug: run build task 填充场景数据到 settings.json success in 0 ms √14%
2023-4-17 19:41:45-debug: 整理资源分组，生成 packedAssets 以及 rawAssets 数据 start14%
2023-4-17 19:41:45-debug: // ---- build task 整理资源分组，生成 packedAssets 以及 rawAssets 数据 ----
2023-4-17 19:41:45-debug: Process: heapTotal 222.19MB heapUsed 193.21MB rss 663.10MB
2023-4-17 19:41:45-debug: // ---- build task 整理资源分组，生成 packedAssets 以及 rawAssets 数据 ---- (1ms)
2023-4-17 19:41:45-debug: Process: heapTotal 222.19MB heapUsed 193.24MB rss 663.11MB
2023-4-17 19:41:45-debug: 从 suffixMap 生成 md5AssetsMap 到 settings.json start14%
2023-4-17 19:41:45-debug: // ---- build task 从 suffixMap 生成 md5AssetsMap 到 settings.json ----
2023-4-17 19:41:45-debug: run build task 整理资源分组，生成 packedAssets 以及 rawAssets 数据 success in 1 ms √14%
2023-4-17 19:41:45-debug: options.md5Cache is false.
2023-4-17 19:41:45-debug: // ---- build task 从 suffixMap 生成 md5AssetsMap 到 settings.json ---- (1ms)
2023-4-17 19:41:45-debug: run build task 从 suffixMap 生成 md5AssetsMap 到 settings.json success in 1 ms √15%
2023-4-17 19:42:41-debug: Query all assets info in project
2023-4-17 19:42:41-debug: BuildAssetLibrary query-assets with assets 446
2023-4-17 19:42:41-debug:   Number of all scripts: 5
2023-4-17 19:42:41-debug: 查询 Asset Bundle start0%
2023-4-17 19:42:41-debug: // ---- build task 查询 Asset Bundle ----
2023-4-17 19:42:41-debug: Process: heapTotal 222.19MB heapUsed 195.21MB rss 663.06MB
2023-4-17 19:42:41-debug:   Number of all scenes: 2
2023-4-17 19:42:41-debug:   Number of other assets: 300
2023-4-17 19:42:41-debug: init custom config: keepNodeUuid: false, useCache: true
2023-4-17 19:42:41-debug: // ---- build task 查询 Asset Bundle ---- (4ms)
2023-4-17 19:42:41-debug: Process: heapTotal 222.19MB heapUsed 196.64MB rss 663.06MB
2023-4-17 19:42:41-debug: init bundle assets
2023-4-17 19:42:41-debug: // ---- build task 查询使用的资源以及资源包配置 ----
2023-4-17 19:42:41-debug: run build task 查询 Asset Bundle success in 4 ms √3%
2023-4-17 19:42:41-debug: 查询使用的资源以及资源包配置 start3%
2023-4-17 19:42:41-debug: Query preload assets from cc.config.json: 60f7195c-ec2a-45eb-ba94-8955f60e81d0,1c02ae6f-4492-4915-b8f8-7492a3b1e4cd,810e96e4-e456-4468-9b59-f4e8f39732c0,efe8e2a3-eace-427b-b4f1-cb8a937ec77d,e9aa9a3e-5b2b-4ac7-a2c7-073de2b2b24f,8bbdbcdd-5cd4-4100-b6d5-b7c9625b6107,50f4348b-c883-4e2f-8f11-ce233b859fa1,fda095cb-831d-4601-ad94-846013963de8,f92806d7-1768-443f-afe8-12bcde84d0f0,dd3a144d-ab7f-41f0-82b8-2e43a090d496,f0416e68-0200-4b77-a926-4f9d16e494da,ff9be190-20a4-4e48-b68c-76e3c7cff085,970b0598-bcb0-4714-91fb-2e81440dccd8,bcd64cc6-2dd9-43f6-abbe-66318d332032,d930590d-bb92-4cc8-8bd1-23cd027f9edf,a3cd009f-0ab0-420d-9278-b9fdab939bbc,9361fd90-ba52-4f84-aa93-6e878fd576ca,c27215d8-6835-4b68-bfbb-bdeac6100c04,b5d6115f-0370-4d7c-aad3-c194cc71cf98,871c3b6c-7379-419d-bda3-794b239ab90d
2023-4-17 19:42:41-debug: Number of scenes: 2
2023-4-17 19:42:41-debug: // ---- build task 查询使用的资源以及资源包配置 ---- (2ms)
2023-4-17 19:42:41-debug: Process: heapTotal 222.19MB heapUsed 196.76MB rss 663.07MB
2023-4-17 19:42:41-debug: sort script group...
2023-4-17 19:42:41-debug: // ---- build task 整理脚本分组与脚本数据 ----
2023-4-17 19:42:41-debug: run build task 查询使用的资源以及资源包配置 success in 2 ms √7%
2023-4-17 19:42:41-debug: 整理脚本分组与脚本数据 start7%
2023-4-17 19:42:41-debug: run build task 整理脚本分组与脚本数据 success in 0 ms √10%
2023-4-17 19:42:41-debug: // ---- build task 初始化 settings.json 与 config.json ----
2023-4-17 19:42:41-debug: Process: heapTotal 222.19MB heapUsed 196.78MB rss 663.08MB
2023-4-17 19:42:41-debug: 初始化 settings.json 与 config.json start10%
2023-4-17 19:42:41-debug: run build task 初始化 settings.json 与 config.json success in 0 ms √11%
2023-4-17 19:42:41-debug: builder.tasks.settings.macro 字段未在编辑器多语言内定义
2023-4-17 19:42:41-debug: builder.tasks.settings.macro start11%
2023-4-17 19:42:41-debug: // ---- build task builder.tasks.settings.macro ----
2023-4-17 19:42:41-debug: Process: heapTotal 222.19MB heapUsed 196.81MB rss 663.08MB
2023-4-17 19:42:41-debug: // ---- build task builder.tasks.settings.macro ---- (2ms)
2023-4-17 19:42:41-debug: run build task builder.tasks.settings.macro success in 2 ms √11%
2023-4-17 19:42:41-debug: 整理部分构建选项内数据到 settings.json start11%
2023-4-17 19:42:41-debug: Process: heapTotal 222.19MB heapUsed 196.83MB rss 663.08MB
2023-4-17 19:42:41-debug: // ---- build task 整理部分构建选项内数据到 settings.json ----
2023-4-17 19:42:41-debug: // ---- build task 整理部分构建选项内数据到 settings.json ---- (3ms)
2023-4-17 19:42:41-debug: Process: heapTotal 222.19MB heapUsed 196.89MB rss 663.09MB
2023-4-17 19:42:41-debug: custom joint texture layouts start12%
2023-4-17 19:42:41-debug: // ---- build task custom joint texture layouts ----
2023-4-17 19:42:41-debug: run build task 整理部分构建选项内数据到 settings.json success in 3 ms √12%
2023-4-17 19:42:41-debug: // ---- build task custom joint texture layouts ---- (1ms)
2023-4-17 19:42:41-debug: Process: heapTotal 222.19MB heapUsed 196.91MB rss 663.09MB
2023-4-17 19:42:41-debug: run build task custom joint texture layouts success in 1 ms √12%
2023-4-17 19:42:41-debug: // ---- build task custom joint physics ----
2023-4-17 19:42:41-debug: custom joint physics start12%
2023-4-17 19:42:41-debug: run build task custom joint physics success in 0 ms √13%
2023-4-17 19:42:41-debug: Process: heapTotal 222.19MB heapUsed 196.93MB rss 663.10MB
2023-4-17 19:42:41-debug: 填充脚本数据到 settings.json start13%
2023-4-17 19:42:41-debug: // ---- build task 填充脚本数据到 settings.json ----
2023-4-17 19:42:41-debug: run build task 填充脚本数据到 settings.json success in 0 ms √13%
2023-4-17 19:42:41-debug: 填充场景数据到 settings.json start13%
2023-4-17 19:42:41-debug: // ---- build task 填充场景数据到 settings.json ----
2023-4-17 19:42:41-debug: Process: heapTotal 222.19MB heapUsed 196.95MB rss 663.11MB
2023-4-17 19:42:41-debug: run build task 填充场景数据到 settings.json success in 0 ms √14%
2023-4-17 19:42:41-debug: 整理资源分组，生成 packedAssets 以及 rawAssets 数据 start14%
2023-4-17 19:42:41-debug: // ---- build task 整理资源分组，生成 packedAssets 以及 rawAssets 数据 ----
2023-4-17 19:42:41-debug: Process: heapTotal 222.19MB heapUsed 196.97MB rss 663.11MB
2023-4-17 19:42:41-debug: // ---- build task 整理资源分组，生成 packedAssets 以及 rawAssets 数据 ---- (1ms)
2023-4-17 19:42:41-debug: // ---- build task 从 suffixMap 生成 md5AssetsMap 到 settings.json ----
2023-4-17 19:42:41-debug: options.md5Cache is false.
2023-4-17 19:42:41-debug: Process: heapTotal 222.19MB heapUsed 196.99MB rss 663.11MB
2023-4-17 19:42:41-debug: run build task 整理资源分组，生成 packedAssets 以及 rawAssets 数据 success in 1 ms √14%
2023-4-17 19:42:41-debug: 从 suffixMap 生成 md5AssetsMap 到 settings.json start14%
2023-4-17 19:42:41-debug: run build task 从 suffixMap 生成 md5AssetsMap 到 settings.json success in 0 ms √15%
2023-4-17 19:42:56-debug: refresh db internal success
2023-4-17 19:42:56-debug: asset-db:worker-effect-data-processing (162ms)
2023-4-17 19:42:56-debug: %cImport%c: /Users/cce/Desktop/work/DIAO-game/NewProject/assets/Script/init/scenesChange.tsbackground: #aaff85; color: #000;color: #000;
2023-4-17 19:42:56-debug: refresh db assets success
2023-4-17 19:42:56-debug: asset-db:refresh-all-database (219ms)
2023-4-17 19:42:56-debug: Query all assets info in project
2023-4-17 19:42:56-debug: BuildAssetLibrary query-assets with assets 446
2023-4-17 19:42:56-debug:   Number of other assets: 300
2023-4-17 19:42:56-debug: 查询 Asset Bundle start0%
2023-4-17 19:42:56-debug: // ---- build task 查询 Asset Bundle ----
2023-4-17 19:42:56-debug: init custom config: keepNodeUuid: false, useCache: true
2023-4-17 19:42:56-debug:   Number of all scenes: 2
2023-4-17 19:42:56-debug: Process: heapTotal 221.61MB heapUsed 191.01MB rss 664.94MB
2023-4-17 19:42:56-debug:   Number of all scripts: 5
2023-4-17 19:42:56-debug: // ---- build task 查询 Asset Bundle ---- (5ms)
2023-4-17 19:42:56-debug: run build task 查询 Asset Bundle success in 5 ms √3%
2023-4-17 19:42:56-debug: 查询使用的资源以及资源包配置 start3%
2023-4-17 19:42:56-debug: // ---- build task 查询使用的资源以及资源包配置 ----
2023-4-17 19:42:56-debug: Process: heapTotal 221.61MB heapUsed 192.45MB rss 664.95MB
2023-4-17 19:42:56-debug: init bundle assets
2023-4-17 19:42:56-debug: Query preload assets from cc.config.json: 60f7195c-ec2a-45eb-ba94-8955f60e81d0,1c02ae6f-4492-4915-b8f8-7492a3b1e4cd,810e96e4-e456-4468-9b59-f4e8f39732c0,efe8e2a3-eace-427b-b4f1-cb8a937ec77d,e9aa9a3e-5b2b-4ac7-a2c7-073de2b2b24f,8bbdbcdd-5cd4-4100-b6d5-b7c9625b6107,50f4348b-c883-4e2f-8f11-ce233b859fa1,fda095cb-831d-4601-ad94-846013963de8,f92806d7-1768-443f-afe8-12bcde84d0f0,dd3a144d-ab7f-41f0-82b8-2e43a090d496,f0416e68-0200-4b77-a926-4f9d16e494da,ff9be190-20a4-4e48-b68c-76e3c7cff085,970b0598-bcb0-4714-91fb-2e81440dccd8,bcd64cc6-2dd9-43f6-abbe-66318d332032,d930590d-bb92-4cc8-8bd1-23cd027f9edf,a3cd009f-0ab0-420d-9278-b9fdab939bbc,9361fd90-ba52-4f84-aa93-6e878fd576ca,c27215d8-6835-4b68-bfbb-bdeac6100c04,b5d6115f-0370-4d7c-aad3-c194cc71cf98,871c3b6c-7379-419d-bda3-794b239ab90d
2023-4-17 19:42:56-debug: Number of scenes: 2
2023-4-17 19:42:56-debug: // ---- build task 查询使用的资源以及资源包配置 ---- (5ms)
2023-4-17 19:42:56-debug: // ---- build task 整理脚本分组与脚本数据 ----
2023-4-17 19:42:56-debug: run build task 查询使用的资源以及资源包配置 success in 5 ms √7%
2023-4-17 19:42:56-debug: 整理脚本分组与脚本数据 start7%
2023-4-17 19:42:56-debug: Process: heapTotal 221.61MB heapUsed 192.57MB rss 664.95MB
2023-4-17 19:42:56-debug: sort script group...
2023-4-17 19:42:56-debug: // ---- build task 整理脚本分组与脚本数据 ---- (1ms)
2023-4-17 19:42:56-debug: run build task 整理脚本分组与脚本数据 success in 1 ms √10%
2023-4-17 19:42:56-debug: 初始化 settings.json 与 config.json start10%
2023-4-17 19:42:56-debug: // ---- build task 初始化 settings.json 与 config.json ----
2023-4-17 19:42:56-debug: Process: heapTotal 221.61MB heapUsed 192.60MB rss 664.96MB
2023-4-17 19:42:56-debug: // ---- build task 初始化 settings.json 与 config.json ---- (1ms)
2023-4-17 19:42:56-debug: builder.tasks.settings.macro start11%
2023-4-17 19:42:56-debug: Process: heapTotal 221.61MB heapUsed 192.62MB rss 664.96MB
2023-4-17 19:42:56-debug: // ---- build task builder.tasks.settings.macro ----
2023-4-17 19:42:56-debug: run build task 初始化 settings.json 与 config.json success in 1 ms √11%
2023-4-17 19:42:56-debug: builder.tasks.settings.macro 字段未在编辑器多语言内定义
2023-4-17 19:42:56-debug: // ---- build task builder.tasks.settings.macro ---- (2ms)
2023-4-17 19:42:56-debug: run build task builder.tasks.settings.macro success in 2 ms √11%
2023-4-17 19:42:56-debug: 整理部分构建选项内数据到 settings.json start11%
2023-4-17 19:42:56-debug: Process: heapTotal 221.61MB heapUsed 192.65MB rss 664.97MB
2023-4-17 19:42:56-debug: // ---- build task 整理部分构建选项内数据到 settings.json ----
2023-4-17 19:42:56-debug: // ---- build task 整理部分构建选项内数据到 settings.json ---- (3ms)
2023-4-17 19:42:56-debug: run build task 整理部分构建选项内数据到 settings.json success in 3 ms √12%
2023-4-17 19:42:56-debug: custom joint texture layouts start12%
2023-4-17 19:42:56-debug: Process: heapTotal 221.61MB heapUsed 192.71MB rss 664.97MB
2023-4-17 19:42:56-debug: // ---- build task custom joint texture layouts ----
2023-4-17 19:42:56-debug: // ---- build task custom joint texture layouts ---- (2ms)
2023-4-17 19:42:56-debug: custom joint physics start12%
2023-4-17 19:42:56-debug: // ---- build task custom joint physics ----
2023-4-17 19:42:56-debug: run build task custom joint texture layouts success in 2 ms √12%
2023-4-17 19:42:56-debug: Process: heapTotal 221.61MB heapUsed 192.74MB rss 664.98MB
2023-4-17 19:42:56-debug: run build task custom joint physics success in 0 ms √13%
2023-4-17 19:42:56-debug: 填充脚本数据到 settings.json start13%
2023-4-17 19:42:56-debug: Process: heapTotal 221.61MB heapUsed 192.75MB rss 664.98MB
2023-4-17 19:42:56-debug: // ---- build task 填充脚本数据到 settings.json ----
2023-4-17 19:42:56-debug: // ---- build task 填充脚本数据到 settings.json ---- (1ms)
2023-4-17 19:42:56-debug: run build task 填充脚本数据到 settings.json success in 1 ms √13%
2023-4-17 19:42:56-debug: 填充场景数据到 settings.json start13%
2023-4-17 19:42:56-debug: // ---- build task 填充场景数据到 settings.json ----
2023-4-17 19:42:56-debug: Process: heapTotal 221.61MB heapUsed 192.77MB rss 664.98MB
2023-4-17 19:42:56-debug: // ---- build task 填充场景数据到 settings.json ---- (1ms)
2023-4-17 19:42:56-debug: Process: heapTotal 221.61MB heapUsed 192.80MB rss 664.98MB
2023-4-17 19:42:56-debug: 整理资源分组，生成 packedAssets 以及 rawAssets 数据 start14%
2023-4-17 19:42:56-debug: // ---- build task 整理资源分组，生成 packedAssets 以及 rawAssets 数据 ----
2023-4-17 19:42:56-debug: run build task 填充场景数据到 settings.json success in 1 ms √14%
2023-4-17 19:42:56-debug: run build task 整理资源分组，生成 packedAssets 以及 rawAssets 数据 success in 0 ms √14%
2023-4-17 19:42:56-debug: Process: heapTotal 221.61MB heapUsed 192.83MB rss 664.99MB
2023-4-17 19:42:56-debug: // ---- build task 从 suffixMap 生成 md5AssetsMap 到 settings.json ----
2023-4-17 19:42:56-debug: 从 suffixMap 生成 md5AssetsMap 到 settings.json start14%
2023-4-17 19:42:56-debug: options.md5Cache is false.
2023-4-17 19:42:56-debug: // ---- build task 从 suffixMap 生成 md5AssetsMap 到 settings.json ---- (1ms)
2023-4-17 19:42:56-debug: run build task 从 suffixMap 生成 md5AssetsMap 到 settings.json success in 1 ms √15%
2023-4-17 19:44:02-debug: refresh db internal success
2023-4-17 19:44:03-debug: asset-db:worker-effect-data-processing (151ms)
2023-4-17 19:44:03-debug: %cImport%c: /Users/cce/Desktop/work/DIAO-game/NewProject/assets/Script/init/scenesChange.tsbackground: #aaff85; color: #000;color: #000;
2023-4-17 19:44:03-debug: refresh db assets success
2023-4-17 19:44:03-debug: asset-db:refresh-all-database (192ms)
2023-4-17 19:44:03-debug: Query all assets info in project
2023-4-17 19:44:03-debug: BuildAssetLibrary query-assets with assets 446
2023-4-17 19:44:03-debug: init custom config: keepNodeUuid: false, useCache: true
2023-4-17 19:44:03-debug:   Number of all scenes: 2
2023-4-17 19:44:03-debug:   Number of all scripts: 5
2023-4-17 19:44:03-debug:   Number of other assets: 300
2023-4-17 19:44:03-debug: // ---- build task 查询 Asset Bundle ----
2023-4-17 19:44:03-debug: 查询 Asset Bundle start0%
2023-4-17 19:44:03-debug: Process: heapTotal 225.17MB heapUsed 205.66MB rss 667.09MB
2023-4-17 19:44:03-debug: // ---- build task 查询 Asset Bundle ---- (5ms)
2023-4-17 19:44:03-debug: Process: heapTotal 223.26MB heapUsed 202.59MB rss 667.11MB
2023-4-17 19:44:03-debug: run build task 查询 Asset Bundle success in 5 ms √3%
2023-4-17 19:44:03-debug: 查询使用的资源以及资源包配置 start3%
2023-4-17 19:44:03-debug: // ---- build task 查询使用的资源以及资源包配置 ----
2023-4-17 19:44:03-debug: init bundle assets
2023-4-17 19:44:03-debug: Query preload assets from cc.config.json: 60f7195c-ec2a-45eb-ba94-8955f60e81d0,1c02ae6f-4492-4915-b8f8-7492a3b1e4cd,810e96e4-e456-4468-9b59-f4e8f39732c0,efe8e2a3-eace-427b-b4f1-cb8a937ec77d,e9aa9a3e-5b2b-4ac7-a2c7-073de2b2b24f,8bbdbcdd-5cd4-4100-b6d5-b7c9625b6107,50f4348b-c883-4e2f-8f11-ce233b859fa1,fda095cb-831d-4601-ad94-846013963de8,f92806d7-1768-443f-afe8-12bcde84d0f0,dd3a144d-ab7f-41f0-82b8-2e43a090d496,f0416e68-0200-4b77-a926-4f9d16e494da,ff9be190-20a4-4e48-b68c-76e3c7cff085,970b0598-bcb0-4714-91fb-2e81440dccd8,bcd64cc6-2dd9-43f6-abbe-66318d332032,d930590d-bb92-4cc8-8bd1-23cd027f9edf,a3cd009f-0ab0-420d-9278-b9fdab939bbc,9361fd90-ba52-4f84-aa93-6e878fd576ca,c27215d8-6835-4b68-bfbb-bdeac6100c04,b5d6115f-0370-4d7c-aad3-c194cc71cf98,871c3b6c-7379-419d-bda3-794b239ab90d
2023-4-17 19:44:03-debug: Number of scenes: 2
2023-4-17 19:44:03-debug: // ---- build task 查询使用的资源以及资源包配置 ---- (2ms)
2023-4-17 19:44:03-debug: Process: heapTotal 223.26MB heapUsed 202.70MB rss 667.11MB
2023-4-17 19:44:03-debug: sort script group...
2023-4-17 19:44:03-debug: // ---- build task 整理脚本分组与脚本数据 ----
2023-4-17 19:44:03-debug: run build task 查询使用的资源以及资源包配置 success in 2 ms √7%
2023-4-17 19:44:03-debug: 整理脚本分组与脚本数据 start7%
2023-4-17 19:44:03-debug: // ---- build task 整理脚本分组与脚本数据 ---- (1ms)
2023-4-17 19:44:03-debug: run build task 整理脚本分组与脚本数据 success in 1 ms √10%
2023-4-17 19:44:03-debug: 初始化 settings.json 与 config.json start10%
2023-4-17 19:44:03-debug: // ---- build task 初始化 settings.json 与 config.json ----
2023-4-17 19:44:03-debug: Process: heapTotal 223.26MB heapUsed 202.72MB rss 667.11MB
2023-4-17 19:44:03-debug: // ---- build task 初始化 settings.json 与 config.json ---- (1ms)
2023-4-17 19:44:03-debug: builder.tasks.settings.macro 字段未在编辑器多语言内定义
2023-4-17 19:44:03-debug: run build task 初始化 settings.json 与 config.json success in 1 ms √11%
2023-4-17 19:44:03-debug: // ---- build task builder.tasks.settings.macro ----
2023-4-17 19:44:03-debug: builder.tasks.settings.macro start11%
2023-4-17 19:44:03-debug: Process: heapTotal 223.26MB heapUsed 202.75MB rss 667.11MB
2023-4-17 19:44:03-debug: // ---- build task builder.tasks.settings.macro ---- (2ms)
2023-4-17 19:44:03-debug: run build task builder.tasks.settings.macro success in 2 ms √11%
2023-4-17 19:44:03-debug: 整理部分构建选项内数据到 settings.json start11%
2023-4-17 19:44:03-debug: // ---- build task 整理部分构建选项内数据到 settings.json ----
2023-4-17 19:44:03-debug: Process: heapTotal 223.26MB heapUsed 202.77MB rss 667.12MB
2023-4-17 19:44:03-debug: // ---- build task 整理部分构建选项内数据到 settings.json ---- (2ms)
2023-4-17 19:44:03-debug: custom joint texture layouts start12%
2023-4-17 19:44:03-debug: run build task 整理部分构建选项内数据到 settings.json success in 2 ms √12%
2023-4-17 19:44:03-debug: // ---- build task custom joint texture layouts ----
2023-4-17 19:44:03-debug: Process: heapTotal 223.26MB heapUsed 202.83MB rss 667.12MB
2023-4-17 19:44:03-debug: // ---- build task custom joint texture layouts ---- (1ms)
2023-4-17 19:44:03-debug: custom joint physics start12%
2023-4-17 19:44:03-debug: // ---- build task custom joint physics ----
2023-4-17 19:44:03-debug: run build task custom joint texture layouts success in 1 ms √12%
2023-4-17 19:44:03-debug: Process: heapTotal 223.26MB heapUsed 202.86MB rss 667.12MB
2023-4-17 19:44:03-debug: run build task custom joint physics success in 0 ms √13%
2023-4-17 19:44:03-debug: 填充脚本数据到 settings.json start13%
2023-4-17 19:44:03-debug: // ---- build task 填充脚本数据到 settings.json ----
2023-4-17 19:44:03-debug: Process: heapTotal 223.26MB heapUsed 202.88MB rss 667.13MB
2023-4-17 19:44:03-debug: // ---- build task 填充脚本数据到 settings.json ---- (1ms)
2023-4-17 19:44:03-debug: // ---- build task 填充场景数据到 settings.json ----
2023-4-17 19:44:03-debug: 填充场景数据到 settings.json start13%
2023-4-17 19:44:03-debug: Process: heapTotal 223.26MB heapUsed 202.90MB rss 667.13MB
2023-4-17 19:44:03-debug: run build task 填充脚本数据到 settings.json success in 1 ms √13%
2023-4-17 19:44:03-debug: // ---- build task 填充场景数据到 settings.json ---- (1ms)
2023-4-17 19:44:03-debug: Process: heapTotal 223.26MB heapUsed 202.92MB rss 667.14MB
2023-4-17 19:44:03-debug: 整理资源分组，生成 packedAssets 以及 rawAssets 数据 start14%
2023-4-17 19:44:03-debug: // ---- build task 整理资源分组，生成 packedAssets 以及 rawAssets 数据 ----
2023-4-17 19:44:03-debug: run build task 填充场景数据到 settings.json success in 1 ms √14%
2023-4-17 19:44:03-debug: run build task 整理资源分组，生成 packedAssets 以及 rawAssets 数据 success in 0 ms √14%
2023-4-17 19:44:03-debug: 从 suffixMap 生成 md5AssetsMap 到 settings.json start14%
2023-4-17 19:44:03-debug: // ---- build task 从 suffixMap 生成 md5AssetsMap 到 settings.json ----
2023-4-17 19:44:03-debug: Process: heapTotal 223.26MB heapUsed 202.94MB rss 667.14MB
2023-4-17 19:44:03-debug: options.md5Cache is false.
2023-4-17 19:44:03-debug: run build task 从 suffixMap 生成 md5AssetsMap 到 settings.json success in 0 ms √15%
2023-4-17 19:44:51-debug: refresh db internal success
2023-4-17 19:44:51-debug: asset-db:worker-effect-data-processing (200ms)
2023-4-17 19:44:51-debug: refresh db assets success
2023-4-17 19:44:51-debug: asset-db:refresh-all-database (262ms)
2023-4-17 19:45:29-debug: refresh db internal success
2023-4-17 19:45:30-debug: asset-db:worker-effect-data-processing (145ms)
2023-4-17 19:45:30-debug: %cImport%c: /Users/cce/Desktop/work/DIAO-game/NewProject/assets/Script/init/scenesChange.tsbackground: #aaff85; color: #000;color: #000;
2023-4-17 19:45:30-debug: refresh db assets success
2023-4-17 19:45:30-debug: asset-db:refresh-all-database (182ms)
2023-4-17 19:45:30-debug: Query all assets info in project
2023-4-17 19:45:30-debug: BuildAssetLibrary query-assets with assets 446
2023-4-17 19:45:30-debug:   Number of other assets: 300
2023-4-17 19:45:30-debug: 查询 Asset Bundle start0%
2023-4-17 19:45:30-debug: // ---- build task 查询 Asset Bundle ----
2023-4-17 19:45:30-debug: Process: heapTotal 224.84MB heapUsed 204.36MB rss 667.55MB
2023-4-17 19:45:30-debug: init custom config: keepNodeUuid: false, useCache: true
2023-4-17 19:45:30-debug:   Number of all scenes: 2
2023-4-17 19:45:30-debug:   Number of all scripts: 5
2023-4-17 19:45:30-debug: // ---- build task 查询 Asset Bundle ---- (5ms)
2023-4-17 19:45:30-debug: run build task 查询 Asset Bundle success in 5 ms √3%
2023-4-17 19:45:30-debug: 查询使用的资源以及资源包配置 start3%
2023-4-17 19:45:30-debug: // ---- build task 查询使用的资源以及资源包配置 ----
2023-4-17 19:45:30-debug: Process: heapTotal 224.84MB heapUsed 205.79MB rss 667.55MB
2023-4-17 19:45:30-debug: init bundle assets
2023-4-17 19:45:30-debug: Query preload assets from cc.config.json: 60f7195c-ec2a-45eb-ba94-8955f60e81d0,1c02ae6f-4492-4915-b8f8-7492a3b1e4cd,810e96e4-e456-4468-9b59-f4e8f39732c0,efe8e2a3-eace-427b-b4f1-cb8a937ec77d,e9aa9a3e-5b2b-4ac7-a2c7-073de2b2b24f,8bbdbcdd-5cd4-4100-b6d5-b7c9625b6107,50f4348b-c883-4e2f-8f11-ce233b859fa1,fda095cb-831d-4601-ad94-846013963de8,f92806d7-1768-443f-afe8-12bcde84d0f0,dd3a144d-ab7f-41f0-82b8-2e43a090d496,f0416e68-0200-4b77-a926-4f9d16e494da,ff9be190-20a4-4e48-b68c-76e3c7cff085,970b0598-bcb0-4714-91fb-2e81440dccd8,bcd64cc6-2dd9-43f6-abbe-66318d332032,d930590d-bb92-4cc8-8bd1-23cd027f9edf,a3cd009f-0ab0-420d-9278-b9fdab939bbc,9361fd90-ba52-4f84-aa93-6e878fd576ca,c27215d8-6835-4b68-bfbb-bdeac6100c04,b5d6115f-0370-4d7c-aad3-c194cc71cf98,871c3b6c-7379-419d-bda3-794b239ab90d
2023-4-17 19:45:30-debug: Number of scenes: 2
2023-4-17 19:45:30-debug: // ---- build task 查询使用的资源以及资源包配置 ---- (4ms)
2023-4-17 19:45:30-debug: run build task 查询使用的资源以及资源包配置 success in 4 ms √7%
2023-4-17 19:45:30-debug: 整理脚本分组与脚本数据 start7%
2023-4-17 19:45:30-debug: // ---- build task 整理脚本分组与脚本数据 ----
2023-4-17 19:45:30-debug: Process: heapTotal 224.84MB heapUsed 203.03MB rss 667.55MB
2023-4-17 19:45:30-debug: sort script group...
2023-4-17 19:45:30-debug: // ---- build task 整理脚本分组与脚本数据 ---- (1ms)
2023-4-17 19:45:30-debug: 初始化 settings.json 与 config.json start10%
2023-4-17 19:45:30-debug: run build task 整理脚本分组与脚本数据 success in 1 ms √10%
2023-4-17 19:45:30-debug: Process: heapTotal 224.84MB heapUsed 203.06MB rss 667.56MB
2023-4-17 19:45:30-debug: // ---- build task 初始化 settings.json 与 config.json ----
2023-4-17 19:45:30-debug: run build task 初始化 settings.json 与 config.json success in 0 ms √11%
2023-4-17 19:45:30-debug: builder.tasks.settings.macro 字段未在编辑器多语言内定义
2023-4-17 19:45:30-debug: builder.tasks.settings.macro start11%
2023-4-17 19:45:30-debug: // ---- build task builder.tasks.settings.macro ----
2023-4-17 19:45:30-debug: Process: heapTotal 224.84MB heapUsed 203.08MB rss 667.57MB
2023-4-17 19:45:30-debug: // ---- build task builder.tasks.settings.macro ---- (2ms)
2023-4-17 19:45:30-debug: // ---- build task 整理部分构建选项内数据到 settings.json ----
2023-4-17 19:45:30-debug: 整理部分构建选项内数据到 settings.json start11%
2023-4-17 19:45:30-debug: run build task builder.tasks.settings.macro success in 2 ms √11%
2023-4-17 19:45:30-debug: Process: heapTotal 224.84MB heapUsed 203.10MB rss 667.57MB
2023-4-17 19:45:30-debug: // ---- build task 整理部分构建选项内数据到 settings.json ---- (4ms)
2023-4-17 19:45:30-debug: run build task 整理部分构建选项内数据到 settings.json success in 4 ms √12%
2023-4-17 19:45:30-debug: custom joint texture layouts start12%
2023-4-17 19:45:30-debug: // ---- build task custom joint texture layouts ----
2023-4-17 19:45:30-debug: Process: heapTotal 224.84MB heapUsed 203.17MB rss 667.57MB
2023-4-17 19:45:30-debug: // ---- build task custom joint texture layouts ---- (2ms)
2023-4-17 19:45:30-debug: run build task custom joint texture layouts success in 2 ms √12%
2023-4-17 19:45:30-debug: custom joint physics start12%
2023-4-17 19:45:30-debug: // ---- build task custom joint physics ----
2023-4-17 19:45:30-debug: Process: heapTotal 224.84MB heapUsed 203.19MB rss 667.58MB
2023-4-17 19:45:30-debug: run build task custom joint physics success in 0 ms √13%
2023-4-17 19:45:30-debug: 填充脚本数据到 settings.json start13%
2023-4-17 19:45:30-debug: // ---- build task 填充脚本数据到 settings.json ----
2023-4-17 19:45:30-debug: Process: heapTotal 224.84MB heapUsed 203.21MB rss 667.59MB
2023-4-17 19:45:30-debug: // ---- build task 填充脚本数据到 settings.json ---- (1ms)
2023-4-17 19:45:30-debug: 填充场景数据到 settings.json start13%
2023-4-17 19:45:30-debug: run build task 填充脚本数据到 settings.json success in 1 ms √13%
2023-4-17 19:45:30-debug: Process: heapTotal 224.84MB heapUsed 203.23MB rss 667.59MB
2023-4-17 19:45:30-debug: // ---- build task 填充场景数据到 settings.json ----
2023-4-17 19:45:30-debug: run build task 填充场景数据到 settings.json success in 0 ms √14%
2023-4-17 19:45:30-debug: // ---- build task 整理资源分组，生成 packedAssets 以及 rawAssets 数据 ----
2023-4-17 19:45:30-debug: 整理资源分组，生成 packedAssets 以及 rawAssets 数据 start14%
2023-4-17 19:45:30-debug: Process: heapTotal 224.84MB heapUsed 203.25MB rss 667.59MB
2023-4-17 19:45:30-debug: // ---- build task 整理资源分组，生成 packedAssets 以及 rawAssets 数据 ---- (1ms)
2023-4-17 19:45:30-debug: 从 suffixMap 生成 md5AssetsMap 到 settings.json start14%
2023-4-17 19:45:30-debug: run build task 整理资源分组，生成 packedAssets 以及 rawAssets 数据 success in 1 ms √14%
2023-4-17 19:45:30-debug: // ---- build task 从 suffixMap 生成 md5AssetsMap 到 settings.json ----
2023-4-17 19:45:30-debug: Process: heapTotal 224.84MB heapUsed 203.28MB rss 667.60MB
2023-4-17 19:45:30-debug: options.md5Cache is false.
2023-4-17 19:45:30-debug: run build task 从 suffixMap 生成 md5AssetsMap 到 settings.json success in 0 ms √15%
2023-4-17 19:45:51-debug: refresh db internal success
2023-4-17 19:45:51-debug: asset-db:worker-effect-data-processing (208ms)
2023-4-17 19:45:51-debug: refresh db assets success
2023-4-17 19:45:51-debug: asset-db:refresh-all-database (250ms)
2023-4-17 19:48:24-debug: refresh db internal success
2023-4-17 19:48:25-debug: asset-db:worker-effect-data-processing (203ms)
2023-4-17 19:48:25-debug: refresh db assets success
2023-4-17 19:48:25-debug: asset-db:refresh-all-database (240ms)
2023-4-17 19:49:40-debug: refresh db internal success
2023-4-17 19:49:41-debug: asset-db:worker-effect-data-processing (192ms)
2023-4-17 19:49:41-debug: refresh db assets success
2023-4-17 19:49:41-debug: asset-db:refresh-all-database (229ms)
2023-4-17 19:51:44-debug: refresh db internal success
2023-4-17 19:51:44-debug: asset-db:worker-effect-data-processing (193ms)
2023-4-17 19:51:44-debug: refresh db assets success
2023-4-17 19:51:44-debug: asset-db:refresh-all-database (230ms)
2023-4-17 19:52:09-debug: Query all assets info in project
2023-4-17 19:52:09-debug: BuildAssetLibrary query-assets with assets 446
2023-4-17 19:52:09-debug:   Number of other assets: 300
2023-4-17 19:52:09-debug: 查询 Asset Bundle start0%
2023-4-17 19:52:09-debug: // ---- build task 查询 Asset Bundle ----
2023-4-17 19:52:09-debug:   Number of all scripts: 5
2023-4-17 19:52:09-debug:   Number of all scenes: 2
2023-4-17 19:52:09-debug: Process: heapTotal 223.53MB heapUsed 196.54MB rss 667.69MB
2023-4-17 19:52:09-debug: init custom config: keepNodeUuid: false, useCache: true
2023-4-17 19:52:09-debug: // ---- build task 查询 Asset Bundle ---- (6ms)
2023-4-17 19:52:09-debug: Process: heapTotal 208.03MB heapUsed 191.42MB rss 667.69MB
2023-4-17 19:52:09-debug: init bundle assets
2023-4-17 19:52:09-debug: run build task 查询 Asset Bundle success in 6 ms √3%
2023-4-17 19:52:09-debug: // ---- build task 查询使用的资源以及资源包配置 ----
2023-4-17 19:52:09-debug: 查询使用的资源以及资源包配置 start3%
2023-4-17 19:52:09-debug: Query preload assets from cc.config.json: 60f7195c-ec2a-45eb-ba94-8955f60e81d0,1c02ae6f-4492-4915-b8f8-7492a3b1e4cd,810e96e4-e456-4468-9b59-f4e8f39732c0,efe8e2a3-eace-427b-b4f1-cb8a937ec77d,e9aa9a3e-5b2b-4ac7-a2c7-073de2b2b24f,8bbdbcdd-5cd4-4100-b6d5-b7c9625b6107,50f4348b-c883-4e2f-8f11-ce233b859fa1,fda095cb-831d-4601-ad94-846013963de8,f92806d7-1768-443f-afe8-12bcde84d0f0,dd3a144d-ab7f-41f0-82b8-2e43a090d496,f0416e68-0200-4b77-a926-4f9d16e494da,ff9be190-20a4-4e48-b68c-76e3c7cff085,970b0598-bcb0-4714-91fb-2e81440dccd8,bcd64cc6-2dd9-43f6-abbe-66318d332032,d930590d-bb92-4cc8-8bd1-23cd027f9edf,a3cd009f-0ab0-420d-9278-b9fdab939bbc,9361fd90-ba52-4f84-aa93-6e878fd576ca,c27215d8-6835-4b68-bfbb-bdeac6100c04,b5d6115f-0370-4d7c-aad3-c194cc71cf98,871c3b6c-7379-419d-bda3-794b239ab90d
2023-4-17 19:52:09-debug: Number of scenes: 2
2023-4-17 19:52:09-debug: // ---- build task 查询使用的资源以及资源包配置 ---- (3ms)
2023-4-17 19:52:09-debug: run build task 查询使用的资源以及资源包配置 success in 3 ms √7%
2023-4-17 19:52:09-debug: sort script group...
2023-4-17 19:52:09-debug: // ---- build task 整理脚本分组与脚本数据 ----
2023-4-17 19:52:09-debug: Process: heapTotal 208.03MB heapUsed 191.54MB rss 667.70MB
2023-4-17 19:52:09-debug: 整理脚本分组与脚本数据 start7%
2023-4-17 19:52:09-debug: run build task 整理脚本分组与脚本数据 success in 0 ms √10%
2023-4-17 19:52:09-debug: 初始化 settings.json 与 config.json start10%
2023-4-17 19:52:09-debug: // ---- build task 初始化 settings.json 与 config.json ----
2023-4-17 19:52:09-debug: Process: heapTotal 208.03MB heapUsed 191.56MB rss 667.70MB
2023-4-17 19:52:09-debug: run build task 初始化 settings.json 与 config.json success in 0 ms √11%
2023-4-17 19:52:09-debug: builder.tasks.settings.macro start11%
2023-4-17 19:52:09-debug: // ---- build task builder.tasks.settings.macro ----
2023-4-17 19:52:09-debug: builder.tasks.settings.macro 字段未在编辑器多语言内定义
2023-4-17 19:52:09-debug: Process: heapTotal 208.03MB heapUsed 191.59MB rss 667.70MB
2023-4-17 19:52:09-debug: // ---- build task builder.tasks.settings.macro ---- (1ms)
2023-4-17 19:52:09-debug: // ---- build task 整理部分构建选项内数据到 settings.json ----
2023-4-17 19:52:09-debug: 整理部分构建选项内数据到 settings.json start11%
2023-4-17 19:52:09-debug: run build task builder.tasks.settings.macro success in 1 ms √11%
2023-4-17 19:52:09-debug: Process: heapTotal 208.03MB heapUsed 191.61MB rss 667.71MB
2023-4-17 19:52:09-debug: // ---- build task 整理部分构建选项内数据到 settings.json ---- (2ms)
2023-4-17 19:52:09-debug: // ---- build task custom joint texture layouts ----
2023-4-17 19:52:09-debug: custom joint texture layouts start12%
2023-4-17 19:52:09-debug: run build task 整理部分构建选项内数据到 settings.json success in 2 ms √12%
2023-4-17 19:52:09-debug: Process: heapTotal 208.03MB heapUsed 191.67MB rss 667.71MB
2023-4-17 19:52:09-debug: // ---- build task custom joint texture layouts ---- (1ms)
2023-4-17 19:52:09-debug: // ---- build task custom joint physics ----
2023-4-17 19:52:09-debug: custom joint physics start12%
2023-4-17 19:52:09-debug: Process: heapTotal 208.03MB heapUsed 191.70MB rss 667.71MB
2023-4-17 19:52:09-debug: run build task custom joint texture layouts success in 1 ms √12%
2023-4-17 19:52:09-debug: run build task custom joint physics success in 0 ms √13%
2023-4-17 19:52:09-debug: Process: heapTotal 208.03MB heapUsed 191.71MB rss 667.71MB
2023-4-17 19:52:09-debug: // ---- build task 填充脚本数据到 settings.json ----
2023-4-17 19:52:09-debug: 填充脚本数据到 settings.json start13%
2023-4-17 19:52:09-debug: run build task 填充脚本数据到 settings.json success in 0 ms √13%
2023-4-17 19:52:09-debug: Process: heapTotal 208.03MB heapUsed 191.73MB rss 667.71MB
2023-4-17 19:52:09-debug: // ---- build task 填充场景数据到 settings.json ----
2023-4-17 19:52:09-debug: 填充场景数据到 settings.json start13%
2023-4-17 19:52:09-debug: // ---- build task 填充场景数据到 settings.json ---- (1ms)
2023-4-17 19:52:09-debug: // ---- build task 整理资源分组，生成 packedAssets 以及 rawAssets 数据 ----
2023-4-17 19:52:09-debug: 整理资源分组，生成 packedAssets 以及 rawAssets 数据 start14%
2023-4-17 19:52:09-debug: run build task 填充场景数据到 settings.json success in 1 ms √14%
2023-4-17 19:52:09-debug: Process: heapTotal 208.03MB heapUsed 191.75MB rss 667.73MB
2023-4-17 19:52:09-debug: // ---- build task 整理资源分组，生成 packedAssets 以及 rawAssets 数据 ---- (1ms)
2023-4-17 19:52:09-debug: 从 suffixMap 生成 md5AssetsMap 到 settings.json start14%
2023-4-17 19:52:09-debug: Process: heapTotal 208.03MB heapUsed 191.78MB rss 667.73MB
2023-4-17 19:52:09-debug: // ---- build task 从 suffixMap 生成 md5AssetsMap 到 settings.json ----
2023-4-17 19:52:09-debug: options.md5Cache is false.
2023-4-17 19:52:09-debug: run build task 整理资源分组，生成 packedAssets 以及 rawAssets 数据 success in 1 ms √14%
2023-4-17 19:52:09-debug: run build task 从 suffixMap 生成 md5AssetsMap 到 settings.json success in 0 ms √15%
2023-4-17 19:52:38-debug: Query all assets info in project
2023-4-17 19:52:38-debug: BuildAssetLibrary query-assets with assets 446
2023-4-17 19:52:38-debug:   Number of all scripts: 5
2023-4-17 19:52:38-debug: 查询 Asset Bundle start0%
2023-4-17 19:52:38-debug: // ---- build task 查询 Asset Bundle ----
2023-4-17 19:52:38-debug: Process: heapTotal 207.78MB heapUsed 191.60MB rss 667.75MB
2023-4-17 19:52:38-debug:   Number of all scenes: 2
2023-4-17 19:52:38-debug:   Number of other assets: 300
2023-4-17 19:52:38-debug: init custom config: keepNodeUuid: false, useCache: true
2023-4-17 19:52:38-debug: // ---- build task 查询 Asset Bundle ---- (7ms)
2023-4-17 19:52:38-debug: Process: heapTotal 207.78MB heapUsed 192.32MB rss 667.75MB
2023-4-17 19:52:38-debug: init bundle assets
2023-4-17 19:52:38-debug: // ---- build task 查询使用的资源以及资源包配置 ----
2023-4-17 19:52:38-debug: run build task 查询 Asset Bundle success in 7 ms √3%
2023-4-17 19:52:38-debug: 查询使用的资源以及资源包配置 start3%
2023-4-17 19:52:38-debug: Query preload assets from cc.config.json: 60f7195c-ec2a-45eb-ba94-8955f60e81d0,1c02ae6f-4492-4915-b8f8-7492a3b1e4cd,810e96e4-e456-4468-9b59-f4e8f39732c0,efe8e2a3-eace-427b-b4f1-cb8a937ec77d,e9aa9a3e-5b2b-4ac7-a2c7-073de2b2b24f,8bbdbcdd-5cd4-4100-b6d5-b7c9625b6107,50f4348b-c883-4e2f-8f11-ce233b859fa1,fda095cb-831d-4601-ad94-846013963de8,f92806d7-1768-443f-afe8-12bcde84d0f0,dd3a144d-ab7f-41f0-82b8-2e43a090d496,f0416e68-0200-4b77-a926-4f9d16e494da,ff9be190-20a4-4e48-b68c-76e3c7cff085,970b0598-bcb0-4714-91fb-2e81440dccd8,bcd64cc6-2dd9-43f6-abbe-66318d332032,d930590d-bb92-4cc8-8bd1-23cd027f9edf,a3cd009f-0ab0-420d-9278-b9fdab939bbc,9361fd90-ba52-4f84-aa93-6e878fd576ca,c27215d8-6835-4b68-bfbb-bdeac6100c04,b5d6115f-0370-4d7c-aad3-c194cc71cf98,871c3b6c-7379-419d-bda3-794b239ab90d
2023-4-17 19:52:38-debug: Number of scenes: 2
2023-4-17 19:52:38-debug: // ---- build task 查询使用的资源以及资源包配置 ---- (1ms)
2023-4-17 19:52:38-debug: Process: heapTotal 207.78MB heapUsed 192.42MB rss 667.75MB
2023-4-17 19:52:38-debug: sort script group...
2023-4-17 19:52:38-debug: // ---- build task 整理脚本分组与脚本数据 ----
2023-4-17 19:52:38-debug: run build task 查询使用的资源以及资源包配置 success in 1 ms √7%
2023-4-17 19:52:38-debug: 整理脚本分组与脚本数据 start7%
2023-4-17 19:52:38-debug: run build task 整理脚本分组与脚本数据 success in 0 ms √10%
2023-4-17 19:52:38-debug: // ---- build task 初始化 settings.json 与 config.json ----
2023-4-17 19:52:38-debug: Process: heapTotal 207.78MB heapUsed 192.44MB rss 667.75MB
2023-4-17 19:52:38-debug: 初始化 settings.json 与 config.json start10%
2023-4-17 19:52:38-debug: run build task 初始化 settings.json 与 config.json success in 0 ms √11%
2023-4-17 19:52:38-debug: builder.tasks.settings.macro 字段未在编辑器多语言内定义
2023-4-17 19:52:38-debug: builder.tasks.settings.macro start11%
2023-4-17 19:52:38-debug: // ---- build task builder.tasks.settings.macro ----
2023-4-17 19:52:38-debug: Process: heapTotal 207.78MB heapUsed 192.47MB rss 667.76MB
2023-4-17 19:52:38-debug: // ---- build task builder.tasks.settings.macro ---- (2ms)
2023-4-17 19:52:38-debug: Process: heapTotal 207.78MB heapUsed 191.57MB rss 667.77MB
2023-4-17 19:52:38-debug: 整理部分构建选项内数据到 settings.json start11%
2023-4-17 19:52:38-debug: // ---- build task 整理部分构建选项内数据到 settings.json ----
2023-4-17 19:52:38-debug: run build task builder.tasks.settings.macro success in 2 ms √11%
2023-4-17 19:52:38-debug: // ---- build task 整理部分构建选项内数据到 settings.json ---- (2ms)
2023-4-17 19:52:38-debug: // ---- build task custom joint texture layouts ----
2023-4-17 19:52:38-debug: custom joint texture layouts start12%
2023-4-17 19:52:38-debug: run build task 整理部分构建选项内数据到 settings.json success in 2 ms √12%
2023-4-17 19:52:38-debug: Process: heapTotal 207.78MB heapUsed 191.63MB rss 667.77MB
2023-4-17 19:52:38-debug: // ---- build task custom joint texture layouts ---- (1ms)
2023-4-17 19:52:38-debug: run build task custom joint texture layouts success in 1 ms √12%
2023-4-17 19:52:38-debug: Process: heapTotal 207.78MB heapUsed 191.65MB rss 667.78MB
2023-4-17 19:52:38-debug: custom joint physics start12%
2023-4-17 19:52:38-debug: // ---- build task custom joint physics ----
2023-4-17 19:52:38-debug: run build task custom joint physics success in 0 ms √13%
2023-4-17 19:52:38-debug: 填充脚本数据到 settings.json start13%
2023-4-17 19:52:38-debug: // ---- build task 填充脚本数据到 settings.json ----
2023-4-17 19:52:38-debug: Process: heapTotal 207.78MB heapUsed 191.67MB rss 667.78MB
2023-4-17 19:52:38-debug: run build task 填充脚本数据到 settings.json success in 0 ms √13%
2023-4-17 19:52:38-debug: 填充场景数据到 settings.json start13%
2023-4-17 19:52:38-debug: Process: heapTotal 207.78MB heapUsed 191.69MB rss 667.78MB
2023-4-17 19:52:38-debug: // ---- build task 填充场景数据到 settings.json ----
2023-4-17 19:52:38-debug: // ---- build task 填充场景数据到 settings.json ---- (1ms)
2023-4-17 19:52:38-debug: // ---- build task 整理资源分组，生成 packedAssets 以及 rawAssets 数据 ----
2023-4-17 19:52:38-debug: run build task 填充场景数据到 settings.json success in 1 ms √14%
2023-4-17 19:52:38-debug: Process: heapTotal 207.78MB heapUsed 191.71MB rss 667.78MB
2023-4-17 19:52:38-debug: 整理资源分组，生成 packedAssets 以及 rawAssets 数据 start14%
2023-4-17 19:52:38-debug: run build task 整理资源分组，生成 packedAssets 以及 rawAssets 数据 success in 0 ms √14%
2023-4-17 19:52:38-debug: Process: heapTotal 207.78MB heapUsed 191.74MB rss 667.79MB
2023-4-17 19:52:38-debug: // ---- build task 从 suffixMap 生成 md5AssetsMap 到 settings.json ----
2023-4-17 19:52:38-debug: 从 suffixMap 生成 md5AssetsMap 到 settings.json start14%
2023-4-17 19:52:38-debug: options.md5Cache is false.
2023-4-17 19:52:38-debug: run build task 从 suffixMap 生成 md5AssetsMap 到 settings.json success in 0 ms √15%
2023-4-17 19:53:03-debug: refresh db internal success
2023-4-17 19:53:03-debug: asset-db:worker-effect-data-processing (153ms)
2023-4-17 19:53:03-debug: refresh db assets success
2023-4-17 19:53:03-debug: asset-db:refresh-all-database (200ms)
2023-4-17 19:53:05-debug: Query all assets info in project
2023-4-17 19:53:05-debug: BuildAssetLibrary query-assets with assets 446
2023-4-17 19:53:05-debug: init custom config: keepNodeUuid: false, useCache: true
2023-4-17 19:53:05-debug:   Number of all scripts: 5
2023-4-17 19:53:05-debug: 查询 Asset Bundle start0%
2023-4-17 19:53:05-debug: Process: heapTotal 220.86MB heapUsed 191.24MB rss 666.63MB
2023-4-17 19:53:05-debug:   Number of other assets: 300
2023-4-17 19:53:05-debug: // ---- build task 查询 Asset Bundle ----
2023-4-17 19:53:05-debug:   Number of all scenes: 2
2023-4-17 19:53:05-debug: // ---- build task 查询 Asset Bundle ---- (7ms)
2023-4-17 19:53:05-debug: Process: heapTotal 220.86MB heapUsed 192.68MB rss 666.64MB
2023-4-17 19:53:05-debug: init bundle assets
2023-4-17 19:53:05-debug: 查询使用的资源以及资源包配置 start3%
2023-4-17 19:53:05-debug: run build task 查询 Asset Bundle success in 7 ms √3%
2023-4-17 19:53:05-debug: // ---- build task 查询使用的资源以及资源包配置 ----
2023-4-17 19:53:05-debug: Query preload assets from cc.config.json: 60f7195c-ec2a-45eb-ba94-8955f60e81d0,1c02ae6f-4492-4915-b8f8-7492a3b1e4cd,810e96e4-e456-4468-9b59-f4e8f39732c0,efe8e2a3-eace-427b-b4f1-cb8a937ec77d,e9aa9a3e-5b2b-4ac7-a2c7-073de2b2b24f,8bbdbcdd-5cd4-4100-b6d5-b7c9625b6107,50f4348b-c883-4e2f-8f11-ce233b859fa1,fda095cb-831d-4601-ad94-846013963de8,f92806d7-1768-443f-afe8-12bcde84d0f0,dd3a144d-ab7f-41f0-82b8-2e43a090d496,f0416e68-0200-4b77-a926-4f9d16e494da,ff9be190-20a4-4e48-b68c-76e3c7cff085,970b0598-bcb0-4714-91fb-2e81440dccd8,bcd64cc6-2dd9-43f6-abbe-66318d332032,d930590d-bb92-4cc8-8bd1-23cd027f9edf,a3cd009f-0ab0-420d-9278-b9fdab939bbc,9361fd90-ba52-4f84-aa93-6e878fd576ca,c27215d8-6835-4b68-bfbb-bdeac6100c04,b5d6115f-0370-4d7c-aad3-c194cc71cf98,871c3b6c-7379-419d-bda3-794b239ab90d
2023-4-17 19:53:05-debug: Number of scenes: 2
2023-4-17 19:53:05-debug: // ---- build task 查询使用的资源以及资源包配置 ---- (2ms)
2023-4-17 19:53:05-debug: run build task 查询使用的资源以及资源包配置 success in 2 ms √7%
2023-4-17 19:53:05-debug: sort script group...
2023-4-17 19:53:05-debug: // ---- build task 整理脚本分组与脚本数据 ----
2023-4-17 19:53:05-debug: Process: heapTotal 220.86MB heapUsed 192.80MB rss 666.65MB
2023-4-17 19:53:05-debug: 整理脚本分组与脚本数据 start7%
2023-4-17 19:53:05-debug: run build task 整理脚本分组与脚本数据 success in 0 ms √10%
2023-4-17 19:53:05-debug: 初始化 settings.json 与 config.json start10%
2023-4-17 19:53:05-debug: Process: heapTotal 220.86MB heapUsed 192.82MB rss 666.65MB
2023-4-17 19:53:05-debug: // ---- build task 初始化 settings.json 与 config.json ----
2023-4-17 19:53:05-debug: run build task 初始化 settings.json 与 config.json success in 0 ms √11%
2023-4-17 19:53:05-debug: builder.tasks.settings.macro 字段未在编辑器多语言内定义
2023-4-17 19:53:05-debug: builder.tasks.settings.macro start11%
2023-4-17 19:53:05-debug: // ---- build task builder.tasks.settings.macro ----
2023-4-17 19:53:05-debug: Process: heapTotal 220.86MB heapUsed 192.85MB rss 666.66MB
2023-4-17 19:53:05-debug: // ---- build task builder.tasks.settings.macro ---- (1ms)
2023-4-17 19:53:05-debug: run build task builder.tasks.settings.macro success in 1 ms √11%
2023-4-17 19:53:05-debug: 整理部分构建选项内数据到 settings.json start11%
2023-4-17 19:53:05-debug: // ---- build task 整理部分构建选项内数据到 settings.json ----
2023-4-17 19:53:05-debug: Process: heapTotal 220.86MB heapUsed 192.87MB rss 666.66MB
2023-4-17 19:53:05-debug: // ---- build task 整理部分构建选项内数据到 settings.json ---- (3ms)
2023-4-17 19:53:05-debug: run build task 整理部分构建选项内数据到 settings.json success in 3 ms √12%
2023-4-17 19:53:05-debug: custom joint texture layouts start12%
2023-4-17 19:53:05-debug: // ---- build task custom joint texture layouts ----
2023-4-17 19:53:05-debug: Process: heapTotal 220.86MB heapUsed 192.94MB rss 666.67MB
2023-4-17 19:53:05-debug: // ---- build task custom joint texture layouts ---- (2ms)
2023-4-17 19:53:05-debug: run build task custom joint texture layouts success in 2 ms √12%
2023-4-17 19:53:05-debug: custom joint physics start12%
2023-4-17 19:53:05-debug: // ---- build task custom joint physics ----
2023-4-17 19:53:05-debug: Process: heapTotal 220.86MB heapUsed 192.96MB rss 666.68MB
2023-4-17 19:53:05-debug: // ---- build task custom joint physics ---- (1ms)
2023-4-17 19:53:05-debug: Process: heapTotal 220.86MB heapUsed 192.98MB rss 666.68MB
2023-4-17 19:53:05-debug: 填充脚本数据到 settings.json start13%
2023-4-17 19:53:05-debug: // ---- build task 填充脚本数据到 settings.json ----
2023-4-17 19:53:05-debug: run build task custom joint physics success in 1 ms √13%
2023-4-17 19:53:05-debug: // ---- build task 填充脚本数据到 settings.json ---- (1ms)
2023-4-17 19:53:05-debug: // ---- build task 填充场景数据到 settings.json ----
2023-4-17 19:53:05-debug: 填充场景数据到 settings.json start13%
2023-4-17 19:53:05-debug: Process: heapTotal 220.86MB heapUsed 193.01MB rss 666.69MB
2023-4-17 19:53:05-debug: run build task 填充脚本数据到 settings.json success in 1 ms √13%
2023-4-17 19:53:05-debug: run build task 填充场景数据到 settings.json success in 0 ms √14%
2023-4-17 19:53:05-debug: 整理资源分组，生成 packedAssets 以及 rawAssets 数据 start14%
2023-4-17 19:53:05-debug: // ---- build task 整理资源分组，生成 packedAssets 以及 rawAssets 数据 ----
2023-4-17 19:53:05-debug: Process: heapTotal 220.86MB heapUsed 193.02MB rss 666.69MB
2023-4-17 19:53:05-debug: run build task 整理资源分组，生成 packedAssets 以及 rawAssets 数据 success in 0 ms √14%
2023-4-17 19:53:05-debug: options.md5Cache is false.
2023-4-17 19:53:05-debug: 从 suffixMap 生成 md5AssetsMap 到 settings.json start14%
2023-4-17 19:53:05-debug: Process: heapTotal 220.86MB heapUsed 193.05MB rss 666.69MB
2023-4-17 19:53:05-debug: // ---- build task 从 suffixMap 生成 md5AssetsMap 到 settings.json ----
2023-4-17 19:53:05-debug: run build task 从 suffixMap 生成 md5AssetsMap 到 settings.json success in 0 ms √15%
2023-4-17 19:56:36-debug: refresh db internal success
2023-4-17 19:56:36-debug: asset-db:worker-effect-data-processing (207ms)
2023-4-17 19:56:36-debug: refresh db assets success
2023-4-17 19:56:36-debug: asset-db:refresh-all-database (264ms)
2023-4-17 19:56:56-debug: refresh db internal success
2023-4-17 19:56:56-debug: asset-db:worker-effect-data-processing (145ms)
2023-4-17 19:56:56-debug: refresh db assets success
2023-4-17 19:56:56-debug: asset-db:refresh-all-database (179ms)
2023-4-17 19:57:24-debug: refresh db internal success
2023-4-17 19:57:24-debug: asset-db:worker-effect-data-processing (197ms)
2023-4-17 19:57:24-debug: refresh db assets success
2023-4-17 19:57:24-debug: asset-db:refresh-all-database (234ms)
2023-4-17 19:58:05-debug: refresh db internal success
2023-4-17 19:58:05-debug: asset-db:worker-effect-data-processing (195ms)
2023-4-17 19:58:05-debug: refresh db assets success
2023-4-17 19:58:05-debug: asset-db:refresh-all-database (230ms)
2023-4-17 20:00:30-debug: refresh db internal success
2023-4-17 20:00:30-debug: asset-db:worker-effect-data-processing (213ms)
2023-4-17 20:00:30-debug: refresh db assets success
2023-4-17 20:00:30-debug: asset-db:refresh-all-database (252ms)
2023-4-17 20:01:36-debug: refresh db internal success
2023-4-17 20:01:36-debug: asset-db:worker-effect-data-processing (144ms)
2023-4-17 20:01:36-debug: refresh db assets success
2023-4-17 20:01:36-debug: asset-db:refresh-all-database (174ms)
2023-4-17 20:03:20-debug: refresh db internal success
2023-4-17 20:03:21-debug: asset-db:worker-effect-data-processing (210ms)
2023-4-17 20:03:21-debug: refresh db assets success
2023-4-17 20:03:21-debug: asset-db:refresh-all-database (243ms)
2023-4-17 20:06:23-debug: refresh db internal success
2023-4-17 20:06:23-debug: asset-db:worker-effect-data-processing (143ms)
2023-4-17 20:06:23-debug: refresh db assets success
2023-4-17 20:06:23-debug: asset-db:refresh-all-database (178ms)
