2023-4-14 18:06:42-debug: asset-db:worker-init (5337ms)
2023-4-14 18:06:42-debug: Preimport db internal success
2023-4-14 18:06:43-debug: Preimport db assets success
2023-4-14 18:06:43-debug: asset-db:worker-effect-data-processing (642ms)
2023-4-14 18:07:45-debug: Set detail map pack:///resolution-detail-map.json: {}
2023-4-14 18:07:45-debug: asset-db:worker-init-script (10ms)
2023-4-14 18:07:45-debug: Start up the 'internal' database...
2023-4-14 18:07:45-debug: start asset-db with asset: 409
2023-4-14 18:07:45-debug: Start up the 'assets' database...
2023-4-14 18:07:45-debug: start asset-db with asset: 14
2023-4-14 18:07:45-debug: asset-db:worker-startup-database[internal] (62942ms)
2023-4-14 18:07:45-debug: Asset DB is ready!
2023-4-14 18:07:45-debug: asset-db:worker-startup-database[assets] (62567ms)
2023-4-14 18:07:45-debug: init worker message success
2023-4-14 18:07:53-debug: programming:execute-script (1ms)
2023-4-14 18:07:53-debug: builder:worker-init (7657ms)
2023-4-14 18:07:54-debug: refresh db internal success
2023-4-14 18:07:56-debug: asset-db:worker-effect-data-processing (1740ms)
2023-4-14 18:07:56-debug: refresh db assets success
2023-4-14 18:07:56-debug: asset-db:refresh-all-database (2729ms)
2023-4-14 18:08:07-debug: programming:execute-script (34ms)
2023-4-14 18:08:24-debug: refresh db internal success
2023-4-14 18:08:24-debug: asset-db:worker-effect-data-processing (874ms)
2023-4-14 18:08:24-debug: refresh db assets success
2023-4-14 18:08:24-debug: asset-db:refresh-all-database (1284ms)
2023-4-14 18:08:45-debug: Query all assets info in project
2023-4-14 18:08:45-debug: BuildAssetLibrary query-assets with assets 446
2023-4-14 18:08:45-debug:   Number of other assets: 300
2023-4-14 18:08:45-debug: 查询 Asset Bundle start0%
2023-4-14 18:08:45-debug: // ---- build task 查询 Asset Bundle ----
2023-4-14 18:08:45-debug: Process: heapTotal 203.23MB heapUsed 195.54MB rss 634.21MB
2023-4-14 18:08:45-debug:   Number of all scenes: 2
2023-4-14 18:08:45-debug:   Number of all scripts: 5
2023-4-14 18:08:45-debug: init custom config: keepNodeUuid: false, useCache: true
2023-4-14 18:08:45-debug: // ---- build task 查询 Asset Bundle ---- (22ms)
2023-4-14 18:08:45-debug: Process: heapTotal 203.23MB heapUsed 196.26MB rss 634.22MB
2023-4-14 18:08:45-debug: 查询使用的资源以及资源包配置 start3%
2023-4-14 18:08:45-debug: // ---- build task 查询使用的资源以及资源包配置 ----
2023-4-14 18:08:45-debug: run build task 查询 Asset Bundle success in 22 ms √3%
2023-4-14 18:08:45-debug: init bundle assets
2023-4-14 18:08:45-debug: Query preload assets from cc.config.json: 60f7195c-ec2a-45eb-ba94-8955f60e81d0,1c02ae6f-4492-4915-b8f8-7492a3b1e4cd,810e96e4-e456-4468-9b59-f4e8f39732c0,efe8e2a3-eace-427b-b4f1-cb8a937ec77d,e9aa9a3e-5b2b-4ac7-a2c7-073de2b2b24f,8bbdbcdd-5cd4-4100-b6d5-b7c9625b6107,50f4348b-c883-4e2f-8f11-ce233b859fa1,fda095cb-831d-4601-ad94-846013963de8,f92806d7-1768-443f-afe8-12bcde84d0f0,dd3a144d-ab7f-41f0-82b8-2e43a090d496,f0416e68-0200-4b77-a926-4f9d16e494da,ff9be190-20a4-4e48-b68c-76e3c7cff085,970b0598-bcb0-4714-91fb-2e81440dccd8,bcd64cc6-2dd9-43f6-abbe-66318d332032,d930590d-bb92-4cc8-8bd1-23cd027f9edf,a3cd009f-0ab0-420d-9278-b9fdab939bbc,9361fd90-ba52-4f84-aa93-6e878fd576ca,c27215d8-6835-4b68-bfbb-bdeac6100c04,b5d6115f-0370-4d7c-aad3-c194cc71cf98,871c3b6c-7379-419d-bda3-794b239ab90d
2023-4-14 18:08:45-debug: Number of scenes: 2
2023-4-14 18:08:45-debug: // ---- build task 查询使用的资源以及资源包配置 ---- (9ms)
2023-4-14 18:08:45-debug: // ---- build task 整理脚本分组与脚本数据 ----
2023-4-14 18:08:45-debug: sort script group...
2023-4-14 18:08:45-debug: Process: heapTotal 203.23MB heapUsed 196.39MB rss 634.22MB
2023-4-14 18:08:45-debug: run build task 查询使用的资源以及资源包配置 success in 9 ms √7%
2023-4-14 18:08:45-debug: 整理脚本分组与脚本数据 start7%
2023-4-14 18:08:45-debug: // ---- build task 整理脚本分组与脚本数据 ---- (2ms)
2023-4-14 18:08:45-debug: Process: heapTotal 203.23MB heapUsed 196.41MB rss 634.23MB
2023-4-14 18:08:45-debug: 初始化 settings.json 与 config.json start10%
2023-4-14 18:08:45-debug: // ---- build task 初始化 settings.json 与 config.json ----
2023-4-14 18:08:45-debug: run build task 整理脚本分组与脚本数据 success in 2 ms √10%
2023-4-14 18:08:45-debug: // ---- build task 初始化 settings.json 与 config.json ---- (1ms)
2023-4-14 18:08:45-debug: builder.tasks.settings.macro 字段未在编辑器多语言内定义
2023-4-14 18:08:45-debug: builder.tasks.settings.macro start11%
2023-4-14 18:08:45-debug: // ---- build task builder.tasks.settings.macro ----
2023-4-14 18:08:45-debug: run build task 初始化 settings.json 与 config.json success in 1 ms √11%
2023-4-14 18:08:45-debug: Process: heapTotal 203.23MB heapUsed 195.56MB rss 634.23MB
2023-4-14 18:08:45-debug: // ---- build task builder.tasks.settings.macro ---- (4ms)
2023-4-14 18:08:45-debug: run build task builder.tasks.settings.macro success in 4 ms √11%
2023-4-14 18:08:45-debug: 整理部分构建选项内数据到 settings.json start11%
2023-4-14 18:08:45-debug: // ---- build task 整理部分构建选项内数据到 settings.json ----
2023-4-14 18:08:45-debug: Process: heapTotal 203.23MB heapUsed 195.58MB rss 634.23MB
2023-4-14 18:08:45-debug: // ---- build task 整理部分构建选项内数据到 settings.json ---- (172ms)
2023-4-14 18:08:45-debug: // ---- build task custom joint texture layouts ----
2023-4-14 18:08:45-debug: custom joint texture layouts start12%
2023-4-14 18:08:45-debug: run build task 整理部分构建选项内数据到 settings.json success in 172 ms √12%
2023-4-14 18:08:45-debug: Process: heapTotal 203.23MB heapUsed 195.65MB rss 634.23MB
2023-4-14 18:08:45-debug: // ---- build task custom joint texture layouts ---- (3ms)
2023-4-14 18:08:45-debug: // ---- build task custom joint physics ----
2023-4-14 18:08:45-debug: custom joint physics start12%
2023-4-14 18:08:45-debug: Process: heapTotal 203.23MB heapUsed 195.67MB rss 634.23MB
2023-4-14 18:08:45-debug: run build task custom joint texture layouts success in 3 ms √12%
2023-4-14 18:08:45-debug: // ---- build task custom joint physics ---- (1ms)
2023-4-14 18:08:45-debug: Process: heapTotal 203.23MB heapUsed 195.69MB rss 634.24MB
2023-4-14 18:08:45-debug: 填充脚本数据到 settings.json start13%
2023-4-14 18:08:45-debug: // ---- build task 填充脚本数据到 settings.json ----
2023-4-14 18:08:45-debug: run build task custom joint physics success in 1 ms √13%
2023-4-14 18:08:45-debug: // ---- build task 填充脚本数据到 settings.json ---- (1ms)
2023-4-14 18:08:45-debug: Process: heapTotal 203.23MB heapUsed 195.71MB rss 634.24MB
2023-4-14 18:08:45-debug: 填充场景数据到 settings.json start13%
2023-4-14 18:08:45-debug: // ---- build task 填充场景数据到 settings.json ----
2023-4-14 18:08:45-debug: run build task 填充脚本数据到 settings.json success in 1 ms √13%
2023-4-14 18:08:45-debug: // ---- build task 填充场景数据到 settings.json ---- (1ms)
2023-4-14 18:08:45-debug: // ---- build task 整理资源分组，生成 packedAssets 以及 rawAssets 数据 ----
2023-4-14 18:08:45-debug: 整理资源分组，生成 packedAssets 以及 rawAssets 数据 start14%
2023-4-14 18:08:45-debug: Process: heapTotal 203.23MB heapUsed 195.74MB rss 634.25MB
2023-4-14 18:08:45-debug: run build task 填充场景数据到 settings.json success in 1 ms √14%
2023-4-14 18:08:45-debug: // ---- build task 整理资源分组，生成 packedAssets 以及 rawAssets 数据 ---- (1ms)
2023-4-14 18:08:45-debug: Process: heapTotal 203.23MB heapUsed 195.77MB rss 634.25MB
2023-4-14 18:08:45-debug: options.md5Cache is false.
2023-4-14 18:08:45-debug: // ---- build task 从 suffixMap 生成 md5AssetsMap 到 settings.json ----
2023-4-14 18:08:45-debug: run build task 整理资源分组，生成 packedAssets 以及 rawAssets 数据 success in 1 ms √14%
2023-4-14 18:08:45-debug: 从 suffixMap 生成 md5AssetsMap 到 settings.json start14%
2023-4-14 18:08:45-debug: // ---- build task 从 suffixMap 生成 md5AssetsMap 到 settings.json ---- (1ms)
2023-4-14 18:08:45-debug: run build task 从 suffixMap 生成 md5AssetsMap 到 settings.json success in 1 ms √15%
2023-4-14 18:16:05-debug: refresh db internal success
2023-4-14 18:16:05-debug: asset-db:worker-effect-data-processing (247ms)
2023-4-14 18:16:05-debug: refresh db assets success
2023-4-14 18:16:05-debug: asset-db:refresh-all-database (310ms)
2023-4-14 18:16:35-debug: refresh db internal success
2023-4-14 18:16:36-debug: asset-db:worker-effect-data-processing (232ms)
2023-4-14 18:16:36-debug: %cImport%c: /Users/cce/Desktop/work/DIAO-game/NewProject/assets/Script/main/bgTransForm.tsbackground: #aaff85; color: #000;color: #000;
2023-4-14 18:16:36-debug: refresh db assets success
2023-4-14 18:16:36-debug: asset-db:refresh-all-database (280ms)
2023-4-14 18:16:36-debug: Query all assets info in project
2023-4-14 18:16:36-debug: BuildAssetLibrary query-assets with assets 446
2023-4-14 18:16:36-debug:   Number of other assets: 300
2023-4-14 18:16:36-debug: 查询 Asset Bundle start0%
2023-4-14 18:16:36-debug: // ---- build task 查询 Asset Bundle ----
2023-4-14 18:16:36-debug: Process: heapTotal 221.44MB heapUsed 195.97MB rss 636.25MB
2023-4-14 18:16:36-debug: init custom config: keepNodeUuid: false, useCache: true
2023-4-14 18:16:36-debug:   Number of all scenes: 2
2023-4-14 18:16:36-debug:   Number of all scripts: 5
2023-4-14 18:16:36-debug: // ---- build task 查询 Asset Bundle ---- (10ms)
2023-4-14 18:16:36-debug: run build task 查询 Asset Bundle success in 10 ms √3%
2023-4-14 18:16:36-debug: 查询使用的资源以及资源包配置 start3%
2023-4-14 18:16:36-debug: // ---- build task 查询使用的资源以及资源包配置 ----
2023-4-14 18:16:36-debug: Process: heapTotal 221.44MB heapUsed 197.44MB rss 636.25MB
2023-4-14 18:16:36-debug: init bundle assets
2023-4-14 18:16:36-debug: Query preload assets from cc.config.json: 60f7195c-ec2a-45eb-ba94-8955f60e81d0,1c02ae6f-4492-4915-b8f8-7492a3b1e4cd,810e96e4-e456-4468-9b59-f4e8f39732c0,efe8e2a3-eace-427b-b4f1-cb8a937ec77d,e9aa9a3e-5b2b-4ac7-a2c7-073de2b2b24f,8bbdbcdd-5cd4-4100-b6d5-b7c9625b6107,50f4348b-c883-4e2f-8f11-ce233b859fa1,fda095cb-831d-4601-ad94-846013963de8,f92806d7-1768-443f-afe8-12bcde84d0f0,dd3a144d-ab7f-41f0-82b8-2e43a090d496,f0416e68-0200-4b77-a926-4f9d16e494da,ff9be190-20a4-4e48-b68c-76e3c7cff085,970b0598-bcb0-4714-91fb-2e81440dccd8,bcd64cc6-2dd9-43f6-abbe-66318d332032,d930590d-bb92-4cc8-8bd1-23cd027f9edf,a3cd009f-0ab0-420d-9278-b9fdab939bbc,9361fd90-ba52-4f84-aa93-6e878fd576ca,c27215d8-6835-4b68-bfbb-bdeac6100c04,b5d6115f-0370-4d7c-aad3-c194cc71cf98,871c3b6c-7379-419d-bda3-794b239ab90d
2023-4-14 18:16:36-debug: Number of scenes: 2
2023-4-14 18:16:36-debug: // ---- build task 查询使用的资源以及资源包配置 ---- (3ms)
2023-4-14 18:16:36-debug: 整理脚本分组与脚本数据 start7%
2023-4-14 18:16:36-debug: Process: heapTotal 221.44MB heapUsed 197.56MB rss 636.23MB
2023-4-14 18:16:36-debug: run build task 查询使用的资源以及资源包配置 success in 3 ms √7%
2023-4-14 18:16:36-debug: // ---- build task 整理脚本分组与脚本数据 ----
2023-4-14 18:16:36-debug: sort script group...
2023-4-14 18:16:36-debug: // ---- build task 整理脚本分组与脚本数据 ---- (1ms)
2023-4-14 18:16:36-debug: Process: heapTotal 221.44MB heapUsed 197.59MB rss 636.23MB
2023-4-14 18:16:36-debug: run build task 整理脚本分组与脚本数据 success in 1 ms √10%
2023-4-14 18:16:36-debug: 初始化 settings.json 与 config.json start10%
2023-4-14 18:16:36-debug: // ---- build task 初始化 settings.json 与 config.json ----
2023-4-14 18:16:36-debug: run build task 初始化 settings.json 与 config.json success in 0 ms √11%
2023-4-14 18:16:36-debug: builder.tasks.settings.macro 字段未在编辑器多语言内定义
2023-4-14 18:16:36-debug: builder.tasks.settings.macro start11%
2023-4-14 18:16:36-debug: // ---- build task builder.tasks.settings.macro ----
2023-4-14 18:16:36-debug: Process: heapTotal 221.44MB heapUsed 197.61MB rss 636.23MB
2023-4-14 18:16:36-debug: // ---- build task builder.tasks.settings.macro ---- (2ms)
2023-4-14 18:16:36-debug: run build task builder.tasks.settings.macro success in 2 ms √11%
2023-4-14 18:16:36-debug: 整理部分构建选项内数据到 settings.json start11%
2023-4-14 18:16:36-debug: // ---- build task 整理部分构建选项内数据到 settings.json ----
2023-4-14 18:16:36-debug: Process: heapTotal 221.44MB heapUsed 197.64MB rss 636.24MB
2023-4-14 18:16:36-debug: // ---- build task 整理部分构建选项内数据到 settings.json ---- (5ms)
2023-4-14 18:16:36-debug: run build task 整理部分构建选项内数据到 settings.json success in 5 ms √12%
2023-4-14 18:16:36-debug: custom joint texture layouts start12%
2023-4-14 18:16:36-debug: // ---- build task custom joint texture layouts ----
2023-4-14 18:16:36-debug: Process: heapTotal 221.44MB heapUsed 197.70MB rss 636.24MB
2023-4-14 18:16:36-debug: // ---- build task custom joint texture layouts ---- (1ms)
2023-4-14 18:16:36-debug: run build task custom joint texture layouts success in 1 ms √12%
2023-4-14 18:16:36-debug: custom joint physics start12%
2023-4-14 18:16:36-debug: // ---- build task custom joint physics ----
2023-4-14 18:16:36-debug: Process: heapTotal 221.44MB heapUsed 197.72MB rss 636.25MB
2023-4-14 18:16:36-debug: // ---- build task custom joint physics ---- (1ms)
2023-4-14 18:16:36-debug: run build task custom joint physics success in 1 ms √13%
2023-4-14 18:16:36-debug: 填充脚本数据到 settings.json start13%
2023-4-14 18:16:36-debug: // ---- build task 填充脚本数据到 settings.json ----
2023-4-14 18:16:36-debug: Process: heapTotal 221.44MB heapUsed 197.74MB rss 636.26MB
2023-4-14 18:16:36-debug: // ---- build task 填充脚本数据到 settings.json ---- (1ms)
2023-4-14 18:16:36-debug: run build task 填充脚本数据到 settings.json success in 1 ms √13%
2023-4-14 18:16:36-debug: 填充场景数据到 settings.json start13%
2023-4-14 18:16:36-debug: // ---- build task 填充场景数据到 settings.json ----
2023-4-14 18:16:36-debug: Process: heapTotal 221.44MB heapUsed 197.76MB rss 636.27MB
2023-4-14 18:16:36-debug: 整理资源分组，生成 packedAssets 以及 rawAssets 数据 start14%
2023-4-14 18:16:36-debug: // ---- build task 整理资源分组，生成 packedAssets 以及 rawAssets 数据 ----
2023-4-14 18:16:36-debug: run build task 填充场景数据到 settings.json success in 0 ms √14%
2023-4-14 18:16:36-debug: Process: heapTotal 221.44MB heapUsed 197.79MB rss 636.27MB
2023-4-14 18:16:36-debug: run build task 整理资源分组，生成 packedAssets 以及 rawAssets 数据 success in 0 ms √14%
2023-4-14 18:16:36-debug: 从 suffixMap 生成 md5AssetsMap 到 settings.json start14%
2023-4-14 18:16:36-debug: // ---- build task 从 suffixMap 生成 md5AssetsMap 到 settings.json ----
2023-4-14 18:16:36-debug: Process: heapTotal 221.44MB heapUsed 197.82MB rss 636.27MB
2023-4-14 18:16:36-debug: options.md5Cache is false.
2023-4-14 18:16:36-debug: run build task 从 suffixMap 生成 md5AssetsMap 到 settings.json success in 0 ms √15%
2023-4-14 18:16:41-debug: Query all assets info in project
2023-4-14 18:16:41-debug: BuildAssetLibrary query-assets with assets 446
2023-4-14 18:16:41-debug:   Number of all scripts: 5
2023-4-14 18:16:41-debug:   Number of other assets: 300
2023-4-14 18:16:41-debug: 查询 Asset Bundle start0%
2023-4-14 18:16:41-debug: // ---- build task 查询 Asset Bundle ----
2023-4-14 18:16:41-debug: Process: heapTotal 221.44MB heapUsed 199.55MB rss 636.30MB
2023-4-14 18:16:41-debug: init custom config: keepNodeUuid: false, useCache: true
2023-4-14 18:16:41-debug:   Number of all scenes: 2
2023-4-14 18:16:41-debug: // ---- build task 查询 Asset Bundle ---- (6ms)
2023-4-14 18:16:41-debug: Process: heapTotal 219.53MB heapUsed 193.15MB rss 636.30MB
2023-4-14 18:16:41-debug: init bundle assets
2023-4-14 18:16:41-debug: // ---- build task 查询使用的资源以及资源包配置 ----
2023-4-14 18:16:41-debug: run build task 查询 Asset Bundle success in 6 ms √3%
2023-4-14 18:16:41-debug: 查询使用的资源以及资源包配置 start3%
2023-4-14 18:16:41-debug: Query preload assets from cc.config.json: 60f7195c-ec2a-45eb-ba94-8955f60e81d0,1c02ae6f-4492-4915-b8f8-7492a3b1e4cd,810e96e4-e456-4468-9b59-f4e8f39732c0,efe8e2a3-eace-427b-b4f1-cb8a937ec77d,e9aa9a3e-5b2b-4ac7-a2c7-073de2b2b24f,8bbdbcdd-5cd4-4100-b6d5-b7c9625b6107,50f4348b-c883-4e2f-8f11-ce233b859fa1,fda095cb-831d-4601-ad94-846013963de8,f92806d7-1768-443f-afe8-12bcde84d0f0,dd3a144d-ab7f-41f0-82b8-2e43a090d496,f0416e68-0200-4b77-a926-4f9d16e494da,ff9be190-20a4-4e48-b68c-76e3c7cff085,970b0598-bcb0-4714-91fb-2e81440dccd8,bcd64cc6-2dd9-43f6-abbe-66318d332032,d930590d-bb92-4cc8-8bd1-23cd027f9edf,a3cd009f-0ab0-420d-9278-b9fdab939bbc,9361fd90-ba52-4f84-aa93-6e878fd576ca,c27215d8-6835-4b68-bfbb-bdeac6100c04,b5d6115f-0370-4d7c-aad3-c194cc71cf98,871c3b6c-7379-419d-bda3-794b239ab90d
2023-4-14 18:16:41-debug: Number of scenes: 2
2023-4-14 18:16:41-debug: // ---- build task 查询使用的资源以及资源包配置 ---- (1ms)
2023-4-14 18:16:41-debug: // ---- build task 整理脚本分组与脚本数据 ----
2023-4-14 18:16:41-debug: sort script group...
2023-4-14 18:16:41-debug: Process: heapTotal 219.53MB heapUsed 193.25MB rss 636.31MB
2023-4-14 18:16:41-debug: run build task 查询使用的资源以及资源包配置 success in 1 ms √7%
2023-4-14 18:16:41-debug: 整理脚本分组与脚本数据 start7%
2023-4-14 18:16:41-debug: run build task 整理脚本分组与脚本数据 success in 0 ms √10%
2023-4-14 18:16:41-debug: Process: heapTotal 219.53MB heapUsed 193.28MB rss 636.31MB
2023-4-14 18:16:41-debug: // ---- build task 初始化 settings.json 与 config.json ----
2023-4-14 18:16:41-debug: 初始化 settings.json 与 config.json start10%
2023-4-14 18:16:41-debug: run build task 初始化 settings.json 与 config.json success in 0 ms √11%
2023-4-14 18:16:41-debug: // ---- build task builder.tasks.settings.macro ----
2023-4-14 18:16:41-debug: builder.tasks.settings.macro start11%
2023-4-14 18:16:41-debug: builder.tasks.settings.macro 字段未在编辑器多语言内定义
2023-4-14 18:16:41-debug: Process: heapTotal 219.53MB heapUsed 193.30MB rss 636.32MB
2023-4-14 18:16:41-debug: // ---- build task builder.tasks.settings.macro ---- (1ms)
2023-4-14 18:16:41-debug: // ---- build task 整理部分构建选项内数据到 settings.json ----
2023-4-14 18:16:41-debug: 整理部分构建选项内数据到 settings.json start11%
2023-4-14 18:16:41-debug: run build task builder.tasks.settings.macro success in 1 ms √11%
2023-4-14 18:16:41-debug: Process: heapTotal 219.53MB heapUsed 193.33MB rss 636.32MB
2023-4-14 18:16:41-debug: // ---- build task 整理部分构建选项内数据到 settings.json ---- (2ms)
2023-4-14 18:16:41-debug: // ---- build task custom joint texture layouts ----
2023-4-14 18:16:41-debug: custom joint texture layouts start12%
2023-4-14 18:16:41-debug: Process: heapTotal 219.53MB heapUsed 193.39MB rss 636.33MB
2023-4-14 18:16:41-debug: run build task 整理部分构建选项内数据到 settings.json success in 2 ms √12%
2023-4-14 18:16:41-debug: // ---- build task custom joint texture layouts ---- (1ms)
2023-4-14 18:16:41-debug: Process: heapTotal 219.53MB heapUsed 193.41MB rss 636.34MB
2023-4-14 18:16:41-debug: custom joint physics start12%
2023-4-14 18:16:41-debug: // ---- build task custom joint physics ----
2023-4-14 18:16:41-debug: run build task custom joint texture layouts success in 1 ms √12%
2023-4-14 18:16:41-debug: run build task custom joint physics success in 0 ms √13%
2023-4-14 18:16:41-debug: Process: heapTotal 219.53MB heapUsed 193.43MB rss 636.35MB
2023-4-14 18:16:41-debug: // ---- build task 填充脚本数据到 settings.json ----
2023-4-14 18:16:41-debug: 填充脚本数据到 settings.json start13%
2023-4-14 18:16:41-debug: run build task 填充脚本数据到 settings.json success in 0 ms √13%
2023-4-14 18:16:41-debug: Process: heapTotal 219.53MB heapUsed 193.45MB rss 636.35MB
2023-4-14 18:16:41-debug: // ---- build task 填充场景数据到 settings.json ----
2023-4-14 18:16:41-debug: 填充场景数据到 settings.json start13%
2023-4-14 18:16:41-debug: // ---- build task 填充场景数据到 settings.json ---- (1ms)
2023-4-14 18:16:41-debug: // ---- build task 整理资源分组，生成 packedAssets 以及 rawAssets 数据 ----
2023-4-14 18:16:41-debug: 整理资源分组，生成 packedAssets 以及 rawAssets 数据 start14%
2023-4-14 18:16:41-debug: run build task 填充场景数据到 settings.json success in 1 ms √14%
2023-4-14 18:16:41-debug: Process: heapTotal 219.53MB heapUsed 193.47MB rss 636.35MB
2023-4-14 18:16:41-debug: // ---- build task 整理资源分组，生成 packedAssets 以及 rawAssets 数据 ---- (1ms)
2023-4-14 18:16:41-debug: run build task 整理资源分组，生成 packedAssets 以及 rawAssets 数据 success in 1 ms √14%
2023-4-14 18:16:41-debug: options.md5Cache is false.
2023-4-14 18:16:41-debug: // ---- build task 从 suffixMap 生成 md5AssetsMap 到 settings.json ----
2023-4-14 18:16:41-debug: Process: heapTotal 219.53MB heapUsed 193.50MB rss 636.35MB
2023-4-14 18:16:41-debug: 从 suffixMap 生成 md5AssetsMap 到 settings.json start14%
2023-4-14 18:16:41-debug: // ---- build task 从 suffixMap 生成 md5AssetsMap 到 settings.json ---- (1ms)
2023-4-14 18:16:41-debug: run build task 从 suffixMap 生成 md5AssetsMap 到 settings.json success in 1 ms √15%
2023-4-14 18:17:14-debug: Query all assets info in project
2023-4-14 18:17:14-debug: BuildAssetLibrary query-assets with assets 446
2023-4-14 18:17:14-debug: init custom config: keepNodeUuid: false, useCache: true
2023-4-14 18:17:14-debug: 查询 Asset Bundle start0%
2023-4-14 18:17:14-debug:   Number of all scenes: 2
2023-4-14 18:17:14-debug: Process: heapTotal 219.53MB heapUsed 197.54MB rss 636.33MB
2023-4-14 18:17:14-debug:   Number of other assets: 300
2023-4-14 18:17:14-debug:   Number of all scripts: 5
2023-4-14 18:17:14-debug: // ---- build task 查询 Asset Bundle ----
2023-4-14 18:17:14-debug: // ---- build task 查询 Asset Bundle ---- (7ms)
2023-4-14 18:17:14-debug: // ---- build task 查询使用的资源以及资源包配置 ----
2023-4-14 18:17:14-debug: run build task 查询 Asset Bundle success in 7 ms √3%
2023-4-14 18:17:14-debug: 查询使用的资源以及资源包配置 start3%
2023-4-14 18:17:14-debug: Process: heapTotal 204.53MB heapUsed 192.54MB rss 636.39MB
2023-4-14 18:17:14-debug: init bundle assets
2023-4-14 18:17:14-debug: Query preload assets from cc.config.json: 60f7195c-ec2a-45eb-ba94-8955f60e81d0,1c02ae6f-4492-4915-b8f8-7492a3b1e4cd,810e96e4-e456-4468-9b59-f4e8f39732c0,efe8e2a3-eace-427b-b4f1-cb8a937ec77d,e9aa9a3e-5b2b-4ac7-a2c7-073de2b2b24f,8bbdbcdd-5cd4-4100-b6d5-b7c9625b6107,50f4348b-c883-4e2f-8f11-ce233b859fa1,fda095cb-831d-4601-ad94-846013963de8,f92806d7-1768-443f-afe8-12bcde84d0f0,dd3a144d-ab7f-41f0-82b8-2e43a090d496,f0416e68-0200-4b77-a926-4f9d16e494da,ff9be190-20a4-4e48-b68c-76e3c7cff085,970b0598-bcb0-4714-91fb-2e81440dccd8,bcd64cc6-2dd9-43f6-abbe-66318d332032,d930590d-bb92-4cc8-8bd1-23cd027f9edf,a3cd009f-0ab0-420d-9278-b9fdab939bbc,9361fd90-ba52-4f84-aa93-6e878fd576ca,c27215d8-6835-4b68-bfbb-bdeac6100c04,b5d6115f-0370-4d7c-aad3-c194cc71cf98,871c3b6c-7379-419d-bda3-794b239ab90d
2023-4-14 18:17:14-debug: Number of scenes: 2
2023-4-14 18:17:14-debug: run build task 查询使用的资源以及资源包配置 success in 2 ms √7%
2023-4-14 18:17:14-debug: Process: heapTotal 204.53MB heapUsed 191.69MB rss 636.40MB
2023-4-14 18:17:14-debug: sort script group...
2023-4-14 18:17:14-debug: // ---- build task 整理脚本分组与脚本数据 ----
2023-4-14 18:17:14-debug: // ---- build task 查询使用的资源以及资源包配置 ---- (2ms)
2023-4-14 18:17:14-debug: 整理脚本分组与脚本数据 start7%
2023-4-14 18:17:14-debug: 初始化 settings.json 与 config.json start10%
2023-4-14 18:17:14-debug: // ---- build task 初始化 settings.json 与 config.json ----
2023-4-14 18:17:14-debug: run build task 整理脚本分组与脚本数据 success in 0 ms √10%
2023-4-14 18:17:14-debug: Process: heapTotal 204.53MB heapUsed 191.71MB rss 636.40MB
2023-4-14 18:17:14-debug: run build task 初始化 settings.json 与 config.json success in 0 ms √11%
2023-4-14 18:17:14-debug: builder.tasks.settings.macro start11%
2023-4-14 18:17:14-debug: // ---- build task builder.tasks.settings.macro ----
2023-4-14 18:17:14-debug: builder.tasks.settings.macro 字段未在编辑器多语言内定义
2023-4-14 18:17:14-debug: Process: heapTotal 204.53MB heapUsed 191.73MB rss 636.40MB
2023-4-14 18:17:14-debug: // ---- build task builder.tasks.settings.macro ---- (1ms)
2023-4-14 18:17:14-debug: Process: heapTotal 204.53MB heapUsed 191.76MB rss 636.41MB
2023-4-14 18:17:14-debug: 整理部分构建选项内数据到 settings.json start11%
2023-4-14 18:17:14-debug: // ---- build task 整理部分构建选项内数据到 settings.json ----
2023-4-14 18:17:14-debug: run build task builder.tasks.settings.macro success in 1 ms √11%
2023-4-14 18:17:14-debug: // ---- build task 整理部分构建选项内数据到 settings.json ---- (2ms)
2023-4-14 18:17:14-debug: Process: heapTotal 204.53MB heapUsed 191.82MB rss 636.41MB
2023-4-14 18:17:14-debug: run build task 整理部分构建选项内数据到 settings.json success in 2 ms √12%
2023-4-14 18:17:14-debug: // ---- build task custom joint texture layouts ----
2023-4-14 18:17:14-debug: custom joint texture layouts start12%
2023-4-14 18:17:14-debug: // ---- build task custom joint texture layouts ---- (1ms)
2023-4-14 18:17:14-debug: // ---- build task custom joint physics ----
2023-4-14 18:17:14-debug: custom joint physics start12%
2023-4-14 18:17:14-debug: Process: heapTotal 204.53MB heapUsed 191.84MB rss 636.42MB
2023-4-14 18:17:14-debug: run build task custom joint texture layouts success in 1 ms √12%
2023-4-14 18:17:14-debug: run build task custom joint physics success in 0 ms √13%
2023-4-14 18:17:14-debug: Process: heapTotal 204.53MB heapUsed 191.86MB rss 636.43MB
2023-4-14 18:17:14-debug: // ---- build task 填充脚本数据到 settings.json ----
2023-4-14 18:17:14-debug: 填充脚本数据到 settings.json start13%
2023-4-14 18:17:14-debug: run build task 填充脚本数据到 settings.json success in 0 ms √13%
2023-4-14 18:17:14-debug: Process: heapTotal 204.53MB heapUsed 191.92MB rss 636.44MB
2023-4-14 18:17:14-debug: // ---- build task 填充场景数据到 settings.json ----
2023-4-14 18:17:14-debug: 填充场景数据到 settings.json start13%
2023-4-14 18:17:14-debug: run build task 填充场景数据到 settings.json success in 0 ms √14%
2023-4-14 18:17:14-debug: Process: heapTotal 204.53MB heapUsed 191.94MB rss 636.45MB
2023-4-14 18:17:14-debug: // ---- build task 整理资源分组，生成 packedAssets 以及 rawAssets 数据 ----
2023-4-14 18:17:14-debug: 整理资源分组，生成 packedAssets 以及 rawAssets 数据 start14%
2023-4-14 18:17:14-debug: run build task 整理资源分组，生成 packedAssets 以及 rawAssets 数据 success in 0 ms √14%
2023-4-14 18:17:14-debug: // ---- build task 从 suffixMap 生成 md5AssetsMap 到 settings.json ----
2023-4-14 18:17:14-debug: Process: heapTotal 204.53MB heapUsed 191.97MB rss 636.45MB
2023-4-14 18:17:14-debug: 从 suffixMap 生成 md5AssetsMap 到 settings.json start14%
2023-4-14 18:17:14-debug: options.md5Cache is false.
2023-4-14 18:17:14-debug: // ---- build task 从 suffixMap 生成 md5AssetsMap 到 settings.json ---- (1ms)
2023-4-14 18:17:14-debug: run build task 从 suffixMap 生成 md5AssetsMap 到 settings.json success in 1 ms √15%
2023-4-14 18:17:43-debug: Query all assets info in project
2023-4-14 18:17:43-debug: BuildAssetLibrary query-assets with assets 446
2023-4-14 18:17:43-debug: init custom config: keepNodeUuid: false, useCache: true
2023-4-14 18:17:43-debug: 查询 Asset Bundle start0%
2023-4-14 18:17:43-debug: // ---- build task 查询 Asset Bundle ----
2023-4-14 18:17:43-debug:   Number of all scripts: 5
2023-4-14 18:17:43-debug:   Number of all scenes: 2
2023-4-14 18:17:43-debug: Process: heapTotal 204.53MB heapUsed 192.69MB rss 636.46MB
2023-4-14 18:17:43-debug:   Number of other assets: 300
2023-4-14 18:17:43-debug: // ---- build task 查询 Asset Bundle ---- (7ms)
2023-4-14 18:17:43-debug: Process: heapTotal 204.53MB heapUsed 192.71MB rss 636.46MB
2023-4-14 18:17:43-debug: run build task 查询 Asset Bundle success in 7 ms √3%
2023-4-14 18:17:43-debug: // ---- build task 查询使用的资源以及资源包配置 ----
2023-4-14 18:17:43-debug: 查询使用的资源以及资源包配置 start3%
2023-4-14 18:17:43-debug: init bundle assets
2023-4-14 18:17:43-debug: Query preload assets from cc.config.json: 60f7195c-ec2a-45eb-ba94-8955f60e81d0,1c02ae6f-4492-4915-b8f8-7492a3b1e4cd,810e96e4-e456-4468-9b59-f4e8f39732c0,efe8e2a3-eace-427b-b4f1-cb8a937ec77d,e9aa9a3e-5b2b-4ac7-a2c7-073de2b2b24f,8bbdbcdd-5cd4-4100-b6d5-b7c9625b6107,50f4348b-c883-4e2f-8f11-ce233b859fa1,fda095cb-831d-4601-ad94-846013963de8,f92806d7-1768-443f-afe8-12bcde84d0f0,dd3a144d-ab7f-41f0-82b8-2e43a090d496,f0416e68-0200-4b77-a926-4f9d16e494da,ff9be190-20a4-4e48-b68c-76e3c7cff085,970b0598-bcb0-4714-91fb-2e81440dccd8,bcd64cc6-2dd9-43f6-abbe-66318d332032,d930590d-bb92-4cc8-8bd1-23cd027f9edf,a3cd009f-0ab0-420d-9278-b9fdab939bbc,9361fd90-ba52-4f84-aa93-6e878fd576ca,c27215d8-6835-4b68-bfbb-bdeac6100c04,b5d6115f-0370-4d7c-aad3-c194cc71cf98,871c3b6c-7379-419d-bda3-794b239ab90d
2023-4-14 18:17:43-debug: Number of scenes: 2
2023-4-14 18:17:43-debug: // ---- build task 查询使用的资源以及资源包配置 ---- (2ms)
2023-4-14 18:17:43-debug: // ---- build task 整理脚本分组与脚本数据 ----
2023-4-14 18:17:43-debug: sort script group...
2023-4-14 18:17:43-debug: Process: heapTotal 204.53MB heapUsed 192.81MB rss 636.48MB
2023-4-14 18:17:43-debug: run build task 查询使用的资源以及资源包配置 success in 2 ms √7%
2023-4-14 18:17:43-debug: 整理脚本分组与脚本数据 start7%
2023-4-14 18:17:43-debug: run build task 整理脚本分组与脚本数据 success in 0 ms √10%
2023-4-14 18:17:43-debug: 初始化 settings.json 与 config.json start10%
2023-4-14 18:17:43-debug: // ---- build task 初始化 settings.json 与 config.json ----
2023-4-14 18:17:43-debug: Process: heapTotal 204.53MB heapUsed 192.84MB rss 636.48MB
2023-4-14 18:17:43-debug: run build task 初始化 settings.json 与 config.json success in 0 ms √11%
2023-4-14 18:17:43-debug: builder.tasks.settings.macro 字段未在编辑器多语言内定义
2023-4-14 18:17:43-debug: builder.tasks.settings.macro start11%
2023-4-14 18:17:43-debug: // ---- build task builder.tasks.settings.macro ----
2023-4-14 18:17:43-debug: Process: heapTotal 204.53MB heapUsed 192.86MB rss 636.48MB
2023-4-14 18:17:43-debug: // ---- build task builder.tasks.settings.macro ---- (2ms)
2023-4-14 18:17:43-debug: Process: heapTotal 204.53MB heapUsed 192.88MB rss 636.49MB
2023-4-14 18:17:43-debug: run build task builder.tasks.settings.macro success in 2 ms √11%
2023-4-14 18:17:43-debug: // ---- build task 整理部分构建选项内数据到 settings.json ----
2023-4-14 18:17:43-debug: 整理部分构建选项内数据到 settings.json start11%
2023-4-14 18:17:43-debug: // ---- build task 整理部分构建选项内数据到 settings.json ---- (2ms)
2023-4-14 18:17:43-debug: // ---- build task custom joint texture layouts ----
2023-4-14 18:17:43-debug: custom joint texture layouts start12%
2023-4-14 18:17:43-debug: run build task 整理部分构建选项内数据到 settings.json success in 2 ms √12%
2023-4-14 18:17:43-debug: Process: heapTotal 204.53MB heapUsed 192.94MB rss 636.49MB
2023-4-14 18:17:44-debug: run build task custom joint texture layouts success in 0 ms √12%
2023-4-14 18:17:44-debug: // ---- build task custom joint physics ----
2023-4-14 18:17:44-debug: Process: heapTotal 204.53MB heapUsed 192.97MB rss 636.50MB
2023-4-14 18:17:44-debug: custom joint physics start12%
2023-4-14 18:17:44-debug: run build task custom joint physics success in 0 ms √13%
2023-4-14 18:17:44-debug: Process: heapTotal 204.53MB heapUsed 192.98MB rss 636.50MB
2023-4-14 18:17:44-debug: // ---- build task 填充脚本数据到 settings.json ----
2023-4-14 18:17:44-debug: 填充脚本数据到 settings.json start13%
2023-4-14 18:17:44-debug: run build task 填充脚本数据到 settings.json success in 0 ms √13%
2023-4-14 18:17:44-debug: // ---- build task 填充场景数据到 settings.json ----
2023-4-14 18:17:44-debug: Process: heapTotal 204.53MB heapUsed 193.00MB rss 636.50MB
2023-4-14 18:17:44-debug: 填充场景数据到 settings.json start13%
2023-4-14 18:17:44-debug: // ---- build task 填充场景数据到 settings.json ---- (1ms)
2023-4-14 18:17:44-debug: run build task 填充场景数据到 settings.json success in 1 ms √14%
2023-4-14 18:17:44-debug: Process: heapTotal 204.53MB heapUsed 193.02MB rss 636.50MB
2023-4-14 18:17:44-debug: 整理资源分组，生成 packedAssets 以及 rawAssets 数据 start14%
2023-4-14 18:17:44-debug: // ---- build task 整理资源分组，生成 packedAssets 以及 rawAssets 数据 ----
2023-4-14 18:17:44-debug: // ---- build task 整理资源分组，生成 packedAssets 以及 rawAssets 数据 ---- (1ms)
2023-4-14 18:17:44-debug: // ---- build task 从 suffixMap 生成 md5AssetsMap 到 settings.json ----
2023-4-14 18:17:44-debug: Process: heapTotal 204.53MB heapUsed 193.05MB rss 636.51MB
2023-4-14 18:17:44-debug: run build task 整理资源分组，生成 packedAssets 以及 rawAssets 数据 success in 1 ms √14%
2023-4-14 18:17:44-debug: 从 suffixMap 生成 md5AssetsMap 到 settings.json start14%
2023-4-14 18:17:44-debug: options.md5Cache is false.
2023-4-14 18:17:44-debug: run build task 从 suffixMap 生成 md5AssetsMap 到 settings.json success in 0 ms √15%
2023-4-14 18:18:01-debug: Query all assets info in project
2023-4-14 18:18:01-debug: BuildAssetLibrary query-assets with assets 446
2023-4-14 18:18:01-debug:   Number of other assets: 300
2023-4-14 18:18:01-debug: 查询 Asset Bundle start0%
2023-4-14 18:18:01-debug:   Number of all scenes: 2
2023-4-14 18:18:01-debug: Process: heapTotal 204.53MB heapUsed 192.74MB rss 636.50MB
2023-4-14 18:18:01-debug: // ---- build task 查询 Asset Bundle ----
2023-4-14 18:18:01-debug:   Number of all scripts: 5
2023-4-14 18:18:01-debug: init custom config: keepNodeUuid: false, useCache: true
2023-4-14 18:18:01-debug: // ---- build task 查询 Asset Bundle ---- (7ms)
2023-4-14 18:18:01-debug: Process: heapTotal 204.53MB heapUsed 193.45MB rss 636.50MB
2023-4-14 18:18:01-debug: init bundle assets
2023-4-14 18:18:01-debug: 查询使用的资源以及资源包配置 start3%
2023-4-14 18:18:01-debug: run build task 查询 Asset Bundle success in 7 ms √3%
2023-4-14 18:18:01-debug: // ---- build task 查询使用的资源以及资源包配置 ----
2023-4-14 18:18:01-debug: Query preload assets from cc.config.json: 60f7195c-ec2a-45eb-ba94-8955f60e81d0,1c02ae6f-4492-4915-b8f8-7492a3b1e4cd,810e96e4-e456-4468-9b59-f4e8f39732c0,efe8e2a3-eace-427b-b4f1-cb8a937ec77d,e9aa9a3e-5b2b-4ac7-a2c7-073de2b2b24f,8bbdbcdd-5cd4-4100-b6d5-b7c9625b6107,50f4348b-c883-4e2f-8f11-ce233b859fa1,fda095cb-831d-4601-ad94-846013963de8,f92806d7-1768-443f-afe8-12bcde84d0f0,dd3a144d-ab7f-41f0-82b8-2e43a090d496,f0416e68-0200-4b77-a926-4f9d16e494da,ff9be190-20a4-4e48-b68c-76e3c7cff085,970b0598-bcb0-4714-91fb-2e81440dccd8,bcd64cc6-2dd9-43f6-abbe-66318d332032,d930590d-bb92-4cc8-8bd1-23cd027f9edf,a3cd009f-0ab0-420d-9278-b9fdab939bbc,9361fd90-ba52-4f84-aa93-6e878fd576ca,c27215d8-6835-4b68-bfbb-bdeac6100c04,b5d6115f-0370-4d7c-aad3-c194cc71cf98,871c3b6c-7379-419d-bda3-794b239ab90d
2023-4-14 18:18:01-debug: Number of scenes: 2
2023-4-14 18:18:01-debug: // ---- build task 查询使用的资源以及资源包配置 ---- (2ms)
2023-4-14 18:18:01-debug: 整理脚本分组与脚本数据 start7%
2023-4-14 18:18:01-debug: Process: heapTotal 204.53MB heapUsed 192.65MB rss 636.51MB
2023-4-14 18:18:01-debug: // ---- build task 整理脚本分组与脚本数据 ----
2023-4-14 18:18:01-debug: run build task 查询使用的资源以及资源包配置 success in 2 ms √7%
2023-4-14 18:18:01-debug: sort script group...
2023-4-14 18:18:01-debug: // ---- build task 整理脚本分组与脚本数据 ---- (1ms)
2023-4-14 18:18:01-debug: run build task 整理脚本分组与脚本数据 success in 1 ms √10%
2023-4-14 18:18:01-debug: 初始化 settings.json 与 config.json start10%
2023-4-14 18:18:01-debug: // ---- build task 初始化 settings.json 与 config.json ----
2023-4-14 18:18:01-debug: Process: heapTotal 204.53MB heapUsed 192.68MB rss 636.52MB
2023-4-14 18:18:01-debug: run build task 初始化 settings.json 与 config.json success in 0 ms √11%
2023-4-14 18:18:01-debug: builder.tasks.settings.macro start11%
2023-4-14 18:18:01-debug: // ---- build task builder.tasks.settings.macro ----
2023-4-14 18:18:01-debug: builder.tasks.settings.macro 字段未在编辑器多语言内定义
2023-4-14 18:18:01-debug: Process: heapTotal 204.53MB heapUsed 192.70MB rss 636.52MB
2023-4-14 18:18:01-debug: // ---- build task builder.tasks.settings.macro ---- (1ms)
2023-4-14 18:18:01-debug: run build task builder.tasks.settings.macro success in 1 ms √11%
2023-4-14 18:18:01-debug: 整理部分构建选项内数据到 settings.json start11%
2023-4-14 18:18:01-debug: // ---- build task 整理部分构建选项内数据到 settings.json ----
2023-4-14 18:18:01-debug: Process: heapTotal 204.53MB heapUsed 192.72MB rss 636.53MB
2023-4-14 18:18:01-debug: // ---- build task 整理部分构建选项内数据到 settings.json ---- (2ms)
2023-4-14 18:18:01-debug: run build task 整理部分构建选项内数据到 settings.json success in 2 ms √12%
2023-4-14 18:18:01-debug: custom joint texture layouts start12%
2023-4-14 18:18:01-debug: // ---- build task custom joint texture layouts ----
2023-4-14 18:18:01-debug: Process: heapTotal 204.53MB heapUsed 192.79MB rss 636.53MB
2023-4-14 18:18:01-debug: // ---- build task custom joint texture layouts ---- (1ms)
2023-4-14 18:18:01-debug: custom joint physics start12%
2023-4-14 18:18:01-debug: // ---- build task custom joint physics ----
2023-4-14 18:18:01-debug: run build task custom joint texture layouts success in 1 ms √12%
2023-4-14 18:18:01-debug: Process: heapTotal 204.53MB heapUsed 192.81MB rss 636.53MB
2023-4-14 18:18:01-debug: run build task custom joint physics success in 0 ms √13%
2023-4-14 18:18:01-debug: Process: heapTotal 204.53MB heapUsed 192.83MB rss 636.54MB
2023-4-14 18:18:01-debug: // ---- build task 填充脚本数据到 settings.json ----
2023-4-14 18:18:01-debug: 填充脚本数据到 settings.json start13%
2023-4-14 18:18:01-debug: // ---- build task 填充脚本数据到 settings.json ---- (1ms)
2023-4-14 18:18:01-debug: Process: heapTotal 204.53MB heapUsed 192.85MB rss 636.54MB
2023-4-14 18:18:01-debug: 填充场景数据到 settings.json start13%
2023-4-14 18:18:01-debug: // ---- build task 填充场景数据到 settings.json ----
2023-4-14 18:18:01-debug: run build task 填充脚本数据到 settings.json success in 1 ms √13%
2023-4-14 18:18:01-debug: run build task 填充场景数据到 settings.json success in 0 ms √14%
2023-4-14 18:18:01-debug: Process: heapTotal 204.53MB heapUsed 192.89MB rss 636.54MB
2023-4-14 18:18:01-debug: // ---- build task 整理资源分组，生成 packedAssets 以及 rawAssets 数据 ----
2023-4-14 18:18:01-debug: 整理资源分组，生成 packedAssets 以及 rawAssets 数据 start14%
2023-4-14 18:18:01-debug: // ---- build task 整理资源分组，生成 packedAssets 以及 rawAssets 数据 ---- (1ms)
2023-4-14 18:18:01-debug: // ---- build task 从 suffixMap 生成 md5AssetsMap 到 settings.json ----
2023-4-14 18:18:01-debug: options.md5Cache is false.
2023-4-14 18:18:01-debug: 从 suffixMap 生成 md5AssetsMap 到 settings.json start14%
2023-4-14 18:18:01-debug: Process: heapTotal 204.53MB heapUsed 192.92MB rss 636.54MB
2023-4-14 18:18:01-debug: run build task 整理资源分组，生成 packedAssets 以及 rawAssets 数据 success in 1 ms √14%
2023-4-14 18:18:01-debug: // ---- build task 从 suffixMap 生成 md5AssetsMap 到 settings.json ---- (1ms)
2023-4-14 18:18:01-debug: run build task 从 suffixMap 生成 md5AssetsMap 到 settings.json success in 1 ms √15%
2023-4-14 18:18:20-debug: refresh db internal success
2023-4-14 18:18:20-debug: asset-db:worker-effect-data-processing (220ms)
2023-4-14 18:18:20-debug: refresh db assets success
2023-4-14 18:18:20-debug: asset-db:refresh-all-database (268ms)
2023-4-14 18:18:26-debug: Query all assets info in project
2023-4-14 18:18:26-debug: BuildAssetLibrary query-assets with assets 446
2023-4-14 18:18:26-debug:   Number of other assets: 300
2023-4-14 18:18:26-debug: 查询 Asset Bundle start0%
2023-4-14 18:18:26-debug: // ---- build task 查询 Asset Bundle ----
2023-4-14 18:18:26-debug: Process: heapTotal 219.30MB heapUsed 196.87MB rss 635.57MB
2023-4-14 18:18:26-debug:   Number of all scenes: 2
2023-4-14 18:18:26-debug:   Number of all scripts: 5
2023-4-14 18:18:26-debug: init custom config: keepNodeUuid: false, useCache: true
2023-4-14 18:18:26-debug: // ---- build task 查询 Asset Bundle ---- (6ms)
2023-4-14 18:18:26-debug: run build task 查询 Asset Bundle success in 6 ms √3%
2023-4-14 18:18:26-debug: 查询使用的资源以及资源包配置 start3%
2023-4-14 18:18:26-debug: init bundle assets
2023-4-14 18:18:26-debug: Process: heapTotal 204.69MB heapUsed 190.07MB rss 635.58MB
2023-4-14 18:18:26-debug: // ---- build task 查询使用的资源以及资源包配置 ----
2023-4-14 18:18:26-debug: Query preload assets from cc.config.json: 60f7195c-ec2a-45eb-ba94-8955f60e81d0,1c02ae6f-4492-4915-b8f8-7492a3b1e4cd,810e96e4-e456-4468-9b59-f4e8f39732c0,efe8e2a3-eace-427b-b4f1-cb8a937ec77d,e9aa9a3e-5b2b-4ac7-a2c7-073de2b2b24f,8bbdbcdd-5cd4-4100-b6d5-b7c9625b6107,50f4348b-c883-4e2f-8f11-ce233b859fa1,fda095cb-831d-4601-ad94-846013963de8,f92806d7-1768-443f-afe8-12bcde84d0f0,dd3a144d-ab7f-41f0-82b8-2e43a090d496,f0416e68-0200-4b77-a926-4f9d16e494da,ff9be190-20a4-4e48-b68c-76e3c7cff085,970b0598-bcb0-4714-91fb-2e81440dccd8,bcd64cc6-2dd9-43f6-abbe-66318d332032,d930590d-bb92-4cc8-8bd1-23cd027f9edf,a3cd009f-0ab0-420d-9278-b9fdab939bbc,9361fd90-ba52-4f84-aa93-6e878fd576ca,c27215d8-6835-4b68-bfbb-bdeac6100c04,b5d6115f-0370-4d7c-aad3-c194cc71cf98,871c3b6c-7379-419d-bda3-794b239ab90d
2023-4-14 18:18:26-debug: Number of scenes: 2
2023-4-14 18:18:26-debug: // ---- build task 查询使用的资源以及资源包配置 ---- (3ms)
2023-4-14 18:18:26-debug: // ---- build task 整理脚本分组与脚本数据 ----
2023-4-14 18:18:26-debug: sort script group...
2023-4-14 18:18:26-debug: 整理脚本分组与脚本数据 start7%
2023-4-14 18:18:26-debug: Process: heapTotal 204.69MB heapUsed 190.20MB rss 635.58MB
2023-4-14 18:18:26-debug: run build task 查询使用的资源以及资源包配置 success in 3 ms √7%
2023-4-14 18:18:26-debug: run build task 整理脚本分组与脚本数据 success in 0 ms √10%
2023-4-14 18:18:26-debug: // ---- build task 初始化 settings.json 与 config.json ----
2023-4-14 18:18:26-debug: 初始化 settings.json 与 config.json start10%
2023-4-14 18:18:26-debug: Process: heapTotal 204.69MB heapUsed 190.22MB rss 635.59MB
2023-4-14 18:18:26-debug: run build task 初始化 settings.json 与 config.json success in 0 ms √11%
2023-4-14 18:18:26-debug: builder.tasks.settings.macro start11%
2023-4-14 18:18:26-debug: // ---- build task builder.tasks.settings.macro ----
2023-4-14 18:18:26-debug: builder.tasks.settings.macro 字段未在编辑器多语言内定义
2023-4-14 18:18:26-debug: Process: heapTotal 204.69MB heapUsed 190.24MB rss 635.59MB
2023-4-14 18:18:26-debug: // ---- build task builder.tasks.settings.macro ---- (1ms)
2023-4-14 18:18:26-debug: Process: heapTotal 204.69MB heapUsed 190.27MB rss 635.59MB
2023-4-14 18:18:26-debug: 整理部分构建选项内数据到 settings.json start11%
2023-4-14 18:18:26-debug: // ---- build task 整理部分构建选项内数据到 settings.json ----
2023-4-14 18:18:26-debug: run build task builder.tasks.settings.macro success in 1 ms √11%
2023-4-14 18:18:26-debug: // ---- build task 整理部分构建选项内数据到 settings.json ---- (2ms)
2023-4-14 18:18:26-debug: Process: heapTotal 204.69MB heapUsed 190.33MB rss 635.59MB
2023-4-14 18:18:26-debug: run build task 整理部分构建选项内数据到 settings.json success in 2 ms √12%
2023-4-14 18:18:26-debug: // ---- build task custom joint texture layouts ----
2023-4-14 18:18:26-debug: custom joint texture layouts start12%
2023-4-14 18:18:26-debug: // ---- build task custom joint texture layouts ---- (1ms)
2023-4-14 18:18:26-debug: // ---- build task custom joint physics ----
2023-4-14 18:18:26-debug: custom joint physics start12%
2023-4-14 18:18:26-debug: Process: heapTotal 204.69MB heapUsed 190.35MB rss 635.60MB
2023-4-14 18:18:26-debug: run build task custom joint texture layouts success in 1 ms √12%
2023-4-14 18:18:26-debug: run build task custom joint physics success in 0 ms √13%
2023-4-14 18:18:26-debug: 填充脚本数据到 settings.json start13%
2023-4-14 18:18:26-debug: // ---- build task 填充脚本数据到 settings.json ----
2023-4-14 18:18:26-debug: Process: heapTotal 204.69MB heapUsed 190.37MB rss 635.61MB
2023-4-14 18:18:26-debug: // ---- build task 填充脚本数据到 settings.json ---- (1ms)
2023-4-14 18:18:26-debug: Process: heapTotal 204.69MB heapUsed 190.39MB rss 635.62MB
2023-4-14 18:18:26-debug: 填充场景数据到 settings.json start13%
2023-4-14 18:18:26-debug: // ---- build task 填充场景数据到 settings.json ----
2023-4-14 18:18:26-debug: run build task 填充脚本数据到 settings.json success in 1 ms √13%
2023-4-14 18:18:26-debug: // ---- build task 填充场景数据到 settings.json ---- (1ms)
2023-4-14 18:18:26-debug: run build task 填充场景数据到 settings.json success in 1 ms √14%
2023-4-14 18:18:26-debug: 整理资源分组，生成 packedAssets 以及 rawAssets 数据 start14%
2023-4-14 18:18:26-debug: // ---- build task 整理资源分组，生成 packedAssets 以及 rawAssets 数据 ----
2023-4-14 18:18:26-debug: Process: heapTotal 204.69MB heapUsed 190.42MB rss 635.63MB
2023-4-14 18:18:26-debug: // ---- build task 整理资源分组，生成 packedAssets 以及 rawAssets 数据 ---- (1ms)
2023-4-14 18:18:26-debug: 从 suffixMap 生成 md5AssetsMap 到 settings.json start14%
2023-4-14 18:18:26-debug: options.md5Cache is false.
2023-4-14 18:18:26-debug: run build task 整理资源分组，生成 packedAssets 以及 rawAssets 数据 success in 1 ms √14%
2023-4-14 18:18:26-debug: Process: heapTotal 204.69MB heapUsed 190.45MB rss 635.63MB
2023-4-14 18:18:26-debug: // ---- build task 从 suffixMap 生成 md5AssetsMap 到 settings.json ----
2023-4-14 18:18:26-debug: run build task 从 suffixMap 生成 md5AssetsMap 到 settings.json success in 0 ms √15%
2023-4-14 18:19:36-debug: refresh db internal success
2023-4-14 18:19:36-debug: asset-db:worker-effect-data-processing (143ms)
2023-4-14 18:19:36-debug: %cImport%c: /Users/cce/Desktop/work/DIAO-game/NewProject/assets/Script/main/bgTransForm.tsbackground: #aaff85; color: #000;color: #000;
2023-4-14 18:19:36-debug: refresh db assets success
2023-4-14 18:19:36-debug: asset-db:refresh-all-database (193ms)
2023-4-14 18:19:37-debug: Query all assets info in project
2023-4-14 18:19:37-debug: BuildAssetLibrary query-assets with assets 446
2023-4-14 18:19:37-debug:   Number of all scenes: 2
2023-4-14 18:19:37-debug: 查询 Asset Bundle start0%
2023-4-14 18:19:37-debug: // ---- build task 查询 Asset Bundle ----
2023-4-14 18:19:37-debug:   Number of other assets: 300
2023-4-14 18:19:37-debug:   Number of all scripts: 5
2023-4-14 18:19:37-debug: Process: heapTotal 217.09MB heapUsed 188.52MB rss 636.34MB
2023-4-14 18:19:37-debug: init custom config: keepNodeUuid: false, useCache: true
2023-4-14 18:19:37-debug: // ---- build task 查询 Asset Bundle ---- (6ms)
2023-4-14 18:19:37-debug: Process: heapTotal 217.09MB heapUsed 189.96MB rss 636.34MB
2023-4-14 18:19:37-debug: run build task 查询 Asset Bundle success in 6 ms √3%
2023-4-14 18:19:37-debug: 查询使用的资源以及资源包配置 start3%
2023-4-14 18:19:37-debug: // ---- build task 查询使用的资源以及资源包配置 ----
2023-4-14 18:19:37-debug: init bundle assets
2023-4-14 18:19:37-debug: Query preload assets from cc.config.json: 60f7195c-ec2a-45eb-ba94-8955f60e81d0,1c02ae6f-4492-4915-b8f8-7492a3b1e4cd,810e96e4-e456-4468-9b59-f4e8f39732c0,efe8e2a3-eace-427b-b4f1-cb8a937ec77d,e9aa9a3e-5b2b-4ac7-a2c7-073de2b2b24f,8bbdbcdd-5cd4-4100-b6d5-b7c9625b6107,50f4348b-c883-4e2f-8f11-ce233b859fa1,fda095cb-831d-4601-ad94-846013963de8,f92806d7-1768-443f-afe8-12bcde84d0f0,dd3a144d-ab7f-41f0-82b8-2e43a090d496,f0416e68-0200-4b77-a926-4f9d16e494da,ff9be190-20a4-4e48-b68c-76e3c7cff085,970b0598-bcb0-4714-91fb-2e81440dccd8,bcd64cc6-2dd9-43f6-abbe-66318d332032,d930590d-bb92-4cc8-8bd1-23cd027f9edf,a3cd009f-0ab0-420d-9278-b9fdab939bbc,9361fd90-ba52-4f84-aa93-6e878fd576ca,c27215d8-6835-4b68-bfbb-bdeac6100c04,b5d6115f-0370-4d7c-aad3-c194cc71cf98,871c3b6c-7379-419d-bda3-794b239ab90d
2023-4-14 18:19:37-debug: Number of scenes: 2
2023-4-14 18:19:37-debug: run build task 查询使用的资源以及资源包配置 success in 2 ms √7%
2023-4-14 18:19:37-debug: Process: heapTotal 217.09MB heapUsed 190.09MB rss 636.35MB
2023-4-14 18:19:37-debug: sort script group...
2023-4-14 18:19:37-debug: // ---- build task 查询使用的资源以及资源包配置 ---- (2ms)
2023-4-14 18:19:37-debug: // ---- build task 整理脚本分组与脚本数据 ----
2023-4-14 18:19:37-debug: 整理脚本分组与脚本数据 start7%
2023-4-14 18:19:37-debug: run build task 整理脚本分组与脚本数据 success in 0 ms √10%
2023-4-14 18:19:37-debug: 初始化 settings.json 与 config.json start10%
2023-4-14 18:19:37-debug: // ---- build task 初始化 settings.json 与 config.json ----
2023-4-14 18:19:37-debug: Process: heapTotal 217.09MB heapUsed 190.11MB rss 636.36MB
2023-4-14 18:19:37-debug: run build task 初始化 settings.json 与 config.json success in 0 ms √11%
2023-4-14 18:19:37-debug: // ---- build task builder.tasks.settings.macro ----
2023-4-14 18:19:37-debug: builder.tasks.settings.macro 字段未在编辑器多语言内定义
2023-4-14 18:19:37-debug: builder.tasks.settings.macro start11%
2023-4-14 18:19:37-debug: Process: heapTotal 217.09MB heapUsed 190.14MB rss 636.36MB
2023-4-14 18:19:37-debug: // ---- build task builder.tasks.settings.macro ---- (2ms)
2023-4-14 18:19:37-debug: // ---- build task 整理部分构建选项内数据到 settings.json ----
2023-4-14 18:19:37-debug: 整理部分构建选项内数据到 settings.json start11%
2023-4-14 18:19:37-debug: run build task builder.tasks.settings.macro success in 2 ms √11%
2023-4-14 18:19:37-debug: Process: heapTotal 217.09MB heapUsed 190.16MB rss 636.36MB
2023-4-14 18:19:37-debug: // ---- build task 整理部分构建选项内数据到 settings.json ---- (2ms)
2023-4-14 18:19:37-debug: run build task 整理部分构建选项内数据到 settings.json success in 2 ms √12%
2023-4-14 18:19:37-debug: custom joint texture layouts start12%
2023-4-14 18:19:37-debug: // ---- build task custom joint texture layouts ----
2023-4-14 18:19:37-debug: Process: heapTotal 217.09MB heapUsed 190.22MB rss 636.37MB
2023-4-14 18:19:37-debug: // ---- build task custom joint texture layouts ---- (1ms)
2023-4-14 18:19:37-debug: Process: heapTotal 217.09MB heapUsed 190.24MB rss 636.37MB
2023-4-14 18:19:37-debug: custom joint physics start12%
2023-4-14 18:19:37-debug: // ---- build task custom joint physics ----
2023-4-14 18:19:37-debug: run build task custom joint texture layouts success in 1 ms √12%
2023-4-14 18:19:37-debug: // ---- build task custom joint physics ---- (1ms)
2023-4-14 18:19:37-debug: run build task custom joint physics success in 1 ms √13%
2023-4-14 18:19:37-debug: 填充脚本数据到 settings.json start13%
2023-4-14 18:19:37-debug: // ---- build task 填充脚本数据到 settings.json ----
2023-4-14 18:19:37-debug: Process: heapTotal 217.09MB heapUsed 190.27MB rss 636.37MB
2023-4-14 18:19:37-debug: run build task 填充脚本数据到 settings.json success in 0 ms √13%
2023-4-14 18:19:37-debug: 填充场景数据到 settings.json start13%
2023-4-14 18:19:37-debug: // ---- build task 填充场景数据到 settings.json ----
2023-4-14 18:19:37-debug: Process: heapTotal 217.09MB heapUsed 190.28MB rss 636.38MB
2023-4-14 18:19:37-debug: run build task 填充场景数据到 settings.json success in 0 ms √14%
2023-4-14 18:19:37-debug: 整理资源分组，生成 packedAssets 以及 rawAssets 数据 start14%
2023-4-14 18:19:37-debug: // ---- build task 整理资源分组，生成 packedAssets 以及 rawAssets 数据 ----
2023-4-14 18:19:37-debug: Process: heapTotal 217.09MB heapUsed 190.30MB rss 636.38MB
2023-4-14 18:19:37-debug: run build task 整理资源分组，生成 packedAssets 以及 rawAssets 数据 success in 0 ms √14%
2023-4-14 18:19:37-debug: Process: heapTotal 217.09MB heapUsed 190.33MB rss 636.39MB
2023-4-14 18:19:37-debug: // ---- build task 从 suffixMap 生成 md5AssetsMap 到 settings.json ----
2023-4-14 18:19:37-debug: options.md5Cache is false.
2023-4-14 18:19:37-debug: 从 suffixMap 生成 md5AssetsMap 到 settings.json start14%
2023-4-14 18:19:37-debug: run build task 从 suffixMap 生成 md5AssetsMap 到 settings.json success in 0 ms √15%
2023-4-14 18:29:12-debug: refresh db internal success
2023-4-14 18:29:12-debug: asset-db:worker-effect-data-processing (200ms)
2023-4-14 18:29:12-debug: refresh db assets success
2023-4-14 18:29:12-debug: asset-db:refresh-all-database (252ms)
2023-4-14 18:29:39-debug: refresh db internal success
2023-4-14 18:29:39-debug: asset-db:worker-effect-data-processing (213ms)
2023-4-14 18:29:39-debug: refresh db assets success
2023-4-14 18:29:39-debug: asset-db:refresh-all-database (254ms)
